<?xml version="1.0" encoding="UTF-8"?>
<testsuites name="Test Suite-Borrower Submit Loan Application (Copy Referral URL)" time="312" tests="0" failures="1" errors="0">
   <testsuite name="Test Suite-Borrower Submit Loan Application (Copy Referral URL)" tests="0" failures="1" errors="0" time="312" timestamp="2018-08-01 16:44:49" hostname="KalyaniK - KALYANIK.talentica-all.com" id="Test Suites/Test Suite-Borrower Submit Loan Application (Copy Referral URL)">
      <properties>
         <property name="deviceName" value=""/>
         <property name="devicePlatform" value=""/>
         <property name="logFolder" value="D:\\1_Roostify\\Automation\\Roo_Core\\Reports\\Test Suite-Borrower Submit Loan Application (Copy Referral URL)\\20180801_164448"/>
         <property name="logFiles" value="D:\\1_Roostify\\Automation\\Roo_Core\\Reports\\Test Suite-Borrower Submit Loan Application (Copy Referral URL)\\20180801_164448\\execution0.log"/>
         <property name="attachments" value="D:\\1_Roostify\\Automation\\Roo_Core\\Reports\\Test Suite-Borrower Submit Loan Application (Copy Referral URL)\\20180801_164448\\1533122160095.png, D:\\copylinkscreenshot1.png, D:\\1_Roostify\\Automation\\Roo_Core\\Reports\\Test Suite-Borrower Submit Loan Application (Copy Referral URL)\\20180801_164448\\1533122160959.png, D:\\1_Roostify\\Automation\\Roo_Core\\Reports\\Test Suite-Borrower Submit Loan Application (Copy Referral URL)\\20180801_164448\\1533122237432.png, D:\\1_Roostify\\Automation\\Roo_Core\\Reports\\Test Suite-Borrower Submit Loan Application (Copy Referral URL)\\20180801_164448\\1533122268731.png, D:\\1_Roostify\\Automation\\Roo_Core\\Reports\\Test Suite-Borrower Submit Loan Application (Copy Referral URL)\\20180801_164448\\1533122300004.png, D:\\1_Roostify\\Automation\\Roo_Core\\Reports\\Test Suite-Borrower Submit Loan Application (Copy Referral URL)\\20180801_164448\\1533122331360.png"/>
         <property name="hostName" value="KalyaniK - KALYANIK.talentica-all.com"/>
         <property name="os" value="Windows 7 64bit"/>
         <property name="katalonVersion" value="5.4.1.1"/>
         <property name="browser" value="Chrome 67.0.3396.99"/>
         <property name="hostAddress" value="172.19.19.84"/>
         <property name="sessionId" value="9317ea186598a28adeb4a80ff8d65e24"/>
         <property name="seleniumVersion" value="3.7.1"/>
         <property name="proxyInformation" value="ProxyInformation{proxyOption=NO_PROXY, proxyServerType=HTTP, password=, proxyServerAddress=, proxyServerPort=0}"/>
         <property name="platform" value="Windows 7"/>
      </properties>
      <testcase name="Test Cases/Loan Submission/Borrower Submit Loan Application (Copy Referral URL)" classname="Test Cases/Loan Submission/Borrower Submit Loan Application (Copy Referral URL)" status="FAILED">
         <failure type="FAILED" message="Unable to select option by value '001' of object 'Object Repository/Loan Pages/Loan Details/select_Country_Targetmarket'  using regular expression (Root cause: No option matched.)"/>
         <system-out><![CDATA[2018-08-01 16:44:50 - [TEST_CASE][FAILED] - Test Cases/Loan Submission/Borrower Submit Loan Application (Copy Referral URL): Test Cases/Loan Submission/Borrower Submit Loan Application (Copy Referral URL) FAILED because (of) Unable to select option by value '001' of object 'Object Repository/Loan Pages/Loan Details/select_Country_Targetmarket'  using regular expression (Root cause: No option matched.)

2018-08-01 16:44:50 - [TEST_STEP][PASSED] - Start listener action : sampleBeforeTestCase: Invoke 'com.kms.katalon.core.annotation.BeforeTestCase' method: 'TestListeners.sampleBeforeTestCase(...)' completed.

2018-08-01 16:44:50 - [TEST_STEP][PASSED] - Statement - println(testCaseContext.getTestCaseId()): null

2018-08-01 16:44:50 - [TEST_STEP][PASSED] - Statement - println(testCaseContext.getTestCaseVariables()): Invoke 'com.kms.katalon.core.annotation.BeforeTestCase' method: 'TestListeners.sampleBeforeTestCase(...)' completed.

2018-08-01 16:44:50 - [TEST_STEP][PASSED] - callTestCase: Call Test Case 'Test Cases/Admin Dashboard/Verify Admin is able to Copy Referral Link' successfully

2018-08-01 16:44:51 - [TEST_CASE][PASSED] - Test Cases/Admin Dashboard/Verify Admin is able to Copy Referral Link: Test Cases/Admin Dashboard/Verify Admin is able to Copy Referral Link

2018-08-01 16:44:51 - [TEST_STEP][PASSED] - com.common.util.LoginHelper.LoginWithAdmin: com.common.util.LoginHelper.LoginWithAdmin is PASSED

2018-08-01 16:45:45 - [MESSAGE][PASSED] - Browser is opened with url: 'https://roostify-blueprint-dev.herokuapp.com/users/sign_in?a=blueprintdev'

2018-08-01 16:45:45 - [MESSAGE][PASSED] - Current window maximized

2018-08-01 16:45:45 - [MESSAGE][PASSED] - Wait for page load successfully

2018-08-01 16:45:45 - [MESSAGE][PASSED] - Text 'kkachhi+admin@roostify.com' is set on object 'Object Repository/Common/Sign In/input_useremail'

2018-08-01 16:45:45 - [MESSAGE][PASSED] - Text 'Kal@3333' is set on object 'Object Repository/Common/Sign In/input_userpassword'

2018-08-01 16:45:45 - [MESSAGE][PASSED] - Object: 'Object Repository/Common/Sign In/button_Sign in' is clicked on

2018-08-01 16:46:00 - [MESSAGE][WARNING] - com.kms.katalon.core.webui.exception.WebElementNotFoundException: Web element with id: 'Object Repository/Common/Sign In/div_Login_Popup' located by 'By.xpath: //div[@id = 'tutorial-borrower' and (text() = concat('

Application portal tutorial overlay





✕

Now, for some homework!



This space provides a secure way to:

  Complete critical tasks, like signing and providing documents
  Get updates about your loan’s progress
  
Communicate with your mortgage team and other folks you invite to participate


Together with your team, you’ll be moving your loan closer to the finish line.
Don’t worry, you’ll be notified by email of activity while you’re away.





Next







✕

Add Your Documents Online




The Tasks tab tells you what information or action we still need from you.
This is where you' , "'" , 'll provide the documents we need to process your loan, and sign important documents from us.


Click on a task to get started, and follow the directions to upload your documents.





Next







✕

Stay Up-to-Date




As your loan progresses through the key stages, you' , "'" , 'll see the latest activity posted in your Stream.


You can comment on activities, post a question or add another person like your Realtor to the transaction.
To add people, just click Invite a Collaborator.





Next







✕

We' , "'" , 're Here to Help




Your mortgage team can help answer questions you have along the way.
Use the Stream and the Chat to get in touch with us at any time.
We' , "'" , 're looking forward to working with you!





Done





') or . = concat('

Application portal tutorial overlay





✕

Now, for some homework!



This space provides a secure way to:

  Complete critical tasks, like signing and providing documents
  Get updates about your loan’s progress
  
Communicate with your mortgage team and other folks you invite to participate


Together with your team, you’ll be moving your loan closer to the finish line.
Don’t worry, you’ll be notified by email of activity while you’re away.





Next







✕

Add Your Documents Online




The Tasks tab tells you what information or action we still need from you.
This is where you' , "'" , 'll provide the documents we need to process your loan, and sign important documents from us.


Click on a task to get started, and follow the directions to upload your documents.





Next







✕

Stay Up-to-Date




As your loan progresses through the key stages, you' , "'" , 'll see the latest activity posted in your Stream.


You can comment on activities, post a question or add another person like your Realtor to the transaction.
To add people, just click Invite a Collaborator.





Next







✕

We' , "'" , 're Here to Help




Your mortgage team can help answer questions you have along the way.
Use the Stream and the Chat to get in touch with us at any time.
We' , "'" , 're looking forward to working with you!





Done





'))]' not found
[[ATTACHMENT|D:\\1_Roostify\\Automation\\Roo_Core\\Reports\\Test Suite-Borrower Submit Loan Application (Copy Referral URL)\\20180801_164448\\1533122160095.png]]

2018-08-01 16:46:00 - [MESSAGE][PASSED] - Object 'Object Repository/Common/Sign In/text_Dashboard Name' is present

2018-08-01 16:46:00 - [MESSAGE][PASSED] - Object 'Object Repository/Common/Sign In/text_Dashboard Name' is present

2018-08-01 16:46:00 - [MESSAGE][PASSED] - com.common.util.LoginHelper.LoginWithAdmin is PASSED

2018-08-01 16:46:00 - [TEST_STEP][PASSED] - click: Object: 'Object Repository/Admin Dashboard/Copy Referral Link/tab_Copy Referral Link' is clicked on

2018-08-01 16:46:00 - [MESSAGE][PASSED] - Object: 'Object Repository/Admin Dashboard/Copy Referral Link/tab_Copy Referral Link' is clicked on

2018-08-01 16:46:00 - [TEST_STEP][PASSED] - takeScreenshot: Taking screenshot successfully

2018-08-01 16:46:00 - [MESSAGE][PASSED] - Taking screenshot successfully
[[ATTACHMENT|D:\\copylinkscreenshot1.png]]

2018-08-01 16:46:00 - [TEST_STEP][PASSED] - Statement - url = com.kms.katalon.core.webui.keyword.WebUiBuiltInKeywords.getAttribute(com.kms.katalon.core.testobject.ObjectRepository.findTestObject(Admin Dashboard/Copy Referral Link/copy_Referral_url), "Value"): Attribute 'Value' of object 'Object Repository/Admin Dashboard/Copy Referral Link/copy_Referral_url' is: 'http://roostify-blueprint-dev.herokuapp.com/l/kkachhiadmin/blueprintdev'

2018-08-01 16:46:00 - [MESSAGE][PASSED] - Attribute 'Value' of object 'Object Repository/Admin Dashboard/Copy Referral Link/copy_Referral_url' is: 'http://roostify-blueprint-dev.herokuapp.com/l/kkachhiadmin/blueprintdev'

2018-08-01 16:46:00 - [TEST_STEP][PASSED] - Statement - out.println(url): null

2018-08-01 16:46:00 - [TEST_STEP][PASSED] - takeScreenshot: Taking screenshot successfully

2018-08-01 16:46:01 - [MESSAGE][PASSED] - Taking screenshot successfully
[[ATTACHMENT|D:\\1_Roostify\\Automation\\Roo_Core\\Reports\\Test Suite-Borrower Submit Loan Application (Copy Referral URL)\\20180801_164448\\1533122160959.png]]

2018-08-01 16:46:01 - [TEST_STEP][PASSED] - waitForElementClickable: Object 'Object Repository/Admin Dashboard/Copy Referral Link/button_Close' is clickable

2018-08-01 16:46:01 - [MESSAGE][PASSED] - Object 'Object Repository/Admin Dashboard/Copy Referral Link/button_Close' is clickable

2018-08-01 16:46:01 - [TEST_STEP][PASSED] - click: Object: 'Object Repository/Admin Dashboard/Copy Referral Link/button_Close' is clicked on

2018-08-01 16:46:01 - [MESSAGE][PASSED] - Object: 'Object Repository/Admin Dashboard/Copy Referral Link/button_Close' is clicked on

2018-08-01 16:46:01 - [TEST_STEP][PASSED] - com.common.util.refreshBrowser.refreshPage: Refresh successfully

2018-08-01 16:46:15 - [MESSAGE][PASSED] - Refresh successfully

2018-08-01 16:46:15 - [TEST_STEP][PASSED] - callTestCase: Call Test Case 'Test Cases/Common/Sign Out' successfully

2018-08-01 16:46:15 - [TEST_CASE][PASSED] - Test Cases/Common/Sign Out: Test Cases/Common/Sign Out

2018-08-01 16:46:15 - [TEST_STEP][PASSED] - waitForElementClickable: Object 'Object Repository/Admin Settings/Admin settings dropdown/Top_User name' is clickable

2018-08-01 16:46:15 - [MESSAGE][PASSED] - Object 'Object Repository/Admin Settings/Admin settings dropdown/Top_User name' is clickable

2018-08-01 16:46:15 - [TEST_STEP][PASSED] - click: Object: 'Object Repository/Admin Settings/Admin settings dropdown/Top_User name' is clicked on

2018-08-01 16:46:15 - [MESSAGE][PASSED] - Object: 'Object Repository/Admin Settings/Admin settings dropdown/Top_User name' is clicked on

2018-08-01 16:46:15 - [TEST_STEP][PASSED] - click: Object: 'Object Repository/Common/Sign Out/a_Sign Out' is clicked on

2018-08-01 16:46:23 - [MESSAGE][PASSED] - Object: 'Object Repository/Common/Sign Out/a_Sign Out' is clicked on

2018-08-01 16:46:23 - [MESSAGE][PASSED] - Call Test Case 'Test Cases/Common/Sign Out' successfully

2018-08-01 16:46:23 - [TEST_STEP][PASSED] - navigateToUrl: Navigate to 'http://roostify-blueprint-dev.herokuapp.com/l/kkachhiadmin/blueprintdev' successfully

2018-08-01 16:46:30 - [MESSAGE][PASSED] - Navigate to 'http://roostify-blueprint-dev.herokuapp.com/l/kkachhiadmin/blueprintdev' successfully

2018-08-01 16:46:30 - [TEST_STEP][PASSED] - waitForPageLoad: Wait for page load successfully

2018-08-01 16:46:30 - [MESSAGE][PASSED] - Wait for page load successfully

2018-08-01 16:46:30 - [MESSAGE][PASSED] - Call Test Case 'Test Cases/Admin Dashboard/Verify Admin is able to Copy Referral Link' successfully

2018-08-01 16:46:30 - [TEST_STEP][PASSED] - callTestCase: Call Test Case 'Test Cases/Common/Sign Up' successfully

2018-08-01 16:46:30 - [TEST_CASE][PASSED] - Test Cases/Common/Sign Up: Test Cases/Common/Sign Up

2018-08-01 16:46:30 - [TEST_STEP][PASSED] - waitForPageLoad: Wait for page load successfully

2018-08-01 16:46:30 - [MESSAGE][PASSED] - Wait for page load successfully

2018-08-01 16:46:30 - [TEST_STEP][PASSED] - setText: Text 'Kaly20' is set on object 'Object Repository/Common/Sign Up/input_userfirst_name'

2018-08-01 16:46:30 - [MESSAGE][PASSED] - Text 'Kaly20' is set on object 'Object Repository/Common/Sign Up/input_userfirst_name'

2018-08-01 16:46:30 - [TEST_STEP][PASSED] - setText: Text 'Kachhi' is set on object 'Object Repository/Common/Sign Up/input_userlast_name'

2018-08-01 16:46:30 - [MESSAGE][PASSED] - Text 'Kachhi' is set on object 'Object Repository/Common/Sign Up/input_userlast_name'

2018-08-01 16:46:30 - [TEST_STEP][PASSED] - setText: Text 'kkachhi+test20@roostify.com' is set on object 'Object Repository/Common/Sign Up/input_User email'

2018-08-01 16:46:31 - [MESSAGE][PASSED] - Text 'kkachhi+test20@roostify.com' is set on object 'Object Repository/Common/Sign Up/input_User email'

2018-08-01 16:46:31 - [TEST_STEP][PASSED] - setText: Text 'Kal@3333' is set on object 'Object Repository/Common/Sign Up/input_userpassword'

2018-08-01 16:46:31 - [MESSAGE][PASSED] - Text 'Kal@3333' is set on object 'Object Repository/Common/Sign Up/input_userpassword'

2018-08-01 16:46:31 - [TEST_STEP][PASSED] - click: Object: 'Object Repository/Common/Sign Up/input_TermsnConditions_check' is clicked on

2018-08-01 16:46:31 - [MESSAGE][PASSED] - Object: 'Object Repository/Common/Sign Up/input_TermsnConditions_check' is clicked on

2018-08-01 16:46:31 - [TEST_STEP][PASSED] - click: Object: 'Object Repository/Common/Sign Up/button_Start Application' is clicked on

2018-08-01 16:46:36 - [MESSAGE][PASSED] - Object: 'Object Repository/Common/Sign Up/button_Start Application' is clicked on

2018-08-01 16:46:36 - [TEST_STEP][PASSED] - Statement - dashboardName = com.kms.katalon.core.webui.keyword.WebUiBuiltInKeywords.getText(com.kms.katalon.core.testobject.ObjectRepository.findTestObject(Common/Sign In/text_Dashboard Name)): Text of object 'Object Repository/Common/Sign In/text_Dashboard Name' is: 'Kaly20 Kachhi'

2018-08-01 16:46:51 - [MESSAGE][PASSED] - Text of object 'Object Repository/Common/Sign In/text_Dashboard Name' is: 'Kaly20 Kachhi'

2018-08-01 16:46:51 - [TEST_STEP][PASSED] - Statement - fullName = com.kms.katalon.core.webui.keyword.WebUiBuiltInKeywords.concatenate([FirstName, " ", LastName], STOP_ON_FAILURE): Concatenated string array: '['Kaly20',' ','Kachhi']' into 'Kaly20 Kachhi'

2018-08-01 16:46:51 - [MESSAGE][PASSED] - Concatenated string array: '['Kaly20',' ','Kachhi']' into 'Kaly20 Kachhi'

2018-08-01 16:46:51 - [TEST_STEP][PASSED] - verifyMatch: Actual text 'Kaly20 Kachhi' and expected text 'Kaly20 Kachhi' are matched  using regular expression

2018-08-01 16:46:51 - [MESSAGE][PASSED] - Actual text 'Kaly20 Kachhi' and expected text 'Kaly20 Kachhi' are matched  using regular expression

2018-08-01 16:46:51 - [MESSAGE][PASSED] - Call Test Case 'Test Cases/Common/Sign Up' successfully

2018-08-01 16:46:51 - [TEST_STEP][PASSED] - callTestCase: Call Test Case 'Test Cases/Loan Pages/Borrower Details' successfully

2018-08-01 16:46:51 - [TEST_CASE][PASSED] - Test Cases/Loan Pages/Borrower Details: Test Cases/Loan Pages/Borrower Details

2018-08-01 16:46:51 - [TEST_STEP][PASSED] - click: Object: 'Object Repository/Loan Pages/Borrower Details/button_Continue' is clicked on

2018-08-01 16:46:52 - [MESSAGE][PASSED] - Object: 'Object Repository/Loan Pages/Borrower Details/button_Continue' is clicked on

2018-08-01 16:46:52 - [TEST_STEP][PASSED] - click: Object: 'Object Repository/Loan Pages/Borrower Details/button_Next' is clicked on

2018-08-01 16:46:54 - [MESSAGE][PASSED] - Object: 'Object Repository/Loan Pages/Borrower Details/button_Next' is clicked on

2018-08-01 16:46:54 - [TEST_STEP][PASSED] - setText: Text '3456789324' is set on object 'Object Repository/Loan Pages/Borrower Details/input_Primary_Phone'

2018-08-01 16:46:56 - [MESSAGE][PASSED] - Text '3456789324' is set on object 'Object Repository/Loan Pages/Borrower Details/input_Primary_Phone'

2018-08-01 16:46:56 - [TEST_STEP][PASSED] - click: Object: 'Object Repository/Loan Pages/Borrower Details/button_Next' is clicked on

2018-08-01 16:46:56 - [MESSAGE][PASSED] - Object: 'Object Repository/Loan Pages/Borrower Details/button_Next' is clicked on

2018-08-01 16:46:56 - [TEST_STEP][PASSED] - selectOptionByValue: All options with value '10' are selected in object 'Object Repository/Loan Pages/Borrower Details/select_Birth_Month'  using regular expression

2018-08-01 16:46:58 - [MESSAGE][PASSED] - All options with value '10' are selected in object 'Object Repository/Loan Pages/Borrower Details/select_Birth_Month'  using regular expression

2018-08-01 16:46:58 - [TEST_STEP][PASSED] - selectOptionByValue: All options with value '6' are selected in object 'Object Repository/Loan Pages/Borrower Details/select_Birth_Date'  using regular expression

2018-08-01 16:46:58 - [MESSAGE][PASSED] - All options with value '6' are selected in object 'Object Repository/Loan Pages/Borrower Details/select_Birth_Date'  using regular expression

2018-08-01 16:46:58 - [TEST_STEP][PASSED] - selectOptionByValue: All options with value '1990' are selected in object 'Object Repository/Loan Pages/Borrower Details/select_Birth_Year'  using regular expression

2018-08-01 16:46:59 - [MESSAGE][PASSED] - All options with value '1990' are selected in object 'Object Repository/Loan Pages/Borrower Details/select_Birth_Year'  using regular expression

2018-08-01 16:46:59 - [TEST_STEP][PASSED] - click: Object: 'Object Repository/Loan Pages/Borrower Details/button_Next' is clicked on

2018-08-01 16:46:59 - [MESSAGE][PASSED] - Object: 'Object Repository/Loan Pages/Borrower Details/button_Next' is clicked on

2018-08-01 16:46:59 - [TEST_STEP][PASSED] - waitForPageLoad: Wait for page load successfully

2018-08-01 16:46:59 - [MESSAGE][PASSED] - Wait for page load successfully

2018-08-01 16:46:59 - [TEST_STEP][PASSED] - setText: Text '452 Holly Lane  Hopewell' is set on object 'Object Repository/Loan Pages/Borrower Details/input_Address1'

2018-08-01 16:47:01 - [MESSAGE][PASSED] - Text '452 Holly Lane  Hopewell' is set on object 'Object Repository/Loan Pages/Borrower Details/input_Address1'

2018-08-01 16:47:01 - [TEST_STEP][PASSED] - setText: Text 'Hopewell' is set on object 'Object Repository/Loan Pages/Borrower Details/input_Address2'

2018-08-01 16:47:02 - [MESSAGE][PASSED] - Text 'Hopewell' is set on object 'Object Repository/Loan Pages/Borrower Details/input_Address2'

2018-08-01 16:47:02 - [TEST_STEP][PASSED] - selectOptionByValue: All options with value 'VT' are selected in object 'Object Repository/Loan Pages/Borrower Details/select_State'  using regular expression

2018-08-01 16:47:02 - [MESSAGE][PASSED] - All options with value 'VT' are selected in object 'Object Repository/Loan Pages/Borrower Details/select_State'  using regular expression

2018-08-01 16:47:02 - [TEST_STEP][PASSED] - setText: Text '23860' is set on object 'Object Repository/Loan Pages/Borrower Details/input_Zipcode'

2018-08-01 16:47:02 - [MESSAGE][PASSED] - Text '23860' is set on object 'Object Repository/Loan Pages/Borrower Details/input_Zipcode'

2018-08-01 16:47:02 - [TEST_STEP][PASSED] - selectOptionByValue: All options with value '9' are selected in object 'Object Repository/Loan Pages/Borrower Details/select_Month_Starting_from'  using regular expression

2018-08-01 16:47:03 - [MESSAGE][PASSED] - All options with value '9' are selected in object 'Object Repository/Loan Pages/Borrower Details/select_Month_Starting_from'  using regular expression

2018-08-01 16:47:03 - [TEST_STEP][PASSED] - selectOptionByValue: All options with value '2016' are selected in object 'Object Repository/Loan Pages/Borrower Details/select_Year_Starting_from'  using regular expression

2018-08-01 16:47:03 - [MESSAGE][PASSED] - All options with value '2016' are selected in object 'Object Repository/Loan Pages/Borrower Details/select_Year_Starting_from'  using regular expression

2018-08-01 16:47:03 - [TEST_STEP][PASSED] - click: Object: 'Object Repository/Loan Pages/Borrower Details/button_Yes' is clicked on

2018-08-01 16:47:03 - [MESSAGE][PASSED] - Object: 'Object Repository/Loan Pages/Borrower Details/button_Yes' is clicked on

2018-08-01 16:47:03 - [TEST_STEP][PASSED] - click: Object: 'Object Repository/Loan Pages/Borrower Details/button_Next' is clicked on

2018-08-01 16:47:03 - [MESSAGE][PASSED] - Object: 'Object Repository/Loan Pages/Borrower Details/button_Next' is clicked on

2018-08-01 16:47:03 - [TEST_STEP][PASSED] - click: Object: 'Object Repository/Loan Pages/Borrower Details/checkbox_other_mailing_address' is clicked on

2018-08-01 16:47:06 - [MESSAGE][PASSED] - Object: 'Object Repository/Loan Pages/Borrower Details/checkbox_other_mailing_address' is clicked on

2018-08-01 16:47:06 - [TEST_STEP][PASSED] - click: Object: 'Object Repository/Loan Pages/Borrower Details/button_Next' is clicked on

2018-08-01 16:47:06 - [MESSAGE][PASSED] - Object: 'Object Repository/Loan Pages/Borrower Details/button_Next' is clicked on

2018-08-01 16:47:06 - [TEST_STEP][PASSED] - click: Object: 'Object Repository/Loan Pages/Borrower Details/checkbox_has_coborrower' is clicked on

2018-08-01 16:47:08 - [MESSAGE][PASSED] - Object: 'Object Repository/Loan Pages/Borrower Details/checkbox_has_coborrower' is clicked on

2018-08-01 16:47:08 - [TEST_STEP][PASSED] - click: Object: 'Object Repository/Loan Pages/Borrower Details/button_Next' is clicked on

2018-08-01 16:47:08 - [MESSAGE][PASSED] - Object: 'Object Repository/Loan Pages/Borrower Details/button_Next' is clicked on

2018-08-01 16:47:08 - [TEST_STEP][PASSED] - waitForPageLoad: Wait for page load successfully

2018-08-01 16:47:08 - [MESSAGE][PASSED] - Wait for page load successfully

2018-08-01 16:47:08 - [TEST_STEP][PASSED] - waitForElementClickable: Object 'Object Repository/Loan Pages/Borrower Details/button_Back' is clickable

2018-08-01 16:47:09 - [MESSAGE][PASSED] - Object 'Object Repository/Loan Pages/Borrower Details/button_Back' is clickable

2018-08-01 16:47:09 - [MESSAGE][PASSED] - Call Test Case 'Test Cases/Loan Pages/Borrower Details' successfully

2018-08-01 16:47:09 - [TEST_STEP][FAILED] - callTestCase: Unable to call Test Case with id 'Test Cases/Loan Pages/Loan Details' (Root cause: Call Test Case 'Test Cases/Loan Pages/Loan Details' failed)

2018-08-01 16:47:09 - [TEST_CASE][FAILED] - Test Cases/Loan Pages/Loan Details: Test Cases/Loan Pages/Loan Details FAILED because (of) Unable to select option by value '001' of object 'Object Repository/Loan Pages/Loan Details/select_Country_Targetmarket'  using regular expression (Root cause: No option matched.)

2018-08-01 16:47:10 - [TEST_STEP][PASSED] - click: Object: 'Object Repository/Loan Pages/Loan Details/Loan Tab' is clicked on

2018-08-01 16:47:10 - [MESSAGE][PASSED] - Object: 'Object Repository/Loan Pages/Loan Details/Loan Tab' is clicked on

2018-08-01 16:47:10 - [TEST_STEP][PASSED] - click: Object: 'Object Repository/Loan Pages/Loan Details/button_Next' is clicked on

2018-08-01 16:47:11 - [MESSAGE][PASSED] - Object: 'Object Repository/Loan Pages/Loan Details/button_Next' is clicked on

2018-08-01 16:47:11 - [TEST_STEP][PASSED] - waitForPageLoad: Wait for page load successfully

2018-08-01 16:47:11 - [MESSAGE][PASSED] - Wait for page load successfully

2018-08-01 16:47:11 - [TEST_STEP][PASSED] - click: Object: 'Object Repository/Loan Pages/Loan Details/input_home_purchase_checkbox' is clicked on

2018-08-01 16:47:13 - [MESSAGE][PASSED] - Object: 'Object Repository/Loan Pages/Loan Details/input_home_purchase_checkbox' is clicked on

2018-08-01 16:47:13 - [TEST_STEP][PASSED] - click: Object: 'Object Repository/Loan Pages/Loan Details/button_Next' is clicked on

2018-08-01 16:47:13 - [MESSAGE][PASSED] - Object: 'Object Repository/Loan Pages/Loan Details/button_Next' is clicked on

2018-08-01 16:47:13 - [TEST_STEP][PASSED] - waitForPageLoad: Wait for page load successfully

2018-08-01 16:47:13 - [MESSAGE][PASSED] - Wait for page load successfully

2018-08-01 16:47:13 - [TEST_STEP][PASSED] - click: Object: 'Object Repository/Loan Pages/Loan Details/input_loan_application_lead_st' is clicked on

2018-08-01 16:47:15 - [MESSAGE][PASSED] - Object: 'Object Repository/Loan Pages/Loan Details/input_loan_application_lead_st' is clicked on

2018-08-01 16:47:15 - [TEST_STEP][PASSED] - click: Object: 'Object Repository/Loan Pages/Loan Details/button_Next (1)' is clicked on

2018-08-01 16:47:15 - [MESSAGE][PASSED] - Object: 'Object Repository/Loan Pages/Loan Details/button_Next (1)' is clicked on

2018-08-01 16:47:15 - [TEST_STEP][PASSED] - selectOptionByValue: All options with value 'AL' are selected in object 'Object Repository/Loan Pages/Loan Details/select_State_Loan'  using regular expression

2018-08-01 16:47:17 - [MESSAGE][PASSED] - All options with value 'AL' are selected in object 'Object Repository/Loan Pages/Loan Details/select_State_Loan'  using regular expression

2018-08-01 16:47:17 - [TEST_STEP][PASSED] - setText: Text 'vegas' is set on object 'Object Repository/Loan Pages/Loan Details/input_loan_City'

2018-08-01 16:47:17 - [MESSAGE][PASSED] - Text 'vegas' is set on object 'Object Repository/Loan Pages/Loan Details/input_loan_City'

2018-08-01 16:47:17 - [TEST_STEP][FAILED] - selectOptionByValue: Unable to select option by value '001' of object 'Object Repository/Loan Pages/Loan Details/select_Country_Targetmarket'  using regular expression (Root cause: No option matched.)

2018-08-01 16:47:17 - [MESSAGE][FAILED] - No option matched.

2018-08-01 16:47:17 - [MESSAGE][FAILED] - Unable to select option by value '001' of object 'Object Repository/Loan Pages/Loan Details/select_Country_Targetmarket'  using regular expression (Root cause: No option matched.)
[[ATTACHMENT|D:\\1_Roostify\\Automation\\Roo_Core\\Reports\\Test Suite-Borrower Submit Loan Application (Copy Referral URL)\\20180801_164448\\1533122237432.png]]

2018-08-01 16:47:17 - [MESSAGE][FAILED] - Unable to call Test Case with id 'Test Cases/Loan Pages/Loan Details' (Root cause: Call Test Case 'Test Cases/Loan Pages/Loan Details' failed)

2018-08-01 16:47:17 - [TEST_STEP][FAILED] - callTestCase: Unable to call Test Case with id 'Test Cases/Loan Pages/Employment Details' (Root cause: Call Test Case 'Test Cases/Loan Pages/Employment Details' failed)

2018-08-01 16:47:17 - [TEST_CASE][FAILED] - Test Cases/Loan Pages/Employment Details: Test Cases/Loan Pages/Employment Details FAILED because (of) Unable to click on object 'Object Repository/Loan Pages/Employment Details/input_loan_application_b_recen' (Root cause: com.kms.katalon.core.webui.exception.WebElementNotFoundException: Web element with id: 'Object Repository/Loan Pages/Employment Details/input_loan_application_b_recen' located by 'By.xpath: id("loan_application_b_recently_employed_true")[count(. | //input[@type = 'checkbox']) = count(//input[@type = 'checkbox'])]' not found)

2018-08-01 16:47:17 - [TEST_STEP][PASSED] - click: Object: 'Object Repository/Loan Pages/Employment Details/Employment Tab' is clicked on

2018-08-01 16:47:18 - [MESSAGE][PASSED] - Object: 'Object Repository/Loan Pages/Employment Details/Employment Tab' is clicked on

2018-08-01 16:47:18 - [TEST_STEP][PASSED] - waitForPageLoad: Wait for page load successfully

2018-08-01 16:47:18 - [MESSAGE][PASSED] - Wait for page load successfully

2018-08-01 16:47:18 - [TEST_STEP][PASSED] - click: Object: 'Object Repository/Loan Pages/Employment Details/button_Next' is clicked on

2018-08-01 16:47:18 - [MESSAGE][PASSED] - Object: 'Object Repository/Loan Pages/Employment Details/button_Next' is clicked on

2018-08-01 16:47:18 - [TEST_STEP][FAILED] - click: Unable to click on object 'Object Repository/Loan Pages/Employment Details/input_loan_application_b_recen' (Root cause: com.kms.katalon.core.webui.exception.WebElementNotFoundException: Web element with id: 'Object Repository/Loan Pages/Employment Details/input_loan_application_b_recen' located by 'By.xpath: id("loan_application_b_recently_employed_true")[count(. | //input[@type = 'checkbox']) = count(//input[@type = 'checkbox'])]' not found)

2018-08-01 16:47:49 - [MESSAGE][FAILED] - Unable to click on object 'Object Repository/Loan Pages/Employment Details/input_loan_application_b_recen' (Root cause: com.kms.katalon.core.webui.exception.WebElementNotFoundException: Web element with id: 'Object Repository/Loan Pages/Employment Details/input_loan_application_b_recen' located by 'By.xpath: id("loan_application_b_recently_employed_true")[count(. | //input[@type = 'checkbox']) = count(//input[@type = 'checkbox'])]' not found)
[[ATTACHMENT|D:\\1_Roostify\\Automation\\Roo_Core\\Reports\\Test Suite-Borrower Submit Loan Application (Copy Referral URL)\\20180801_164448\\1533122268731.png]]

2018-08-01 16:47:49 - [MESSAGE][FAILED] - Unable to call Test Case with id 'Test Cases/Loan Pages/Employment Details' (Root cause: Call Test Case 'Test Cases/Loan Pages/Employment Details' failed)

2018-08-01 16:47:49 - [TEST_STEP][FAILED] - callTestCase: Unable to call Test Case with id 'Test Cases/Loan Pages/Assets n Liabilities' (Root cause: Call Test Case 'Test Cases/Loan Pages/Assets n Liabilities' failed)

2018-08-01 16:47:49 - [TEST_CASE][FAILED] - Test Cases/Loan Pages/Assets n Liabilities: Test Cases/Loan Pages/Assets n Liabilities FAILED because (of) Unable to click on object 'Object Repository/Loan Pages/Assets n Liabilities/input_loan_application_b_curre' (Root cause: com.kms.katalon.core.webui.exception.WebElementNotFoundException: Web element with id: 'Object Repository/Loan Pages/Assets n Liabilities/input_loan_application_b_curre' located by 'By.xpath: id("loan_application_b_current_ownership_false")[count(. | //input[@id = 'loan_application_b_current_ownership_false' and @type = 'checkbox']) = count(//input[@id = 'loan_application_b_current_ownership_false' and @type = 'checkbox'])]' not found)

2018-08-01 16:47:49 - [TEST_STEP][PASSED] - click: Object: 'Object Repository/Loan Pages/Assets n Liabilities/Assets n Liabilites Tab' is clicked on

2018-08-01 16:47:49 - [MESSAGE][PASSED] - Object: 'Object Repository/Loan Pages/Assets n Liabilities/Assets n Liabilites Tab' is clicked on

2018-08-01 16:47:49 - [TEST_STEP][PASSED] - click: Object: 'Object Repository/Loan Pages/Employment Details/button_Next (1)' is clicked on

2018-08-01 16:47:49 - [MESSAGE][PASSED] - Object: 'Object Repository/Loan Pages/Employment Details/button_Next (1)' is clicked on

2018-08-01 16:47:49 - [TEST_STEP][FAILED] - click: Unable to click on object 'Object Repository/Loan Pages/Assets n Liabilities/input_loan_application_b_curre' (Root cause: com.kms.katalon.core.webui.exception.WebElementNotFoundException: Web element with id: 'Object Repository/Loan Pages/Assets n Liabilities/input_loan_application_b_curre' located by 'By.xpath: id("loan_application_b_current_ownership_false")[count(. | //input[@id = 'loan_application_b_current_ownership_false' and @type = 'checkbox']) = count(//input[@id = 'loan_application_b_current_ownership_false' and @type = 'checkbox'])]' not found)

2018-08-01 16:48:20 - [MESSAGE][FAILED] - Unable to click on object 'Object Repository/Loan Pages/Assets n Liabilities/input_loan_application_b_curre' (Root cause: com.kms.katalon.core.webui.exception.WebElementNotFoundException: Web element with id: 'Object Repository/Loan Pages/Assets n Liabilities/input_loan_application_b_curre' located by 'By.xpath: id("loan_application_b_current_ownership_false")[count(. | //input[@id = 'loan_application_b_current_ownership_false' and @type = 'checkbox']) = count(//input[@id = 'loan_application_b_current_ownership_false' and @type = 'checkbox'])]' not found)
[[ATTACHMENT|D:\\1_Roostify\\Automation\\Roo_Core\\Reports\\Test Suite-Borrower Submit Loan Application (Copy Referral URL)\\20180801_164448\\1533122300004.png]]

2018-08-01 16:48:20 - [MESSAGE][FAILED] - Unable to call Test Case with id 'Test Cases/Loan Pages/Assets n Liabilities' (Root cause: Call Test Case 'Test Cases/Loan Pages/Assets n Liabilities' failed)

2018-08-01 16:48:20 - [TEST_STEP][FAILED] - callTestCase: Unable to call Test Case with id 'Test Cases/Loan Pages/Income Details' (Root cause: Call Test Case 'Test Cases/Loan Pages/Income Details' failed)

2018-08-01 16:48:20 - [TEST_CASE][FAILED] - Test Cases/Loan Pages/Income Details: Test Cases/Loan Pages/Income Details FAILED because (of) Unable to set text '55500' of object 'Object Repository/Loan Pages/Income Details/input_loan_applicationb_employ' (Root cause: com.kms.katalon.core.webui.exception.WebElementNotFoundException: Web element with id: 'Object Repository/Loan Pages/Income Details/input_loan_applicationb_employ' located by 'By.xpath: //input[@type = 'text' and @name = 'loan_application[b_employment_attributes][0][annual_salary]' and @id = 'loan_application_b_employment_attributes_0_annual_salary']' not found)

2018-08-01 16:48:20 - [TEST_STEP][PASSED] - click: Object: 'Object Repository/Loan Pages/Income Details/Income Tab' is clicked on

2018-08-01 16:48:20 - [MESSAGE][PASSED] - Object: 'Object Repository/Loan Pages/Income Details/Income Tab' is clicked on

2018-08-01 16:48:20 - [TEST_STEP][PASSED] - click: Object: 'Object Repository/Loan Pages/Income Details/button_Next' is clicked on

2018-08-01 16:48:20 - [MESSAGE][PASSED] - Object: 'Object Repository/Loan Pages/Income Details/button_Next' is clicked on

2018-08-01 16:48:20 - [TEST_STEP][FAILED] - setText: Unable to set text '55500' of object 'Object Repository/Loan Pages/Income Details/input_loan_applicationb_employ' (Root cause: com.kms.katalon.core.webui.exception.WebElementNotFoundException: Web element with id: 'Object Repository/Loan Pages/Income Details/input_loan_applicationb_employ' located by 'By.xpath: //input[@type = 'text' and @name = 'loan_application[b_employment_attributes][0][annual_salary]' and @id = 'loan_application_b_employment_attributes_0_annual_salary']' not found)

2018-08-01 16:48:51 - [MESSAGE][FAILED] - Unable to set text '55500' of object 'Object Repository/Loan Pages/Income Details/input_loan_applicationb_employ' (Root cause: com.kms.katalon.core.webui.exception.WebElementNotFoundException: Web element with id: 'Object Repository/Loan Pages/Income Details/input_loan_applicationb_employ' located by 'By.xpath: //input[@type = 'text' and @name = 'loan_application[b_employment_attributes][0][annual_salary]' and @id = 'loan_application_b_employment_attributes_0_annual_salary']' not found)
[[ATTACHMENT|D:\\1_Roostify\\Automation\\Roo_Core\\Reports\\Test Suite-Borrower Submit Loan Application (Copy Referral URL)\\20180801_164448\\1533122331360.png]]

2018-08-01 16:48:51 - [MESSAGE][FAILED] - Unable to call Test Case with id 'Test Cases/Loan Pages/Income Details' (Root cause: Call Test Case 'Test Cases/Loan Pages/Income Details' failed)

2018-08-01 16:48:51 - [TEST_STEP][PASSED] - callTestCase: Call Test Case 'Test Cases/Loan Pages/Declarations' successfully

2018-08-01 16:48:51 - [TEST_CASE][PASSED] - Test Cases/Loan Pages/Declarations: Test Cases/Loan Pages/Declarations

2018-08-01 16:48:51 - [TEST_STEP][PASSED] - click: Object: 'Object Repository/Loan Pages/Declaration/Declaration Tab' is clicked on

2018-08-01 16:48:52 - [MESSAGE][PASSED] - Object: 'Object Repository/Loan Pages/Declaration/Declaration Tab' is clicked on

2018-08-01 16:48:52 - [TEST_STEP][PASSED] - waitForPageLoad: Wait for page load successfully

2018-08-01 16:48:52 - [MESSAGE][PASSED] - Wait for page load successfully

2018-08-01 16:48:52 - [TEST_STEP][PASSED] - click: Object: 'Object Repository/Loan Pages/Declaration/button_Next' is clicked on

2018-08-01 16:48:52 - [MESSAGE][PASSED] - Object: 'Object Repository/Loan Pages/Declaration/button_Next' is clicked on

2018-08-01 16:48:52 - [TEST_STEP][PASSED] - click: Object: 'Object Repository/Loan Pages/Declaration/input_loan_application_b_citiz' is clicked on

2018-08-01 16:49:18 - [MESSAGE][PASSED] - Object: 'Object Repository/Loan Pages/Declaration/input_loan_application_b_citiz' is clicked on

2018-08-01 16:49:18 - [TEST_STEP][PASSED] - click: Object: 'Object Repository/Loan Pages/Declaration/button_Next' is clicked on

2018-08-01 16:49:18 - [MESSAGE][PASSED] - Object: 'Object Repository/Loan Pages/Declaration/button_Next' is clicked on

2018-08-01 16:49:18 - [TEST_STEP][PASSED] - click: Object: 'Object Repository/Loan Pages/Declaration/button_No' is clicked on

2018-08-01 16:49:20 - [MESSAGE][PASSED] - Object: 'Object Repository/Loan Pages/Declaration/button_No' is clicked on

2018-08-01 16:49:20 - [TEST_STEP][PASSED] - click: Object: 'Object Repository/Loan Pages/Declaration/button_No_1' is clicked on

2018-08-01 16:49:20 - [MESSAGE][PASSED] - Object: 'Object Repository/Loan Pages/Declaration/button_No_1' is clicked on

2018-08-01 16:49:20 - [TEST_STEP][PASSED] - click: Object: 'Object Repository/Loan Pages/Declaration/button_No_2' is clicked on

2018-08-01 16:49:20 - [MESSAGE][PASSED] - Object: 'Object Repository/Loan Pages/Declaration/button_No_2' is clicked on

2018-08-01 16:49:20 - [TEST_STEP][PASSED] - click: Object: 'Object Repository/Loan Pages/Declaration/button_No_3' is clicked on

2018-08-01 16:49:20 - [MESSAGE][PASSED] - Object: 'Object Repository/Loan Pages/Declaration/button_No_3' is clicked on

2018-08-01 16:49:20 - [TEST_STEP][PASSED] - click: Object: 'Object Repository/Loan Pages/Declaration/button_Next' is clicked on

2018-08-01 16:49:20 - [MESSAGE][PASSED] - Object: 'Object Repository/Loan Pages/Declaration/button_Next' is clicked on

2018-08-01 16:49:20 - [TEST_STEP][PASSED] - click: Object: 'Object Repository/Loan Pages/Declaration/button_No_4' is clicked on

2018-08-01 16:49:22 - [MESSAGE][PASSED] - Object: 'Object Repository/Loan Pages/Declaration/button_No_4' is clicked on

2018-08-01 16:49:22 - [TEST_STEP][PASSED] - click: Object: 'Object Repository/Loan Pages/Declaration/button_No_5' is clicked on

2018-08-01 16:49:23 - [MESSAGE][PASSED] - Object: 'Object Repository/Loan Pages/Declaration/button_No_5' is clicked on

2018-08-01 16:49:23 - [TEST_STEP][PASSED] - click: Object: 'Object Repository/Loan Pages/Declaration/button_No_6' is clicked on

2018-08-01 16:49:23 - [MESSAGE][PASSED] - Object: 'Object Repository/Loan Pages/Declaration/button_No_6' is clicked on

2018-08-01 16:49:23 - [TEST_STEP][PASSED] - click: Object: 'Object Repository/Loan Pages/Declaration/button_No_7' is clicked on

2018-08-01 16:49:23 - [MESSAGE][PASSED] - Object: 'Object Repository/Loan Pages/Declaration/button_No_7' is clicked on

2018-08-01 16:49:23 - [TEST_STEP][PASSED] - click: Object: 'Object Repository/Loan Pages/Declaration/button_Next' is clicked on

2018-08-01 16:49:23 - [MESSAGE][PASSED] - Object: 'Object Repository/Loan Pages/Declaration/button_Next' is clicked on

2018-08-01 16:49:23 - [TEST_STEP][PASSED] - click: Object: 'Object Repository/Loan Pages/Declaration/input_loan_application_b_hmda_' is clicked on

2018-08-01 16:49:25 - [MESSAGE][PASSED] - Object: 'Object Repository/Loan Pages/Declaration/input_loan_application_b_hmda_' is clicked on

2018-08-01 16:49:25 - [TEST_STEP][PASSED] - click: Object: 'Object Repository/Loan Pages/Declaration/input_loan_application_b_hmda__1' is clicked on

2018-08-01 16:49:25 - [MESSAGE][PASSED] - Object: 'Object Repository/Loan Pages/Declaration/input_loan_application_b_hmda__1' is clicked on

2018-08-01 16:49:25 - [TEST_STEP][PASSED] - click: Object: 'Object Repository/Loan Pages/Declaration/input_loan_application_b_hmda__2' is clicked on

2018-08-01 16:49:25 - [MESSAGE][PASSED] - Object: 'Object Repository/Loan Pages/Declaration/input_loan_application_b_hmda__2' is clicked on

2018-08-01 16:49:25 - [TEST_STEP][PASSED] - click: Object: 'Object Repository/Loan Pages/Declaration/button_Next' is clicked on

2018-08-01 16:49:25 - [MESSAGE][PASSED] - Object: 'Object Repository/Loan Pages/Declaration/button_Next' is clicked on

2018-08-01 16:49:25 - [TEST_STEP][PASSED] - click: Object: 'Object Repository/Loan Pages/Declaration/input_loan_applicationp1_b_ssn' is clicked on

2018-08-01 16:49:27 - [MESSAGE][PASSED] - Object: 'Object Repository/Loan Pages/Declaration/input_loan_applicationp1_b_ssn' is clicked on

2018-08-01 16:49:27 - [TEST_STEP][PASSED] - setText: Text '991' is set on object 'Object Repository/Loan Pages/Declaration/input_loan_applicationp1_b_ssn'

2018-08-01 16:49:27 - [MESSAGE][PASSED] - Text '991' is set on object 'Object Repository/Loan Pages/Declaration/input_loan_applicationp1_b_ssn'

2018-08-01 16:49:27 - [TEST_STEP][PASSED] - setText: Text '91' is set on object 'Object Repository/Loan Pages/Declaration/input_loan_applicationp2_b_ssn'

2018-08-01 16:49:27 - [MESSAGE][PASSED] - Text '91' is set on object 'Object Repository/Loan Pages/Declaration/input_loan_applicationp2_b_ssn'

2018-08-01 16:49:27 - [TEST_STEP][PASSED] - setText: Text '991' is set on object 'Object Repository/Loan Pages/Declaration/input_loan_applicationp3_b_ssn'

2018-08-01 16:49:28 - [MESSAGE][PASSED] - Text '991' is set on object 'Object Repository/Loan Pages/Declaration/input_loan_applicationp3_b_ssn'

2018-08-01 16:49:28 - [TEST_STEP][PASSED] - click: Object: 'Object Repository/Loan Pages/Declaration/button_Next' is clicked on

2018-08-01 16:49:28 - [MESSAGE][PASSED] - Object: 'Object Repository/Loan Pages/Declaration/button_Next' is clicked on

2018-08-01 16:49:28 - [TEST_STEP][PASSED] - click: Object: 'Object Repository/Loan Pages/Declaration/input_loan_application_b_allow' is clicked on

2018-08-01 16:49:30 - [MESSAGE][PASSED] - Object: 'Object Repository/Loan Pages/Declaration/input_loan_application_b_allow' is clicked on

2018-08-01 16:49:30 - [TEST_STEP][PASSED] - click: Object: 'Object Repository/Loan Pages/Declaration/button_Next' is clicked on

2018-08-01 16:49:30 - [MESSAGE][PASSED] - Object: 'Object Repository/Loan Pages/Declaration/button_Next' is clicked on

2018-08-01 16:49:30 - [TEST_STEP][PASSED] - click: Object: 'Object Repository/Loan Pages/Declaration/input_loan_application_b_estim' is clicked on

2018-08-01 16:49:35 - [MESSAGE][PASSED] - Object: 'Object Repository/Loan Pages/Declaration/input_loan_application_b_estim' is clicked on

2018-08-01 16:49:35 - [TEST_STEP][PASSED] - click: Object: 'Object Repository/Loan Pages/Declaration/button_Next' is clicked on

2018-08-01 16:49:35 - [MESSAGE][PASSED] - Object: 'Object Repository/Loan Pages/Declaration/button_Next' is clicked on

2018-08-01 16:49:35 - [TEST_STEP][PASSED] - waitForPageLoad: Wait for page load successfully

2018-08-01 16:49:35 - [MESSAGE][PASSED] - Wait for page load successfully

2018-08-01 16:49:35 - [TEST_STEP][PASSED] - waitForElementClickable: Object 'Object Repository/Loan Pages/Declaration/button_Back' is clickable

2018-08-01 16:49:37 - [MESSAGE][PASSED] - Object 'Object Repository/Loan Pages/Declaration/button_Back' is clickable

2018-08-01 16:49:37 - [MESSAGE][PASSED] - Call Test Case 'Test Cases/Loan Pages/Declarations' successfully

2018-08-01 16:49:37 - [TEST_STEP][PASSED] - callTestCase: Call Test Case 'Test Cases/Loan Pages/Application Release' successfully

2018-08-01 16:49:37 - [TEST_CASE][PASSED] - Test Cases/Loan Pages/Application Release: Test Cases/Loan Pages/Application Release

2018-08-01 16:49:37 - [TEST_STEP][PASSED] - click: Object: 'Object Repository/Loan Pages/Application Release/Application Release Tab' is clicked on

2018-08-01 16:49:37 - [MESSAGE][PASSED] - Object: 'Object Repository/Loan Pages/Application Release/Application Release Tab' is clicked on

2018-08-01 16:49:37 - [TEST_STEP][PASSED] - click: Object: 'Object Repository/Loan Pages/Application Release/button_Skip Warnings and Submit' is clicked on

2018-08-01 16:49:39 - [MESSAGE][PASSED] - Object: 'Object Repository/Loan Pages/Application Release/button_Skip Warnings and Submit' is clicked on

2018-08-01 16:49:39 - [MESSAGE][PASSED] - Call Test Case 'Test Cases/Loan Pages/Application Release' successfully

2018-08-01 16:49:39 - [TEST_STEP][PASSED] - callTestCase: Call Test Case 'Test Cases/Loan Pages/Econsent page' successfully

2018-08-01 16:49:39 - [TEST_CASE][PASSED] - Test Cases/Loan Pages/Econsent page: Test Cases/Loan Pages/Econsent page

2018-08-01 16:49:39 - [TEST_STEP][PASSED] - waitForElementPresent: Object 'Object Repository/Loan Pages/Econsent/header_EconsentTerms' is not present after 5 second(s)

2018-08-01 16:49:44 - [MESSAGE][WARNING] - Object 'Object Repository/Loan Pages/Econsent/header_EconsentTerms' is not present after 5 second(s)

2018-08-01 16:49:44 - [TEST_STEP][PASSED] - click: Object: 'Object Repository/Loan Pages/Econsent/checkbox_Terms' is clicked on

2018-08-01 16:49:52 - [MESSAGE][PASSED] - Object: 'Object Repository/Loan Pages/Econsent/checkbox_Terms' is clicked on

2018-08-01 16:49:52 - [TEST_STEP][PASSED] - click: Object: 'Object Repository/Loan Pages/Econsent/button_ConsentYes' is clicked on

2018-08-01 16:49:59 - [MESSAGE][PASSED] - Object: 'Object Repository/Loan Pages/Econsent/button_ConsentYes' is clicked on

2018-08-01 16:49:59 - [TEST_STEP][PASSED] - click: Object: 'Object Repository/Loan Pages/Econsent/frame_Tutorial-borrower' is clicked on

2018-08-01 16:49:59 - [MESSAGE][PASSED] - Object: 'Object Repository/Loan Pages/Econsent/frame_Tutorial-borrower' is clicked on

2018-08-01 16:49:59 - [TEST_STEP][PASSED] - click: Object: 'Object Repository/Loan Pages/Econsent/button_close' is clicked on

2018-08-01 16:49:59 - [MESSAGE][PASSED] - Object: 'Object Repository/Loan Pages/Econsent/button_close' is clicked on

2018-08-01 16:49:59 - [MESSAGE][PASSED] - Call Test Case 'Test Cases/Loan Pages/Econsent page' successfully

2018-08-01 16:49:59 - [TEST_STEP][PASSED] - Start listener action : sampleAfterTestCase: Invoke 'com.kms.katalon.core.annotation.AfterTestCase' method: 'TestListeners.sampleAfterTestCase(...)' completed.

2018-08-01 16:49:59 - [TEST_STEP][PASSED] - Statement - println(testCaseContext.getTestCaseId()): null

2018-08-01 16:49:59 - [TEST_STEP][PASSED] - Statement - println(testCaseContext.getTestCaseStatus()): Invoke 'com.kms.katalon.core.annotation.AfterTestCase' method: 'TestListeners.sampleAfterTestCase(...)' completed.]]></system-out>
         <system-err><![CDATA[2018-08-01 16:44:50 - [TEST_CASE][FAILED] - Test Cases/Loan Submission/Borrower Submit Loan Application (Copy Referral URL): Test Cases/Loan Submission/Borrower Submit Loan Application (Copy Referral URL) FAILED because (of) Unable to select option by value '001' of object 'Object Repository/Loan Pages/Loan Details/select_Country_Targetmarket'  using regular expression (Root cause: No option matched.)]]></system-err>
      </testcase>
      <system-out><![CDATA[2018-08-01 16:44:49 - [TEST_SUITE][FAILED] - Test Suite-Borrower Submit Loan Application (Copy Referral URL): Test Cases/Loan Submission/Borrower Submit Loan Application (Copy Referral URL) FAILED because (of) Unable to select option by value '001' of object 'Object Repository/Loan Pages/Loan Details/select_Country_Targetmarket'  using regular expression (Root cause: No option matched.)]]></system-out>
      <system-err><![CDATA[2018-08-01 16:44:49 - [TEST_SUITE][FAILED] - Test Suite-Borrower Submit Loan Application (Copy Referral URL): Test Cases/Loan Submission/Borrower Submit Loan Application (Copy Referral URL) FAILED because (of) Unable to select option by value '001' of object 'Object Repository/Loan Pages/Loan Details/select_Country_Targetmarket'  using regular expression (Root cause: No option matched.)]]></system-err>
   </testsuite>
</testsuites>
