{"uuid":"ca78f663-b6dc-4f71-88b4-cc32eb1139fd","historyId":"5c305a00cb4d0f4db5b6801771acd053","fullName":"accCheck.AccountCheck.accCheck_Valild_AccountChek_Flow_with_only_mandatory_parameters","labels":[{"name":"package","value":"accCheck.AccountCheck"},{"name":"testClass","value":"accCheck.AccountCheck"},{"name":"testMethod","value":"accCheck_Valild_AccountChek_Flow_with_only_mandatory_parameters"},{"name":"parentSuite","value":"All Test Suite"},{"name":"suite","value":"Test"},{"name":"subSuite","value":"accCheck.AccountCheck"},{"name":"host","value":"KrishnaA-Desk"},{"name":"thread","value":"5216@KrishnaA-Desk.main(1)"},{"name":"epic","value":"Account Check Regression"},{"name":"feature","value":"Verify Account Check functionality"}],"links":[],"name":"accCheck_Valild_AccountChek_Flow_with_only_mandatory_parameters","status":"broken","statusDetails":{"known":false,"muted":false,"flaky":false,"message":"com.sun.proxy.$Proxy29 cannot be cast to org.openqa.selenium.By","trace":"java.lang.ClassCastException: com.sun.proxy.$Proxy29 cannot be cast to org.openqa.selenium.By\r\n\tat roostify.accCheck.AccCheckPortalPage.clickDagSiteBankName_aroundBody4(AccCheckPortalPage.java:88)\r\n\tat roostify.accCheck.AccCheckPortalPage$AjcClosure5.run(AccCheckPortalPage.java:1)\r\n\tat org.aspectj.runtime.reflect.JoinPointImpl.proceed(JoinPointImpl.java:149)\r\n\tat io.qameta.allure.aspects.StepsAspects.step(StepsAspects.java:46)\r\n\tat roostify.accCheck.AccCheckPortalPage.clickDagSiteBankName(AccCheckPortalPage.java:87)\r\n\tat roostify.accCheck.AccCheckPortalPage.loginToDagSiteBank_aroundBody18(AccCheckPortalPage.java:159)\r\n\tat roostify.accCheck.AccCheckPortalPage$AjcClosure19.run(AccCheckPortalPage.java:1)\r\n\tat org.aspectj.runtime.reflect.JoinPointImpl.proceed(JoinPointImpl.java:149)\r\n\tat io.qameta.allure.aspects.StepsAspects.step(StepsAspects.java:46)\r\n\tat roostify.accCheck.AccCheckPortalPage.loginToDagSiteBank(AccCheckPortalPage.java:158)\r\n\tat accCheck.AccountCheck.accCheck_Valild_AccountChek_Flow_with_only_mandatory_parameters(AccountCheck.java:80)\r\n\tat sun.reflect.NativeMethodAccessorImpl.invoke0(Native Method)\r\n\tat sun.reflect.NativeMethodAccessorImpl.invoke(NativeMethodAccessorImpl.java:62)\r\n\tat sun.reflect.DelegatingMethodAccessorImpl.invoke(DelegatingMethodAccessorImpl.java:43)\r\n\tat java.lang.reflect.Method.invoke(Method.java:498)\r\n\tat org.testng.internal.MethodInvocationHelper.invokeMethod(MethodInvocationHelper.java:124)\r\n\tat org.testng.internal.Invoker.invokeMethod(Invoker.java:580)\r\n\tat org.testng.internal.Invoker.invokeTestMethod(Invoker.java:716)\r\n\tat org.testng.internal.Invoker.invokeTestMethods(Invoker.java:988)\r\n\tat org.testng.internal.TestMethodWorker.invokeTestMethods(TestMethodWorker.java:125)\r\n\tat org.testng.internal.TestMethodWorker.run(TestMethodWorker.java:109)\r\n\tat org.testng.TestRunner.privateRun(TestRunner.java:648)\r\n\tat org.testng.TestRunner.run(TestRunner.java:505)\r\n\tat org.testng.SuiteRunner.runTest(SuiteRunner.java:455)\r\n\tat org.testng.SuiteRunner.runSequentially(SuiteRunner.java:450)\r\n\tat org.testng.SuiteRunner.privateRun(SuiteRunner.java:415)\r\n\tat org.testng.SuiteRunner.run(SuiteRunner.java:364)\r\n\tat org.testng.SuiteRunnerWorker.runSuite(SuiteRunnerWorker.java:52)\r\n\tat org.testng.SuiteRunnerWorker.run(SuiteRunnerWorker.java:84)\r\n\tat org.testng.TestNG.runSuitesSequentially(TestNG.java:1208)\r\n\tat org.testng.TestNG.runSuitesLocally(TestNG.java:1137)\r\n\tat org.testng.TestNG.runSuites(TestNG.java:1049)\r\n\tat org.testng.TestNG.run(TestNG.java:1017)\r\n\tat org.apache.maven.surefire.testng.TestNGExecutor.run(TestNGExecutor.java:283)\r\n\tat org.apache.maven.surefire.testng.TestNGXmlTestSuite.execute(TestNGXmlTestSuite.java:75)\r\n\tat org.apache.maven.surefire.testng.TestNGProvider.invoke(TestNGProvider.java:120)\r\n\tat org.apache.maven.surefire.booter.ForkedBooter.invokeProviderInSameClassLoader(ForkedBooter.java:384)\r\n\tat org.apache.maven.surefire.booter.ForkedBooter.runSuitesInProcess(ForkedBooter.java:345)\r\n\tat org.apache.maven.surefire.booter.ForkedBooter.execute(ForkedBooter.java:126)\r\n\tat org.apache.maven.surefire.booter.ForkedBooter.main(ForkedBooter.java:418)\r\n"},"stage":"finished","start":1559038211915,"stop":1559038272747,"steps":[{"name":"Login to DagBank","status":"passed","stage":"finished","start":1559038224337,"stop":1559038237195,"steps":[{"name":"Sent name of Bank to SearchBox ","status":"passed","stage":"finished","start":1559038224337,"stop":1559038224752,"parameters":[{"name":"search","value":"DagBank"}]},{"name":"Click Dag Bank ","status":"passed","stage":"finished","start":1559038224752,"stop":1559038225701},{"name":"Login Step with Username","status":"passed","stage":"finished","start":1559038229664,"stop":1559038230042,"parameters":[{"name":"user","value":"Account.bank2"}]},{"name":"Login Step with Password","status":"passed","stage":"finished","start":1559038230043,"stop":1559038230095,"parameters":[{"name":"pass","value":"bank2"}]},{"name":"Click Submit Button","status":"passed","stage":"finished","start":1559038230095,"stop":1559038237195}],"parameters":[{"name":"Scenarioname","value":"Valild_AccountChek_Flow_with_only_mandatory_parameters"}]},{"name":"Click Add Another Account link","status":"passed","stage":"finished","start":1559038272256,"stop":1559038272346},{"name":"Login to DagSite Bank","status":"broken","statusDetails":{"known":false,"muted":false,"flaky":false,"message":"com.sun.proxy.$Proxy29 cannot be cast to org.openqa.selenium.By","trace":"java.lang.ClassCastException: com.sun.proxy.$Proxy29 cannot be cast to org.openqa.selenium.By\r\n\tat roostify.accCheck.AccCheckPortalPage.clickDagSiteBankName_aroundBody4(AccCheckPortalPage.java:88)\r\n\tat roostify.accCheck.AccCheckPortalPage$AjcClosure5.run(AccCheckPortalPage.java:1)\r\n\tat org.aspectj.runtime.reflect.JoinPointImpl.proceed(JoinPointImpl.java:149)\r\n\tat io.qameta.allure.aspects.StepsAspects.step(StepsAspects.java:46)\r\n\tat roostify.accCheck.AccCheckPortalPage.clickDagSiteBankName(AccCheckPortalPage.java:87)\r\n\tat roostify.accCheck.AccCheckPortalPage.loginToDagSiteBank_aroundBody18(AccCheckPortalPage.java:159)\r\n\tat roostify.accCheck.AccCheckPortalPage$AjcClosure19.run(AccCheckPortalPage.java:1)\r\n\tat org.aspectj.runtime.reflect.JoinPointImpl.proceed(JoinPointImpl.java:149)\r\n\tat io.qameta.allure.aspects.StepsAspects.step(StepsAspects.java:46)\r\n\tat roostify.accCheck.AccCheckPortalPage.loginToDagSiteBank(AccCheckPortalPage.java:158)\r\n\tat accCheck.AccountCheck.accCheck_Valild_AccountChek_Flow_with_only_mandatory_parameters(AccountCheck.java:80)\r\n\tat sun.reflect.NativeMethodAccessorImpl.invoke0(Native Method)\r\n\tat sun.reflect.NativeMethodAccessorImpl.invoke(NativeMethodAccessorImpl.java:62)\r\n\tat sun.reflect.DelegatingMethodAccessorImpl.invoke(DelegatingMethodAccessorImpl.java:43)\r\n\tat java.lang.reflect.Method.invoke(Method.java:498)\r\n\tat org.testng.internal.MethodInvocationHelper.invokeMethod(MethodInvocationHelper.java:124)\r\n\tat org.testng.internal.Invoker.invokeMethod(Invoker.java:580)\r\n\tat org.testng.internal.Invoker.invokeTestMethod(Invoker.java:716)\r\n\tat org.testng.internal.Invoker.invokeTestMethods(Invoker.java:988)\r\n\tat org.testng.internal.TestMethodWorker.invokeTestMethods(TestMethodWorker.java:125)\r\n\tat org.testng.internal.TestMethodWorker.run(TestMethodWorker.java:109)\r\n\tat org.testng.TestRunner.privateRun(TestRunner.java:648)\r\n\tat org.testng.TestRunner.run(TestRunner.java:505)\r\n\tat org.testng.SuiteRunner.runTest(SuiteRunner.java:455)\r\n\tat org.testng.SuiteRunner.runSequentially(SuiteRunner.java:450)\r\n\tat org.testng.SuiteRunner.privateRun(SuiteRunner.java:415)\r\n\tat org.testng.SuiteRunner.run(SuiteRunner.java:364)\r\n\tat org.testng.SuiteRunnerWorker.runSuite(SuiteRunnerWorker.java:52)\r\n\tat org.testng.SuiteRunnerWorker.run(SuiteRunnerWorker.java:84)\r\n\tat org.testng.TestNG.runSuitesSequentially(TestNG.java:1208)\r\n\tat org.testng.TestNG.runSuitesLocally(TestNG.java:1137)\r\n\tat org.testng.TestNG.runSuites(TestNG.java:1049)\r\n\tat org.testng.TestNG.run(TestNG.java:1017)\r\n\tat org.apache.maven.surefire.testng.TestNGExecutor.run(TestNGExecutor.java:283)\r\n\tat org.apache.maven.surefire.testng.TestNGXmlTestSuite.execute(TestNGXmlTestSuite.java:75)\r\n\tat org.apache.maven.surefire.testng.TestNGProvider.invoke(TestNGProvider.java:120)\r\n\tat org.apache.maven.surefire.booter.ForkedBooter.invokeProviderInSameClassLoader(ForkedBooter.java:384)\r\n\tat org.apache.maven.surefire.booter.ForkedBooter.runSuitesInProcess(ForkedBooter.java:345)\r\n\tat org.apache.maven.surefire.booter.ForkedBooter.execute(ForkedBooter.java:126)\r\n\tat org.apache.maven.surefire.booter.ForkedBooter.main(ForkedBooter.java:418)\r\n"},"stage":"finished","start":1559038272346,"stop":1559038272737,"steps":[{"name":"Sent name of Bank to SearchBox ","status":"passed","stage":"finished","start":1559038272346,"stop":1559038272735,"parameters":[{"name":"search","value":"Dagsite"}]},{"name":"Click DagSite Bank ","status":"broken","statusDetails":{"known":false,"muted":false,"flaky":false,"message":"com.sun.proxy.$Proxy29 cannot be cast to org.openqa.selenium.By","trace":"java.lang.ClassCastException: com.sun.proxy.$Proxy29 cannot be cast to org.openqa.selenium.By\r\n\tat roostify.accCheck.AccCheckPortalPage.clickDagSiteBankName_aroundBody4(AccCheckPortalPage.java:88)\r\n\tat roostify.accCheck.AccCheckPortalPage$AjcClosure5.run(AccCheckPortalPage.java:1)\r\n\tat org.aspectj.runtime.reflect.JoinPointImpl.proceed(JoinPointImpl.java:149)\r\n\tat io.qameta.allure.aspects.StepsAspects.step(StepsAspects.java:46)\r\n\tat roostify.accCheck.AccCheckPortalPage.clickDagSiteBankName(AccCheckPortalPage.java:87)\r\n\tat roostify.accCheck.AccCheckPortalPage.loginToDagSiteBank_aroundBody18(AccCheckPortalPage.java:159)\r\n\tat roostify.accCheck.AccCheckPortalPage$AjcClosure19.run(AccCheckPortalPage.java:1)\r\n\tat org.aspectj.runtime.reflect.JoinPointImpl.proceed(JoinPointImpl.java:149)\r\n\tat io.qameta.allure.aspects.StepsAspects.step(StepsAspects.java:46)\r\n\tat roostify.accCheck.AccCheckPortalPage.loginToDagSiteBank(AccCheckPortalPage.java:158)\r\n\tat accCheck.AccountCheck.accCheck_Valild_AccountChek_Flow_with_only_mandatory_parameters(AccountCheck.java:80)\r\n\tat sun.reflect.NativeMethodAccessorImpl.invoke0(Native Method)\r\n\tat sun.reflect.NativeMethodAccessorImpl.invoke(NativeMethodAccessorImpl.java:62)\r\n\tat sun.reflect.DelegatingMethodAccessorImpl.invoke(DelegatingMethodAccessorImpl.java:43)\r\n\tat java.lang.reflect.Method.invoke(Method.java:498)\r\n\tat org.testng.internal.MethodInvocationHelper.invokeMethod(MethodInvocationHelper.java:124)\r\n\tat org.testng.internal.Invoker.invokeMethod(Invoker.java:580)\r\n\tat org.testng.internal.Invoker.invokeTestMethod(Invoker.java:716)\r\n\tat org.testng.internal.Invoker.invokeTestMethods(Invoker.java:988)\r\n\tat org.testng.internal.TestMethodWorker.invokeTestMethods(TestMethodWorker.java:125)\r\n\tat org.testng.internal.TestMethodWorker.run(TestMethodWorker.java:109)\r\n\tat org.testng.TestRunner.privateRun(TestRunner.java:648)\r\n\tat org.testng.TestRunner.run(TestRunner.java:505)\r\n\tat org.testng.SuiteRunner.runTest(SuiteRunner.java:455)\r\n\tat org.testng.SuiteRunner.runSequentially(SuiteRunner.java:450)\r\n\tat org.testng.SuiteRunner.privateRun(SuiteRunner.java:415)\r\n\tat org.testng.SuiteRunner.run(SuiteRunner.java:364)\r\n\tat org.testng.SuiteRunnerWorker.runSuite(SuiteRunnerWorker.java:52)\r\n\tat org.testng.SuiteRunnerWorker.run(SuiteRunnerWorker.java:84)\r\n\tat org.testng.TestNG.runSuitesSequentially(TestNG.java:1208)\r\n\tat org.testng.TestNG.runSuitesLocally(TestNG.java:1137)\r\n\tat org.testng.TestNG.runSuites(TestNG.java:1049)\r\n\tat org.testng.TestNG.run(TestNG.java:1017)\r\n\tat org.apache.maven.surefire.testng.TestNGExecutor.run(TestNGExecutor.java:283)\r\n\tat org.apache.maven.surefire.testng.TestNGXmlTestSuite.execute(TestNGXmlTestSuite.java:75)\r\n\tat org.apache.maven.surefire.testng.TestNGProvider.invoke(TestNGProvider.java:120)\r\n\tat org.apache.maven.surefire.booter.ForkedBooter.invokeProviderInSameClassLoader(ForkedBooter.java:384)\r\n\tat org.apache.maven.surefire.booter.ForkedBooter.runSuitesInProcess(ForkedBooter.java:345)\r\n\tat org.apache.maven.surefire.booter.ForkedBooter.execute(ForkedBooter.java:126)\r\n\tat org.apache.maven.surefire.booter.ForkedBooter.main(ForkedBooter.java:418)\r\n"},"stage":"finished","start":1559038272735,"stop":1559038272737}]}],"parameters":[]}