<?xml version="1.0" encoding="UTF-8"?>
<testsuite xmlns:xsi="http://www.w3.org/2001/XMLSchema-instance" xsi:noNamespaceSchemaLocation="https://maven.apache.org/surefire/maven-surefire-plugin/xsd/surefire-test-report-3.0.xsd" version="3.0" name="TestSuite" time="612.854" tests="172" errors="0" skipped="0" failures="4">
  <properties>
    <property name="sun.desktop" value="windows"/>
    <property name="awt.toolkit" value="sun.awt.windows.WToolkit"/>
    <property name="file.encoding.pkg" value="sun.io"/>
    <property name="java.specification.version" value="1.8"/>
    <property name="sun.cpu.isalist" value="amd64"/>
    <property name="sun.jnu.encoding" value="Cp1252"/>
    <property name="java.class.path" value="C:\Users\KrishnaA\RestAssuredMaven\target\test-classes;C:\Users\KrishnaA\RestAssuredMaven\target\classes;C:\Users\KrishnaA\.m2\repository\org\apache\wicket\wicket\1.3.2\wicket-1.3.2.jar;C:\Users\KrishnaA\.m2\repository\org\slf4j\slf4j-api\1.4.2\slf4j-api-1.4.2.jar;C:\Users\KrishnaA\.m2\repository\org\slf4j\slf4j-log4j12\1.4.2\slf4j-log4j12-1.4.2.jar;C:\Users\KrishnaA\.m2\repository\log4j\log4j\1.2.17\log4j-1.2.17.jar;C:\Users\KrishnaA\.m2\repository\junit\junit\3.8.2\junit-3.8.2.jar;C:\Users\KrishnaA\.m2\repository\org\mortbay\jetty\jetty\6.1.4\jetty-6.1.4.jar;C:\Users\KrishnaA\.m2\repository\org\mortbay\jetty\servlet-api-2.5\6.1.4\servlet-api-2.5-6.1.4.jar;C:\Users\KrishnaA\.m2\repository\org\mortbay\jetty\jetty-util\6.1.4\jetty-util-6.1.4.jar;C:\Users\KrishnaA\.m2\repository\org\mortbay\jetty\jetty-management\6.1.4\jetty-management-6.1.4.jar;C:\Users\KrishnaA\.m2\repository\mx4j\mx4j\3.0.1\mx4j-3.0.1.jar;C:\Users\KrishnaA\.m2\repository\mx4j\mx4j-tools\3.0.1\mx4j-tools-3.0.1.jar;C:\Users\KrishnaA\.m2\repository\io\rest-assured\rest-assured\3.2.0\rest-assured-3.2.0.jar;C:\Users\KrishnaA\.m2\repository\org\codehaus\groovy\groovy\2.4.15\groovy-2.4.15.jar;C:\Users\KrishnaA\.m2\repository\org\codehaus\groovy\groovy-xml\2.4.15\groovy-xml-2.4.15.jar;C:\Users\KrishnaA\.m2\repository\org\apache\httpcomponents\httpclient\4.5.3\httpclient-4.5.3.jar;C:\Users\KrishnaA\.m2\repository\org\apache\httpcomponents\httpmime\4.5.1\httpmime-4.5.1.jar;C:\Users\KrishnaA\.m2\repository\org\hamcrest\hamcrest-core\1.3\hamcrest-core-1.3.jar;C:\Users\KrishnaA\.m2\repository\org\hamcrest\hamcrest-library\1.3\hamcrest-library-1.3.jar;C:\Users\KrishnaA\.m2\repository\org\ccil\cowan\tagsoup\tagsoup\1.2.1\tagsoup-1.2.1.jar;C:\Users\KrishnaA\.m2\repository\io\rest-assured\json-path\3.2.0\json-path-3.2.0.jar;C:\Users\KrishnaA\.m2\repository\org\codehaus\groovy\groovy-json\2.4.15\groovy-json-2.4.15.jar;C:\Users\KrishnaA\.m2\repository\io\rest-assured\rest-assured-common\3.2.0\rest-assured-common-3.2.0.jar;C:\Users\KrishnaA\.m2\repository\io\rest-assured\xml-path\3.2.0\xml-path-3.2.0.jar;C:\Users\KrishnaA\.m2\repository\org\apache\commons\commons-lang3\3.4\commons-lang3-3.4.jar;C:\Users\KrishnaA\.m2\repository\javax\xml\bind\jaxb-api\2.2.12\jaxb-api-2.2.12.jar;C:\Users\KrishnaA\.m2\repository\com\sun\xml\bind\jaxb-osgi\2.2.10\jaxb-osgi-2.2.10.jar;C:\Users\KrishnaA\.m2\repository\org\apache\sling\org.apache.sling.javax.activation\0.1.0\org.apache.sling.javax.activation-0.1.0.jar;C:\Users\KrishnaA\.m2\repository\javax\activation\activation\1.1.1\activation-1.1.1.jar;C:\Users\KrishnaA\.m2\repository\org\apache\poi\poi-ooxml\4.1.0\poi-ooxml-4.1.0.jar;C:\Users\KrishnaA\.m2\repository\org\apache\poi\poi-ooxml-schemas\4.1.0\poi-ooxml-schemas-4.1.0.jar;C:\Users\KrishnaA\.m2\repository\org\apache\xmlbeans\xmlbeans\3.1.0\xmlbeans-3.1.0.jar;C:\Users\KrishnaA\.m2\repository\org\apache\commons\commons-compress\1.18\commons-compress-1.18.jar;C:\Users\KrishnaA\.m2\repository\com\github\virtuald\curvesapi\1.06\curvesapi-1.06.jar;C:\Users\KrishnaA\.m2\repository\org\apache\poi\poi\4.1.0\poi-4.1.0.jar;C:\Users\KrishnaA\.m2\repository\commons-codec\commons-codec\1.12\commons-codec-1.12.jar;C:\Users\KrishnaA\.m2\repository\org\apache\commons\commons-collections4\4.3\commons-collections4-4.3.jar;C:\Users\KrishnaA\.m2\repository\org\apache\commons\commons-math3\3.6.1\commons-math3-3.6.1.jar;C:\Users\KrishnaA\.m2\repository\org\testng\testng\6.14.2\testng-6.14.2.jar;C:\Users\KrishnaA\.m2\repository\com\beust\jcommander\1.72\jcommander-1.72.jar;C:\Users\KrishnaA\.m2\repository\org\apache-extras\beanshell\bsh\2.0b6\bsh-2.0b6.jar;C:\Users\KrishnaA\.m2\repository\org\seleniumhq\selenium\selenium-java\3.14.0\selenium-java-3.14.0.jar;C:\Users\KrishnaA\.m2\repository\org\seleniumhq\selenium\selenium-api\3.14.0\selenium-api-3.14.0.jar;C:\Users\KrishnaA\.m2\repository\org\seleniumhq\selenium\selenium-chrome-driver\3.14.0\selenium-chrome-driver-3.14.0.jar;C:\Users\KrishnaA\.m2\repository\org\seleniumhq\selenium\selenium-edge-driver\3.14.0\selenium-edge-driver-3.14.0.jar;C:\Users\KrishnaA\.m2\repository\org\seleniumhq\selenium\selenium-firefox-driver\3.14.0\selenium-firefox-driver-3.14.0.jar;C:\Users\KrishnaA\.m2\repository\org\seleniumhq\selenium\selenium-ie-driver\3.14.0\selenium-ie-driver-3.14.0.jar;C:\Users\KrishnaA\.m2\repository\org\seleniumhq\selenium\selenium-opera-driver\3.14.0\selenium-opera-driver-3.14.0.jar;C:\Users\KrishnaA\.m2\repository\org\seleniumhq\selenium\selenium-remote-driver\3.14.0\selenium-remote-driver-3.14.0.jar;C:\Users\KrishnaA\.m2\repository\org\seleniumhq\selenium\selenium-safari-driver\3.14.0\selenium-safari-driver-3.14.0.jar;C:\Users\KrishnaA\.m2\repository\org\seleniumhq\selenium\selenium-support\3.14.0\selenium-support-3.14.0.jar;C:\Users\KrishnaA\.m2\repository\net\bytebuddy\byte-buddy\1.8.15\byte-buddy-1.8.15.jar;C:\Users\KrishnaA\.m2\repository\org\apache\commons\commons-exec\1.3\commons-exec-1.3.jar;C:\Users\KrishnaA\.m2\repository\commons-logging\commons-logging\1.2\commons-logging-1.2.jar;C:\Users\KrishnaA\.m2\repository\com\google\guava\guava\25.0-jre\guava-25.0-jre.jar;C:\Users\KrishnaA\.m2\repository\com\google\code\findbugs\jsr305\1.3.9\jsr305-1.3.9.jar;C:\Users\KrishnaA\.m2\repository\org\checkerframework\checker-compat-qual\2.0.0\checker-compat-qual-2.0.0.jar;C:\Users\KrishnaA\.m2\repository\com\google\errorprone\error_prone_annotations\2.1.3\error_prone_annotations-2.1.3.jar;C:\Users\KrishnaA\.m2\repository\com\google\j2objc\j2objc-annotations\1.1\j2objc-annotations-1.1.jar;C:\Users\KrishnaA\.m2\repository\org\codehaus\mojo\animal-sniffer-annotations\1.14\animal-sniffer-annotations-1.14.jar;C:\Users\KrishnaA\.m2\repository\org\apache\httpcomponents\httpcore\4.4.9\httpcore-4.4.9.jar;C:\Users\KrishnaA\.m2\repository\com\squareup\okhttp3\okhttp\3.10.0\okhttp-3.10.0.jar;C:\Users\KrishnaA\.m2\repository\com\squareup\okio\okio\1.14.1\okio-1.14.1.jar;C:\Users\KrishnaA\.m2\repository\org\json\json\20160810\json-20160810.jar;C:\Users\KrishnaA\.m2\repository\org\hamcrest\hamcrest-all\1.3\hamcrest-all-1.3.jar;C:\Users\KrishnaA\.m2\repository\com\aventstack\extentreports\3.1.5\extentreports-3.1.5.jar;C:\Users\KrishnaA\.m2\repository\org\freemarker\freemarker\2.3.23\freemarker-2.3.23.jar;C:\Users\KrishnaA\.m2\repository\org\mongodb\mongodb-driver\3.3.0\mongodb-driver-3.3.0.jar;C:\Users\KrishnaA\.m2\repository\org\mongodb\bson\3.3.0\bson-3.3.0.jar;C:\Users\KrishnaA\.m2\repository\org\mongodb\mongodb-driver-core\3.3.0\mongodb-driver-core-3.3.0.jar;C:\Users\KrishnaA\.m2\repository\org\jsoup\jsoup\1.9.2\jsoup-1.9.2.jar;C:\Users\KrishnaA\.m2\repository\com\google\code\gson\gson\2.8.0\gson-2.8.0.jar;C:\Users\KrishnaA\.m2\repository\com\relevantcodes\extentreports\2.41.2\extentreports-2.41.2.jar;C:\Users\KrishnaA\.m2\repository\org\xerial\sqlite-jdbc\3.8.11.1\sqlite-jdbc-3.8.11.1.jar;C:\Users\KrishnaA\.m2\repository\commons-io\commons-io\2.6\commons-io-2.6.jar;C:\Users\KrishnaA\.m2\repository\io\qameta\allure\allure-testng\2.0-BETA19\allure-testng-2.0-BETA19.jar;C:\Users\KrishnaA\.m2\repository\io\qameta\allure\allure-descriptions-javadoc\2.0-BETA19\allure-descriptions-javadoc-2.0-BETA19.jar;C:\Users\KrishnaA\.m2\repository\io\qameta\allure\allure-java-commons\2.0-BETA19\allure-java-commons-2.0-BETA19.jar;C:\Users\KrishnaA\.m2\repository\io\qameta\allure\allure2-model-api\1.0-BETA6\allure2-model-api-1.0-BETA6.jar;C:\Users\KrishnaA\.m2\repository\io\qameta\allure\allure2-model-pojo\1.0-BETA6\allure2-model-pojo-1.0-BETA6.jar;C:\Users\KrishnaA\.m2\repository\org\apache\tika\tika-core\1.14\tika-core-1.14.jar;C:\Users\KrishnaA\.m2\repository\io\qameta\allure\allure2-model-jackson\1.0-BETA6\allure2-model-jackson-1.0-BETA6.jar;C:\Users\KrishnaA\.m2\repository\com\fasterxml\jackson\core\jackson-databind\2.7.0\jackson-databind-2.7.0.jar;C:\Users\KrishnaA\.m2\repository\com\fasterxml\jackson\core\jackson-annotations\2.7.0\jackson-annotations-2.7.0.jar;C:\Users\KrishnaA\.m2\repository\com\fasterxml\jackson\core\jackson-core\2.7.0\jackson-core-2.7.0.jar;C:\Users\KrishnaA\.m2\repository\com\fasterxml\jackson\module\jackson-module-jaxb-annotations\2.7.0\jackson-module-jaxb-annotations-2.7.0.jar;C:\Users\KrishnaA\.m2\repository\org\aspectj\aspectjrt\1.8.10\aspectjrt-1.8.10.jar;C:\Users\KrishnaA\.m2\repository\org\jooq\joor\0.9.6\joor-0.9.6.jar;"/>
    <property name="java.vm.vendor" value="Oracle Corporation"/>
    <property name="sun.arch.data.model" value="64"/>
    <property name="user.variant" value=""/>
    <property name="java.vendor.url" value="http://java.oracle.com/"/>
    <property name="user.timezone" value="Asia/Calcutta"/>
    <property name="java.vm.specification.version" value="1.8"/>
    <property name="os.name" value="Windows 7"/>
    <property name="user.country" value="US"/>
    <property name="sun.java.launcher" value="SUN_STANDARD"/>
    <property name="sun.boot.library.path" value="C:\Program Files\Java\jdk1.8.0_201\jre\bin"/>
    <property name="sun.java.command" value="C:\Users\KrishnaA\AppData\Local\Temp\surefire3170932109771292386\surefirebooter5875063565414102788.jar C:\Users\KrishnaA\AppData\Local\Temp\surefire3170932109771292386 2019-08-01T12-46-06_327-jvmRun1 surefire7170073641841028844tmp surefire_05443892780978273402tmp"/>
    <property name="surefire.test.class.path" value="C:\Users\KrishnaA\RestAssuredMaven\target\test-classes;C:\Users\KrishnaA\RestAssuredMaven\target\classes;C:\Users\KrishnaA\.m2\repository\org\apache\wicket\wicket\1.3.2\wicket-1.3.2.jar;C:\Users\KrishnaA\.m2\repository\org\slf4j\slf4j-api\1.4.2\slf4j-api-1.4.2.jar;C:\Users\KrishnaA\.m2\repository\org\slf4j\slf4j-log4j12\1.4.2\slf4j-log4j12-1.4.2.jar;C:\Users\KrishnaA\.m2\repository\log4j\log4j\1.2.17\log4j-1.2.17.jar;C:\Users\KrishnaA\.m2\repository\junit\junit\3.8.2\junit-3.8.2.jar;C:\Users\KrishnaA\.m2\repository\org\mortbay\jetty\jetty\6.1.4\jetty-6.1.4.jar;C:\Users\KrishnaA\.m2\repository\org\mortbay\jetty\servlet-api-2.5\6.1.4\servlet-api-2.5-6.1.4.jar;C:\Users\KrishnaA\.m2\repository\org\mortbay\jetty\jetty-util\6.1.4\jetty-util-6.1.4.jar;C:\Users\KrishnaA\.m2\repository\org\mortbay\jetty\jetty-management\6.1.4\jetty-management-6.1.4.jar;C:\Users\KrishnaA\.m2\repository\mx4j\mx4j\3.0.1\mx4j-3.0.1.jar;C:\Users\KrishnaA\.m2\repository\mx4j\mx4j-tools\3.0.1\mx4j-tools-3.0.1.jar;C:\Users\KrishnaA\.m2\repository\io\rest-assured\rest-assured\3.2.0\rest-assured-3.2.0.jar;C:\Users\KrishnaA\.m2\repository\org\codehaus\groovy\groovy\2.4.15\groovy-2.4.15.jar;C:\Users\KrishnaA\.m2\repository\org\codehaus\groovy\groovy-xml\2.4.15\groovy-xml-2.4.15.jar;C:\Users\KrishnaA\.m2\repository\org\apache\httpcomponents\httpclient\4.5.3\httpclient-4.5.3.jar;C:\Users\KrishnaA\.m2\repository\org\apache\httpcomponents\httpmime\4.5.1\httpmime-4.5.1.jar;C:\Users\KrishnaA\.m2\repository\org\hamcrest\hamcrest-core\1.3\hamcrest-core-1.3.jar;C:\Users\KrishnaA\.m2\repository\org\hamcrest\hamcrest-library\1.3\hamcrest-library-1.3.jar;C:\Users\KrishnaA\.m2\repository\org\ccil\cowan\tagsoup\tagsoup\1.2.1\tagsoup-1.2.1.jar;C:\Users\KrishnaA\.m2\repository\io\rest-assured\json-path\3.2.0\json-path-3.2.0.jar;C:\Users\KrishnaA\.m2\repository\org\codehaus\groovy\groovy-json\2.4.15\groovy-json-2.4.15.jar;C:\Users\KrishnaA\.m2\repository\io\rest-assured\rest-assured-common\3.2.0\rest-assured-common-3.2.0.jar;C:\Users\KrishnaA\.m2\repository\io\rest-assured\xml-path\3.2.0\xml-path-3.2.0.jar;C:\Users\KrishnaA\.m2\repository\org\apache\commons\commons-lang3\3.4\commons-lang3-3.4.jar;C:\Users\KrishnaA\.m2\repository\javax\xml\bind\jaxb-api\2.2.12\jaxb-api-2.2.12.jar;C:\Users\KrishnaA\.m2\repository\com\sun\xml\bind\jaxb-osgi\2.2.10\jaxb-osgi-2.2.10.jar;C:\Users\KrishnaA\.m2\repository\org\apache\sling\org.apache.sling.javax.activation\0.1.0\org.apache.sling.javax.activation-0.1.0.jar;C:\Users\KrishnaA\.m2\repository\javax\activation\activation\1.1.1\activation-1.1.1.jar;C:\Users\KrishnaA\.m2\repository\org\apache\poi\poi-ooxml\4.1.0\poi-ooxml-4.1.0.jar;C:\Users\KrishnaA\.m2\repository\org\apache\poi\poi-ooxml-schemas\4.1.0\poi-ooxml-schemas-4.1.0.jar;C:\Users\KrishnaA\.m2\repository\org\apache\xmlbeans\xmlbeans\3.1.0\xmlbeans-3.1.0.jar;C:\Users\KrishnaA\.m2\repository\org\apache\commons\commons-compress\1.18\commons-compress-1.18.jar;C:\Users\KrishnaA\.m2\repository\com\github\virtuald\curvesapi\1.06\curvesapi-1.06.jar;C:\Users\KrishnaA\.m2\repository\org\apache\poi\poi\4.1.0\poi-4.1.0.jar;C:\Users\KrishnaA\.m2\repository\commons-codec\commons-codec\1.12\commons-codec-1.12.jar;C:\Users\KrishnaA\.m2\repository\org\apache\commons\commons-collections4\4.3\commons-collections4-4.3.jar;C:\Users\KrishnaA\.m2\repository\org\apache\commons\commons-math3\3.6.1\commons-math3-3.6.1.jar;C:\Users\KrishnaA\.m2\repository\org\testng\testng\6.14.2\testng-6.14.2.jar;C:\Users\KrishnaA\.m2\repository\com\beust\jcommander\1.72\jcommander-1.72.jar;C:\Users\KrishnaA\.m2\repository\org\apache-extras\beanshell\bsh\2.0b6\bsh-2.0b6.jar;C:\Users\KrishnaA\.m2\repository\org\seleniumhq\selenium\selenium-java\3.14.0\selenium-java-3.14.0.jar;C:\Users\KrishnaA\.m2\repository\org\seleniumhq\selenium\selenium-api\3.14.0\selenium-api-3.14.0.jar;C:\Users\KrishnaA\.m2\repository\org\seleniumhq\selenium\selenium-chrome-driver\3.14.0\selenium-chrome-driver-3.14.0.jar;C:\Users\KrishnaA\.m2\repository\org\seleniumhq\selenium\selenium-edge-driver\3.14.0\selenium-edge-driver-3.14.0.jar;C:\Users\KrishnaA\.m2\repository\org\seleniumhq\selenium\selenium-firefox-driver\3.14.0\selenium-firefox-driver-3.14.0.jar;C:\Users\KrishnaA\.m2\repository\org\seleniumhq\selenium\selenium-ie-driver\3.14.0\selenium-ie-driver-3.14.0.jar;C:\Users\KrishnaA\.m2\repository\org\seleniumhq\selenium\selenium-opera-driver\3.14.0\selenium-opera-driver-3.14.0.jar;C:\Users\KrishnaA\.m2\repository\org\seleniumhq\selenium\selenium-remote-driver\3.14.0\selenium-remote-driver-3.14.0.jar;C:\Users\KrishnaA\.m2\repository\org\seleniumhq\selenium\selenium-safari-driver\3.14.0\selenium-safari-driver-3.14.0.jar;C:\Users\KrishnaA\.m2\repository\org\seleniumhq\selenium\selenium-support\3.14.0\selenium-support-3.14.0.jar;C:\Users\KrishnaA\.m2\repository\net\bytebuddy\byte-buddy\1.8.15\byte-buddy-1.8.15.jar;C:\Users\KrishnaA\.m2\repository\org\apache\commons\commons-exec\1.3\commons-exec-1.3.jar;C:\Users\KrishnaA\.m2\repository\commons-logging\commons-logging\1.2\commons-logging-1.2.jar;C:\Users\KrishnaA\.m2\repository\com\google\guava\guava\25.0-jre\guava-25.0-jre.jar;C:\Users\KrishnaA\.m2\repository\com\google\code\findbugs\jsr305\1.3.9\jsr305-1.3.9.jar;C:\Users\KrishnaA\.m2\repository\org\checkerframework\checker-compat-qual\2.0.0\checker-compat-qual-2.0.0.jar;C:\Users\KrishnaA\.m2\repository\com\google\errorprone\error_prone_annotations\2.1.3\error_prone_annotations-2.1.3.jar;C:\Users\KrishnaA\.m2\repository\com\google\j2objc\j2objc-annotations\1.1\j2objc-annotations-1.1.jar;C:\Users\KrishnaA\.m2\repository\org\codehaus\mojo\animal-sniffer-annotations\1.14\animal-sniffer-annotations-1.14.jar;C:\Users\KrishnaA\.m2\repository\org\apache\httpcomponents\httpcore\4.4.9\httpcore-4.4.9.jar;C:\Users\KrishnaA\.m2\repository\com\squareup\okhttp3\okhttp\3.10.0\okhttp-3.10.0.jar;C:\Users\KrishnaA\.m2\repository\com\squareup\okio\okio\1.14.1\okio-1.14.1.jar;C:\Users\KrishnaA\.m2\repository\org\json\json\20160810\json-20160810.jar;C:\Users\KrishnaA\.m2\repository\org\hamcrest\hamcrest-all\1.3\hamcrest-all-1.3.jar;C:\Users\KrishnaA\.m2\repository\com\aventstack\extentreports\3.1.5\extentreports-3.1.5.jar;C:\Users\KrishnaA\.m2\repository\org\freemarker\freemarker\2.3.23\freemarker-2.3.23.jar;C:\Users\KrishnaA\.m2\repository\org\mongodb\mongodb-driver\3.3.0\mongodb-driver-3.3.0.jar;C:\Users\KrishnaA\.m2\repository\org\mongodb\bson\3.3.0\bson-3.3.0.jar;C:\Users\KrishnaA\.m2\repository\org\mongodb\mongodb-driver-core\3.3.0\mongodb-driver-core-3.3.0.jar;C:\Users\KrishnaA\.m2\repository\org\jsoup\jsoup\1.9.2\jsoup-1.9.2.jar;C:\Users\KrishnaA\.m2\repository\com\google\code\gson\gson\2.8.0\gson-2.8.0.jar;C:\Users\KrishnaA\.m2\repository\com\relevantcodes\extentreports\2.41.2\extentreports-2.41.2.jar;C:\Users\KrishnaA\.m2\repository\org\xerial\sqlite-jdbc\3.8.11.1\sqlite-jdbc-3.8.11.1.jar;C:\Users\KrishnaA\.m2\repository\commons-io\commons-io\2.6\commons-io-2.6.jar;C:\Users\KrishnaA\.m2\repository\io\qameta\allure\allure-testng\2.0-BETA19\allure-testng-2.0-BETA19.jar;C:\Users\KrishnaA\.m2\repository\io\qameta\allure\allure-descriptions-javadoc\2.0-BETA19\allure-descriptions-javadoc-2.0-BETA19.jar;C:\Users\KrishnaA\.m2\repository\io\qameta\allure\allure-java-commons\2.0-BETA19\allure-java-commons-2.0-BETA19.jar;C:\Users\KrishnaA\.m2\repository\io\qameta\allure\allure2-model-api\1.0-BETA6\allure2-model-api-1.0-BETA6.jar;C:\Users\KrishnaA\.m2\repository\io\qameta\allure\allure2-model-pojo\1.0-BETA6\allure2-model-pojo-1.0-BETA6.jar;C:\Users\KrishnaA\.m2\repository\org\apache\tika\tika-core\1.14\tika-core-1.14.jar;C:\Users\KrishnaA\.m2\repository\io\qameta\allure\allure2-model-jackson\1.0-BETA6\allure2-model-jackson-1.0-BETA6.jar;C:\Users\KrishnaA\.m2\repository\com\fasterxml\jackson\core\jackson-databind\2.7.0\jackson-databind-2.7.0.jar;C:\Users\KrishnaA\.m2\repository\com\fasterxml\jackson\core\jackson-annotations\2.7.0\jackson-annotations-2.7.0.jar;C:\Users\KrishnaA\.m2\repository\com\fasterxml\jackson\core\jackson-core\2.7.0\jackson-core-2.7.0.jar;C:\Users\KrishnaA\.m2\repository\com\fasterxml\jackson\module\jackson-module-jaxb-annotations\2.7.0\jackson-module-jaxb-annotations-2.7.0.jar;C:\Users\KrishnaA\.m2\repository\org\aspectj\aspectjrt\1.8.10\aspectjrt-1.8.10.jar;C:\Users\KrishnaA\.m2\repository\org\jooq\joor\0.9.6\joor-0.9.6.jar;"/>
    <property name="sun.cpu.endian" value="little"/>
    <property name="user.home" value="C:\Users\KrishnaA"/>
    <property name="user.language" value="en"/>
    <property name="java.specification.vendor" value="Oracle Corporation"/>
    <property name="java.home" value="C:\Program Files\Java\jdk1.8.0_201\jre"/>
    <property name="basedir" value="C:\Users\KrishnaA\RestAssuredMaven"/>
    <property name="file.separator" value="\"/>
    <property name="line.separator" value="&#10;"/>
    <property name="java.vm.specification.vendor" value="Oracle Corporation"/>
    <property name="java.specification.name" value="Java Platform API Specification"/>
    <property name="java.awt.graphicsenv" value="sun.awt.Win32GraphicsEnvironment"/>
    <property name="surefire.real.class.path" value="C:\Users\KrishnaA\AppData\Local\Temp\surefire3170932109771292386\surefirebooter5875063565414102788.jar;C:\Users\KrishnaA\.m2\repository/org/aspectj/aspectjweaver/1.8.10/aspectjweaver-1.8.10.jar"/>
    <property name="sun.boot.class.path" value="C:\Program Files\Java\jdk1.8.0_201\jre\lib\resources.jar;C:\Program Files\Java\jdk1.8.0_201\jre\lib\rt.jar;C:\Program Files\Java\jdk1.8.0_201\jre\lib\sunrsasign.jar;C:\Program Files\Java\jdk1.8.0_201\jre\lib\jsse.jar;C:\Program Files\Java\jdk1.8.0_201\jre\lib\jce.jar;C:\Program Files\Java\jdk1.8.0_201\jre\lib\charsets.jar;C:\Program Files\Java\jdk1.8.0_201\jre\lib\jfr.jar;C:\Program Files\Java\jdk1.8.0_201\jre\classes"/>
    <property name="user.script" value=""/>
    <property name="sun.management.compiler" value="HotSpot 64-Bit Tiered Compilers"/>
    <property name="java.runtime.version" value="1.8.0_201-b09"/>
    <property name="user.name" value="KrishnaA"/>
    <property name="path.separator" value=";"/>
    <property name="os.version" value="6.1"/>
    <property name="java.endorsed.dirs" value="C:\Program Files\Java\jdk1.8.0_201\jre\lib\endorsed"/>
    <property name="java.runtime.name" value="Java(TM) SE Runtime Environment"/>
    <property name="file.encoding" value="Cp1252"/>
    <property name="java.vm.name" value="Java HotSpot(TM) 64-Bit Server VM"/>
    <property name="localRepository" value="C:\Users\KrishnaA\.m2\repository"/>
    <property name="java.vendor.url.bug" value="http://bugreport.sun.com/bugreport/"/>
    <property name="java.io.tmpdir" value="C:\Users\KrishnaA\AppData\Local\Temp\"/>
    <property name="java.version" value="1.8.0_201"/>
    <property name="user.dir" value="C:\Users\KrishnaA\RestAssuredMaven"/>
    <property name="os.arch" value="amd64"/>
    <property name="java.vm.specification.name" value="Java Virtual Machine Specification"/>
    <property name="java.awt.printerjob" value="sun.awt.windows.WPrinterJob"/>
    <property name="sun.os.patch.level" value="Service Pack 1"/>
    <property name="java.library.path" value="C:\Program Files\Java\jdk1.8.0_201\jre\bin;C:\Windows\Sun\Java\bin;C:\Windows\system32;C:\Windows;C:\Program Files (x86)\Common Files\Oracle\Java\javapath;C:\ProgramData\Oracle\Java\javapath;C:\Windows\system32;C:\Windows;C:\Windows\System32\Wbem;C:\Windows\System32\WindowsPowerShell\v1.0\;D:\Maven\apache-maven-3.6.0-bin\apache-maven-3.6.0\bin;C:\Users\KrishnaA\Downloads\allure-commandline-2.10.0\allure-2.10.0\bin;C:\Windows\System32\WindowsPowerShell\v1.0\;C:\Windows\System32\WindowsPowerShell\v1.0\;C:\Program Files\Git\cmd;C:\Users\KrishnaA\scoop\shims;C:\Users\KrishnaA\AppData\Local\GitHubDesktop\bin;."/>
    <property name="java.vm.info" value="mixed mode"/>
    <property name="java.vendor" value="Oracle Corporation"/>
    <property name="java.vm.version" value="25.201-b09"/>
    <property name="java.ext.dirs" value="C:\Program Files\Java\jdk1.8.0_201\jre\lib\ext;C:\Windows\Sun\Java\lib\ext"/>
    <property name="sun.io.unicode.encoding" value="UnicodeLittle"/>
    <property name="java.class.version" value="52.0"/>
  </properties>
  <testcase name="accCheck_Valild_AccountChek_Flow_with_only_mandatory_parameters" classname="accCheck.AccountCheckTests" time="5.762"/>
  <testcase name="accCheck_Valild_AccountChek_Flow_with_all_parameters" classname="accCheck.AccountCheckTests" time="5.828"/>
  <testcase name="accCheck_Null_SSN" classname="accCheck.AccountCheckTests" time="1.355"/>
  <testcase name="accCheck_Null_First_Name" classname="accCheck.AccountCheckTests" time="0.526"/>
  <testcase name="accCheck_Null_Zip_Code" classname="accCheck.AccountCheckTests" time="0.077"/>
  <testcase name="accCheck_Null_Address_line_1" classname="accCheck.AccountCheckTests" time="0.072"/>
  <testcase name="accCheck_Null_Last_Name" classname="accCheck.AccountCheckTests" time="0.073"/>
  <testcase name="accCheck_Null_account_id" classname="accCheck.AccountCheckTests" time="0.476"/>
  <testcase name="accCheck_Null_cust_id_and_ac_id" classname="accCheck.AccountCheckTests" time="0.2"/>
  <testcase name="accCheck_Null_customer_id" classname="accCheck.AccountCheckTests" time="0.289"/>
  <testcase name="accCheck_Null_email_address" classname="accCheck.AccountCheckTests" time="0.381"/>
  <testcase name="accCheck_Null_first_name_last_name_ssn_email_verification_type" classname="accCheck.AccountCheckTests" time="0.452"/>
  <testcase name="accCheck_Null_verification_type" classname="accCheck.AccountCheckTests" time="1.28"/>
  <testcase name="accCheck_Invalid_Zip_Code" classname="accCheck.AccountCheckTests" time="1.444"/>
  <testcase name="accCheck_Invalid_email_address1" classname="accCheck.AccountCheckTests" time="1.46"/>
  <testcase name="accCheck_Invalid_customer_id" classname="accCheck.AccountCheckTests" time="1.58"/>
  <testcase name="accCheck_Invalid_account_id" classname="accCheck.AccountCheckTests" time="0.003"/>
  <testcase name="accCheck_Invalid_email_address2" classname="accCheck.AccountCheckTests" time="0.003"/>
  <testcase name="accCheck_Invalid_email_address3" classname="accCheck.AccountCheckTests" time="1.02"/>
  <testcase name="accCheck_Invalid_email_address4" classname="accCheck.AccountCheckTests" time="0.012"/>
  <testcase name="accCheck_Invalid_email_address5" classname="accCheck.AccountCheckTests" time="0.012"/>
  <testcase name="accCheck_Invalid_verification_type" classname="accCheck.AccountCheckTests" time="0.034"/>
  <testcase name="accCheck_SSN_greater_than_9_digits" classname="accCheck.AccountCheckTests" time="0.045"/>
  <testcase name="accCheck_SSN_less_than_9_digits" classname="accCheck.AccountCheckTests" time="1.014"/>
  <testcase name="accCheck_zip_code_less_than_5_digits_ssn_less_than_9_null_fist_and_last_name_invalid_email" classname="accCheck.AccountCheckTests" time="1.109"/>
  <testcase name="Valid_Finicity_flow_for_Asset_Income_Verification_With_all_parameters" classname="finicity.FinicityTests" time="1.396">
    <failure message="1 expectation failed.&#10;Expected status code &lt;200&gt; but was &lt;500&gt;.&#10;" type="java.lang.AssertionError"><![CDATA[java.lang.AssertionError: 
1 expectation failed.
Expected status code <200> but was <500>.

	at finicity.FinicityTests.Valid_Finicity_flow_for_Asset_Income_Verification_With_all_parameters(FinicityTests.java:122)
]]></failure>
    <system-out><![CDATA[*** Test Suite AccountCheck ending ***
PASSED: accCheck_Valild_AccountChek_Flow_with_only_mandatory_parameters
        Valild Account Check Flow with only mandatory parameters and Sharing Accounts of two different banks
PASSED: accCheck_Valild_AccountChek_Flow_with_all_parameters
        Valid scenario with all parameters and sharing Accounts of single bank
PASSED: accCheck_Null_SSN
        Null SSN
PASSED: accCheck_Null_First_Name
        Null First Name
PASSED: accCheck_Null_Zip_Code
        Null Zip Code and Sharing only one of the two accounts of single bank
PASSED: accCheck_Null_Address_line_1
        Null Address line 1
PASSED: accCheck_Null_Last_Name
        Null Last Name
PASSED: accCheck_Null_account_id
        Null account id
PASSED: accCheck_Null_cust_id_and_ac_id
        Null cust id and ac id
PASSED: accCheck_Null_customer_id
        Null customer id
PASSED: accCheck_Null_email_address
        Null email address
PASSED: accCheck_Null_first_name_last_name_ssn_email_verification_type
        Null first name last name ssn email verification type
PASSED: accCheck_Null_verification_type
        Null verification type
PASSED: accCheck_Invalid_Zip_Code
        Invalid Zip Code
PASSED: accCheck_Invalid_email_address1
        Invalid email address1
PASSED: accCheck_Invalid_customer_id
        Invalid customer id
PASSED: accCheck_Invalid_email_address2
        Invalid email address2
PASSED: accCheck_Invalid_account_id
        Invalid account id
PASSED: accCheck_Invalid_email_address3
        Invalid email address3
PASSED: accCheck_Invalid_email_address4
        Invalid email address4
PASSED: accCheck_Invalid_email_address5
        Invalid email address5
PASSED: accCheck_Invalid_verification_type
        Invalid verification type
PASSED: accCheck_SSN_greater_than_9_digits
        SSN greater than 9 digits
PASSED: accCheck_SSN_less_than_9_digits
        SSN less than 9 digits
PASSED: accCheck_zip_code_less_than_5_digits_ssn_less_than_9_null_fist_and_last_name_invalid_email
        zip code less than 5 digits ssn less than 9 null fist and last name invalid email

===============================================
    AccountCheck
    Tests run: 25, Failures: 0, Skips: 0
===============================================

*** Test Suite AccountCheck ending ***
*** Test Suite Finicity started ***
*** Running test method Valid_Finicity_flow_for_Asset_Income_Verification_With_all_parameters...
Valid_Finicity_flow_for_Asset_Income_Verification_With_all_parameters
"ASSET_INCOME_VERIFICATION"
"839e7e29-3d7f-4aa5-9ae7-94d6d4f1ec7d"
"FINICITY"
"10101"
"Test"
"Testing"
"test@test.test"
1.23456789E8
"Tester"
null
"1234567890"
"Address, 123"
"abcd12"
"Seattle"
"WA"
"98109"
"12/30/1994"
200.0
sjhdgh
 profile-06
Valid_Finicity_flow_for_Asset_Income_Verification_With_all_parameters
"ASSET_INCOME_VERIFICATION"
"839e7e29-3d7f-4aa5-9ae7-94d6d4f1ec7d"
"FINICITY"
"10101"
"Test"
"Testing"
"test@test.test"
1.23456789E8
"Tester"
null
"1234567890"
"Address, 123"
"abcd12"
"Seattle"
"WA"
"98109"
"12/30/1994"
200.0
sjhdgh
 profile-06
*** Test execution Valid_Finicity_flow_for_Asset_Income_Verification_With_all_parameters failed...
]]></system-out>
  </testcase>
  <testcase name="checkStatus" classname="finicity.FinicityTests" time="1.396">
    <failure type="java.lang.NullPointerException">java.lang.NullPointerException
	at finicity.FinicityTests.checkStatus(FinicityTests.java:36)
</failure>
  </testcase>
  <testcase name="Valid_Finicity_flow_for_Asset_Income_Verification_With_only_mandatory_parameters" classname="finicity.FinicityTests" time="6.321"/>
  <testcase name="Valid_Finicity_flow_for_Asset_Verification_With_all_parameters" classname="finicity.FinicityTests" time="123.054"/>
  <testcase name="Valid_Finicity_flow_for_Asset_Verification_With_only_mandatory_parameters" classname="finicity.FinicityTests" time="5.93"/>
  <testcase name="Valid_Finicity_flow_for_Income_Verification_With_all_parameters" classname="finicity.FinicityTests" time="118.482"/>
  <testcase name="Valid_Finicity_flow_for_Income_Verification_With_only_mandatory_parameters" classname="finicity.FinicityTests" time="9.266"/>
  <testcase name="Null_Account_ID" classname="finicity.FinicityTests" time="1.177"/>
  <testcase name="Null_City" classname="finicity.FinicityTests" time="1.298"/>
  <testcase name="Null_First_Name" classname="finicity.FinicityTests" time="1.186"/>
  <testcase name="Null_Last_Name" classname="finicity.FinicityTests" time="1.185"/>
  <testcase name="Null_Phone_number" classname="finicity.FinicityTests" time="1.224"/>
  <testcase name="Null_SSN" classname="finicity.FinicityTests" time="1.278"/>
  <testcase name="Null_State" classname="finicity.FinicityTests" time="1.251"/>
  <testcase name="Null_Username" classname="finicity.FinicityTests" time="3.581"/>
  <testcase name="Null_Verification_Type" classname="finicity.FinicityTests" time="1.189"/>
  <testcase name="Null_Zip_code" classname="finicity.FinicityTests" time="1.281"/>
  <testcase name="Null_both_address_lines" classname="finicity.FinicityTests" time="1.269"/>
  <testcase name="Null_cust_id_and_ac_id" classname="finicity.FinicityTests" time="1.201"/>
  <testcase name="Null_dob" classname="finicity.FinicityTests" time="1.281"/>
  <testcase name="Null_first_last_ssn_dob_both_add_lines_city_state_zip_phone" classname="finicity.FinicityTests" time="1.139"/>
  <testcase name="With_Address_line_1_only_Null_Address_line_2" classname="finicity.FinicityTests" time="3.548"/>
  <testcase name="With_Address_line_2_only_Null_Address_line_1" classname="finicity.FinicityTests" time="4.556"/>
  <testcase name="null_email_address" classname="finicity.FinicityTests" time="1.283"/>
  <testcase name="Invalid_Account_ID" classname="finicity.FinicityTests" time="1.265"/>
  <testcase name="Invalid_Customer_ID" classname="finicity.FinicityTests" time="1.204"/>
  <testcase name="Invalid_cust_id_ac_id" classname="finicity.FinicityTests" time="1.204"/>
  <testcase name="Invalid_dob_DD_MM_YY" classname="finicity.FinicityTests" time="1.157"/>
  <testcase name="Invalid_dob_DD_MM_YYYY" classname="finicity.FinicityTests" time="1.183"/>
  <testcase name="Invalid_dob_MM_YYYY_DD" classname="finicity.FinicityTests" time="1.224"/>
  <testcase name="Invalid_dob_YYYY_DD_MM" classname="finicity.FinicityTests" time="1.111"/>
  <testcase name="Invalid_dob_both_add_lines_null_city_state_zip_code_less_than_5_ssn_less_than_9" classname="finicity.FinicityTests" time="1.135"/>
  <testcase name="Invalid_email_address1" classname="finicity.FinicityTests" time="1.17"/>
  <testcase name="Invalid_email_address2" classname="finicity.FinicityTests" time="1.188"/>
  <testcase name="Invalid_email_address3" classname="finicity.FinicityTests" time="1.171"/>
  <testcase name="Invalid_email_address4" classname="finicity.FinicityTests" time="1.143"/>
  <testcase name="Invalid_email_address5" classname="finicity.FinicityTests" time="1.198"/>
  <testcase name="Invalild_Verification_Type" classname="finicity.FinicityTests" time="1.224"/>
  <testcase name="SSN_greater_than_9_digits" classname="finicity.FinicityTests" time="1.184"/>
  <testcase name="SSN_less_than_9_digits" classname="finicity.FinicityTests" time="1.149"/>
  <testcase name="Username_less_than_6_characters" classname="finicity.FinicityTests" time="1.231"/>
  <testcase name="Zip_code_greater_than_5_digits" classname="finicity.FinicityTests" time="1.147"/>
  <testcase name="Zip_code_less_than_5_digits" classname="finicity.FinicityTests" time="1.209"/>
  <testcase name="downloadReport" classname="finicity.FinicityTests" time="1.269">
    <failure message="&#10;Cannot inject @Test annotated Method [downloadReport] with [class java.lang.String].&#10;For more information on native dependency injection please refer to http://testng.org/doc/documentation-main.html#native-dependency-injection" type="org.testng.TestNGException">org.testng.TestNGException: 

Cannot inject @Test annotated Method [downloadReport] with [class java.lang.String].
For more information on native dependency injection please refer to http://testng.org/doc/documentation-main.html#native-dependency-injection
</failure>
    <system-out><![CDATA[*** Test execution downloadReport failed...
]]></system-out>
    <system-err><![CDATA[[Utils] [ERROR] [Error] org.testng.TestNGException: 
Cannot inject @Test annotated Method [downloadReport] with [class java.lang.String].
For more information on native dependency injection please refer to http://testng.org/doc/documentation-main.html#native-dependency-injection
	at org.testng.internal.Parameters.checkParameterTypes(Parameters.java:407)
	at org.testng.internal.Parameters.createParametersForMethod(Parameters.java:356)
	at org.testng.internal.Parameters.createParameters(Parameters.java:635)
	at org.testng.internal.Parameters.handleParameters(Parameters.java:769)
	at org.testng.internal.ParameterHandler.handleParameters(ParameterHandler.java:49)
	at org.testng.internal.ParameterHandler.createParameters(ParameterHandler.java:37)
	at org.testng.internal.Invoker.invokeTestMethods(Invoker.java:923)
	at org.testng.internal.TestMethodWorker.invokeTestMethods(TestMethodWorker.java:125)
	at org.testng.internal.TestMethodWorker.run(TestMethodWorker.java:109)
	at org.testng.TestRunner.privateRun(TestRunner.java:648)
	at org.testng.TestRunner.run(TestRunner.java:505)
	at org.testng.SuiteRunner.runTest(SuiteRunner.java:455)
	at org.testng.SuiteRunner.runSequentially(SuiteRunner.java:450)
	at org.testng.SuiteRunner.privateRun(SuiteRunner.java:415)
	at org.testng.SuiteRunner.run(SuiteRunner.java:364)
	at org.testng.SuiteRunnerWorker.runSuite(SuiteRunnerWorker.java:52)
	at org.testng.SuiteRunnerWorker.run(SuiteRunnerWorker.java:84)
	at org.testng.TestNG.runSuitesSequentially(TestNG.java:1208)
	at org.testng.TestNG.runSuitesLocally(TestNG.java:1137)
	at org.testng.TestNG.runSuites(TestNG.java:1049)
	at org.testng.TestNG.run(TestNG.java:1017)
	at org.apache.maven.surefire.testng.TestNGExecutor.run(TestNGExecutor.java:283)
	at org.apache.maven.surefire.testng.TestNGXmlTestSuite.execute(TestNGXmlTestSuite.java:75)
	at org.apache.maven.surefire.testng.TestNGProvider.invoke(TestNGProvider.java:120)
	at org.apache.maven.surefire.booter.ForkedBooter.invokeProviderInSameClassLoader(ForkedBooter.java:384)
	at org.apache.maven.surefire.booter.ForkedBooter.runSuitesInProcess(ForkedBooter.java:345)
	at org.apache.maven.surefire.booter.ForkedBooter.execute(ForkedBooter.java:126)
	at org.apache.maven.surefire.booter.ForkedBooter.main(ForkedBooter.java:418)

]]></system-err>
  </testcase>
  <testcase name="Valid_Zillow_Flow_with_Address_Line_2_with_city_state_null" classname="zillow.ZillowTests" time="1.54"/>
  <testcase name="Valid_Zillow_Flow_with_Address_Line_2_with_zip_null" classname="zillow.ZillowTests" time="1.481"/>
  <testcase name="Valid_Zillow_Flow_with_City_State_Combination" classname="zillow.ZillowTests" time="1.519"/>
  <testcase name="Valild_Zillow_Flow_with_City_State_Zip_Combination" classname="zillow.ZillowTests" time="27.839"/>
  <testcase name="Valild_Zillow_Flow_with_City_State_Zip_Combination_Zip_code_starting_with_zero" classname="zillow.ZillowTests" time="1.549"/>
  <testcase name="Valild_Zillow_Flow_with_Zip" classname="zillow.ZillowTests" time="1.518"/>
  <testcase name="Valild_Zillow_Flow_with_Zip_starting_with_zero" classname="zillow.ZillowTests" time="1.497"/>
  <testcase name="Address_line_1_with_city_null_state" classname="zillow.ZillowTests" time="1.262"/>
  <testcase name="Address_line_1_with_city_with_empty_state_and_null_zip" classname="zillow.ZillowTests" time="1.555"/>
  <testcase name="Address_line_1_with_null_zip" classname="zillow.ZillowTests" time="1.241"/>
  <testcase name="Address_line_1_with_state_null_city" classname="zillow.ZillowTests" time="1.248"/>
  <testcase name="Address_line_1_with_state_with_empty_city_and_null_zip" classname="zillow.ZillowTests" time="1.517"/>
  <testcase name="Null_Address_Line1" classname="zillow.ZillowTests" time="1.2"/>
  <testcase name="Null_account_id" classname="zillow.ZillowTests" time="1.151"/>
  <testcase name="Null_add_line_city_zip_code_state" classname="zillow.ZillowTests" time="1.26"/>
  <testcase name="Null_cust_id_ac_id" classname="zillow.ZillowTests" time="1.133"/>
  <testcase name="Null_customer_id" classname="zillow.ZillowTests" time="1.175"/>
  <testcase name="Null_verification_type" classname="zillow.ZillowTests" time="1.137"/>
  <testcase name="With_address_line_2_and_city_state" classname="zillow.ZillowTests" time="1.271"/>
  <testcase name="With_address_line_2_and_zip" classname="zillow.ZillowTests" time="1.252"/>
  <testcase name="With_only_address_line_1" classname="zillow.ZillowTests" time="1.257"/>
  <testcase name="Invalid_Account_ID" classname="zillow.ZillowTests" time="1.287"/>
  <testcase name="Invalid_Address_Line1" classname="zillow.ZillowTests" time="1.575"/>
  <testcase name="Invalid_City" classname="zillow.ZillowTests" time="1.613"/>
  <testcase name="Invalid_City_State_Combination_without_zip" classname="zillow.ZillowTests" time="1.581"/>
  <testcase name="Invalid_City_State_Zip_Combination" classname="zillow.ZillowTests" time="1.643"/>
  <testcase name="Invalid_Customer_ID" classname="zillow.ZillowTests" time="1.188"/>
  <testcase name="Invalid_State" classname="zillow.ZillowTests" time="1.455"/>
  <testcase name="Invalid_Verification_Type" classname="zillow.ZillowTests" time="1.252"/>
  <testcase name="Invalid_Zip" classname="zillow.ZillowTests" time="1.719"/>
  <testcase name="Invalid_ac_id_cust_id" classname="zillow.ZillowTests" time="1.209"/>
  <testcase name="Valild_Plaid_Flow_with_all_parameters" classname="plaid.PlaidTests" time="46.728"/>
  <testcase name="Valild_Plaid_Flow_with_only_mandatory_parameters" classname="plaid.PlaidTests" time="62.483"/>
  <testcase name="downloadReport" classname="plaid.PlaidTests" time="62.691">
    <failure message="&#10;Cannot inject @Test annotated Method [downloadReport] with [class java.lang.String].&#10;For more information on native dependency injection please refer to http://testng.org/doc/documentation-main.html#native-dependency-injection" type="org.testng.TestNGException">org.testng.TestNGException: 

Cannot inject @Test annotated Method [downloadReport] with [class java.lang.String].
For more information on native dependency injection please refer to http://testng.org/doc/documentation-main.html#native-dependency-injection
</failure>
    <system-out><![CDATA[*** Test execution downloadReport failed...
*** Test execution downloadReport failed...
]]></system-out>
    <system-err><![CDATA[[Utils] [ERROR] [Error] org.testng.TestNGException: 
Cannot inject @Test annotated Method [downloadReport] with [class java.lang.String].
For more information on native dependency injection please refer to http://testng.org/doc/documentation-main.html#native-dependency-injection
	at org.testng.internal.Parameters.checkParameterTypes(Parameters.java:407)
	at org.testng.internal.Parameters.createParametersForMethod(Parameters.java:356)
	at org.testng.internal.Parameters.createParameters(Parameters.java:635)
	at org.testng.internal.Parameters.handleParameters(Parameters.java:769)
	at org.testng.internal.ParameterHandler.handleParameters(ParameterHandler.java:49)
	at org.testng.internal.ParameterHandler.createParameters(ParameterHandler.java:37)
	at org.testng.internal.Invoker.invokeTestMethods(Invoker.java:923)
	at org.testng.internal.TestMethodWorker.invokeTestMethods(TestMethodWorker.java:125)
	at org.testng.internal.TestMethodWorker.run(TestMethodWorker.java:109)
	at org.testng.TestRunner.privateRun(TestRunner.java:648)
	at org.testng.TestRunner.run(TestRunner.java:505)
	at org.testng.SuiteRunner.runTest(SuiteRunner.java:455)
	at org.testng.SuiteRunner.runSequentially(SuiteRunner.java:450)
	at org.testng.SuiteRunner.privateRun(SuiteRunner.java:415)
	at org.testng.SuiteRunner.run(SuiteRunner.java:364)
	at org.testng.SuiteRunnerWorker.runSuite(SuiteRunnerWorker.java:52)
	at org.testng.SuiteRunnerWorker.run(SuiteRunnerWorker.java:84)
	at org.testng.TestNG.runSuitesSequentially(TestNG.java:1208)
	at org.testng.TestNG.runSuitesLocally(TestNG.java:1137)
	at org.testng.TestNG.runSuites(TestNG.java:1049)
	at org.testng.TestNG.run(TestNG.java:1017)
	at org.apache.maven.surefire.testng.TestNGExecutor.run(TestNGExecutor.java:283)
	at org.apache.maven.surefire.testng.TestNGXmlTestSuite.execute(TestNGXmlTestSuite.java:75)
	at org.apache.maven.surefire.testng.TestNGProvider.invoke(TestNGProvider.java:120)
	at org.apache.maven.surefire.booter.ForkedBooter.invokeProviderInSameClassLoader(ForkedBooter.java:384)
	at org.apache.maven.surefire.booter.ForkedBooter.runSuitesInProcess(ForkedBooter.java:345)
	at org.apache.maven.surefire.booter.ForkedBooter.execute(ForkedBooter.java:126)
	at org.apache.maven.surefire.booter.ForkedBooter.main(ForkedBooter.java:418)

]]></system-err>
  </testcase>
  <testcase name="Null_Address_line_1" classname="plaid.PlaidTests" time="0.995"/>
  <testcase name="Null_First_Name" classname="plaid.PlaidTests" time="1.167"/>
  <testcase name="Null_Last_Name" classname="plaid.PlaidTests" time="1.187"/>
  <testcase name="Null_SSN" classname="plaid.PlaidTests" time="1.219"/>
  <testcase name="Null_Zip_Code" classname="plaid.PlaidTests" time="1.314"/>
  <testcase name="Null_account_id" classname="plaid.PlaidTests" time="1.18"/>
  <testcase name="Null_cust_id_and_ac_id" classname="plaid.PlaidTests" time="1.193"/>
  <testcase name="Null_customer_id" classname="plaid.PlaidTests" time="1.214"/>
  <testcase name="Null_email_address" classname="plaid.PlaidTests" time="1.266"/>
  <testcase name="Null_first_name_last_name_ssn" classname="plaid.PlaidTests" time="1.175"/>
  <testcase name="Null_verification_type" classname="plaid.PlaidTests" time="1.15"/>
  <testcase name="Invalid_Zip_Code" classname="plaid.PlaidTests" time="1.167"/>
  <testcase name="Invalid_account_id" classname="plaid.PlaidTests" time="1.282"/>
  <testcase name="Invalid_cust_id_ac_id" classname="plaid.PlaidTests" time="1.239"/>
  <testcase name="Invalid_customer_id" classname="plaid.PlaidTests" time="1.269"/>
  <testcase name="Invalid_email_address1" classname="plaid.PlaidTests" time="1.178"/>
  <testcase name="Invalid_email_address2" classname="plaid.PlaidTests" time="1.147"/>
  <testcase name="Invalid_email_address3" classname="plaid.PlaidTests" time="1.143"/>
  <testcase name="Invalid_email_address4" classname="plaid.PlaidTests" time="1.243"/>
  <testcase name="Invalid_email_address5" classname="plaid.PlaidTests" time="1.181"/>
  <testcase name="Invalid_verification_type" classname="plaid.PlaidTests" time="1.268"/>
  <testcase name="SSN_greater_than_9_digits" classname="plaid.PlaidTests" time="1.213"/>
  <testcase name="SSN_less_than_9_digits" classname="plaid.PlaidTests" time="1.225"/>
  <testcase name="zip_code_less_than_5_digits_ssn_less_than_9_null_first_and_last_name_invalid_email" classname="plaid.PlaidTests" time="1.287"/>
  <testcase name="FHA_Investment_house_good_fico_of_15_Variable_for_Half_Duplex" classname="ppe.PPE_OB_Tests" time="2.236"/>
  <testcase name="FHA_Primary_house_good_fico_of_15_30_Fixed_Variable_for_Single_family" classname="ppe.PPE_OB_Tests" time="0.005"/>
  <testcase name="FHA_Primary_house_good_fico_of_30_Fixed_for_Duplex_Up_And_Down" classname="ppe.PPE_OB_Tests" time="0.052"/>
  <testcase name="FHA_Primary_house_excellent_fico_of_15_Fixed_for_Parking_Stall" classname="ppe.PPE_OB_Tests" time="0.057"/>
  <testcase name="FHA_Primary_house_fair_fico_of_30_Fixed_for_Detached_Condominium" classname="ppe.PPE_OB_Tests" time="0.075"/>
  <testcase name="FHA_Primary_house_good_fico_of_30_Variable_for_Duplex_Side_By_Side" classname="ppe.PPE_OB_Tests" time="1.979"/>
  <testcase name="FHA_Secondary_house_good_fico_of_15_30_Fixed_Variable_for_Townhouse" classname="ppe.PPE_OB_Tests" time="2.056"/>
  <testcase name="FHA_Empty_Mortgage_Balance" classname="ppe.PPE_OB_Tests" time="1.326"/>
  <testcase name="Invalid_Adjustable_Rate_Terms" classname="ppe.PPE_OB_Tests" time="0.057"/>
  <testcase name="Invalid_Account_Id" classname="ppe.PPE_OB_Tests" time="0.001"/>
  <testcase name="Equal_Cash_and_Mortgage_Amount" classname="ppe.PPE_OB_Tests" time="0.571"/>
  <testcase name="Cash_Amount_less_than_25000" classname="ppe.PPE_OB_Tests" time="0.016"/>
  <testcase name="Invalid_Current_Property_Value" classname="ppe.PPE_OB_Tests" time="0.699"/>
  <testcase name="Invalid_Fico_Score" classname="ppe.PPE_OB_Tests" time="0.073"/>
  <testcase name="Invalid_Customer_Id" classname="ppe.PPE_OB_Tests" time="0.095"/>
  <testcase name="Invalid_Loan_Amortization" classname="ppe.PPE_OB_Tests" time="0.502"/>
  <testcase name="Invalid_Loan_Types" classname="ppe.PPE_OB_Tests" time="0.064"/>
  <testcase name="Invalid_Property_Type" classname="ppe.PPE_OB_Tests" time="0.745"/>
  <testcase name="Invalid_Zip_Code" classname="ppe.PPE_OB_Tests" time="0.786"/>
  <testcase name="Invalid_Mortgage_balance" classname="ppe.PPE_OB_Tests" time="1.203"/>
  <testcase name="Invalid_loan_purpose" classname="ppe.PPE_OB_Tests" time="1.281"/>
  <testcase name="Property_Value_Less_Than_Cash_Amount" classname="ppe.PPE_OB_Tests" time="1.361"/>
  <testcase name="createLoanApplication" classname="rCore.RCoreTests" time="4.192"/>
  <testcase name="createTask" classname="rCore.RCoreTests" time="1.409"/>
  <testcase name="getLoanDetails" classname="rCore.RCoreTests" time="1.37"/>
  <testcase name="getTaskList" classname="rCore.RCoreTests" time="1.258"/>
  <testcase name="retrieveTask" classname="rCore.RCoreTests" time="1.222"/>
  <testcase name="updateTask" classname="rCore.RCoreTests" time="1.249"/>
  <testcase name="uploadDocument" classname="rCore.RCoreTests" time="5.795"/>
  <testcase name="retrieveDocument" classname="rCore.RCoreTests" time="1.28"/>
  <testcase name="downloadDocument" classname="rCore.RCoreTests" time="19.191"/>
  <testcase name="createMessage" classname="rCore.RCoreTests" time="0.048"/>
  <testcase name="getMessageList" classname="rCore.RCoreTests" time="24.877"/>
  <testcase name="getAccountList" classname="rCore.RCoreTests" time="0.004"/>
  <testcase name="retrieveAccount" classname="rCore.RCoreTests" time="0.005"/>
  <testcase name="retrieveService" classname="rCore.RCoreTests" time="0.009"/>
  <testcase name="createUser_Lender" classname="rCore.RCoreTests" time="0.004"/>
  <testcase name="getUserList" classname="rCore.RCoreTests" time="0.554"/>
  <testcase name="retrieveUser_Lender" classname="rCore.RCoreTests" time="0.017"/>
  <testcase name="deactivate_User" classname="rCore.RCoreTests" time="0.001"/>
  <testcase name="activate_User" classname="rCore.RCoreTests" time="0.001"/>
  <testcase name="updateUser_Lender" classname="rCore.RCoreTests" time="0.002"/>
  <testcase name="update_User_Secondary_Accounts" classname="rCore.RCoreTests" time="0.001"/>
  <testcase name="createAccess_control_group" classname="rCore.RCoreTests" time="0.017"/>
  <testcase name="updateAccess_control_group" classname="rCore.RCoreTests" time="0.016"/>
</testsuite>