<?xml version="1.0" encoding="UTF-8"?>
<testng-results skipped="0" failed="3" ignored="0" total="51" passed="48">
  <reporter-output>
  </reporter-output>
  <suite name="All Test Suite" duration-ms="172192" started-at="2019-06-12T09:52:25Z" finished-at="2019-06-12T09:55:17Z">
    <groups>
    </groups>
    <test name="Test" duration-ms="172192" started-at="2019-06-12T09:52:25Z" finished-at="2019-06-12T09:55:17Z">
      <class name="accCheck.AccountCheckTests">
        <test-method status="PASS" signature="getHostURL()[pri:0, instance:accCheck.AccountCheckTests@527e5409]" name="getHostURL" is-config="true" duration-ms="278" started-at="2019-06-12T09:52:25Z" finished-at="2019-06-12T09:52:25Z">
          <reporter-output>
          </reporter-output>
        </test-method> <!-- getHostURL -->
        <test-method status="PASS" signature="getHostURL()[pri:0, instance:plaid.PlaidTests@1198b989]" name="getHostURL" is-config="true" duration-ms="0" started-at="2019-06-12T09:52:25Z" finished-at="2019-06-12T09:52:25Z">
          <reporter-output>
          </reporter-output>
        </test-method> <!-- getHostURL -->
        <test-method status="FAIL" signature="accCheck_Valild_AccountChek_Flow_with_all_parameters()[pri:0, instance:accCheck.AccountCheckTests@527e5409]" name="accCheck_Valild_AccountChek_Flow_with_all_parameters" duration-ms="26169" started-at="2019-06-12T09:52:25Z" description="Valid scenario with all parameters and sharing Accounts of single bank" finished-at="2019-06-12T09:52:51Z">
          <exception class="org.openqa.selenium.NoSuchElementException">
            <message>
              <![CDATA[no such element: Unable to locate element: {"method":"xpath","selector":"//*[@id='LOGIN']"}
  (Session info: chrome=74.0.3729.169)
  (Driver info: chromedriver=2.46.628402 (536cd7adbad73a3783fdc2cab92ab2ba7ec361e1),platform=Windows NT 6.1.7601 SP1 x86_64) (WARNING: The server did not provide any stacktrace information)
Command duration or timeout: 0 milliseconds
For documentation on this error, please visit: http://seleniumhq.org/exceptions/no_such_element.html
Build info: version: '3.14.0', revision: 'aacccce0', time: '2018-08-02T20:19:58.91Z'
System info: host: 'KRISHNAA-DESK', ip: '172.19.19.46', os.name: 'Windows 7', os.arch: 'amd64', os.version: '6.1', java.version: '1.8.0_201'
Driver info: org.openqa.selenium.chrome.ChromeDriver
Capabilities {acceptInsecureCerts: false, acceptSslCerts: false, applicationCacheEnabled: false, browserConnectionEnabled: false, browserName: chrome, chrome: {chromedriverVersion: 2.46.628402 (536cd7adbad73a..., userDataDir: C:\Users\KrishnaA\AppData\L...}, cssSelectorsEnabled: true, databaseEnabled: false, goog:chromeOptions: {debuggerAddress: localhost:58528}, handlesAlerts: true, hasTouchScreen: false, javascriptEnabled: true, locationContextEnabled: true, mobileEmulationEnabled: false, nativeEvents: true, networkConnectionEnabled: false, pageLoadStrategy: normal, platform: XP, platformName: XP, proxy: Proxy(), rotatable: false, setWindowRect: true, strictFileInteractability: false, takesHeapSnapshot: true, takesScreenshot: true, timeouts: {implicit: 0, pageLoad: 300000, script: 30000}, unexpectedAlertBehaviour: ignore, unhandledPromptBehavior: ignore, version: 74.0.3729.169, webStorageEnabled: true}
Session ID: 90e59fcc4df8ea467235c18ef3c04c68
*** Element info: {Using=xpath, value=//*[@id='LOGIN']}]]>
            </message>
            <full-stacktrace>
              <![CDATA[org.openqa.selenium.NoSuchElementException: no such element: Unable to locate element: {"method":"xpath","selector":"//*[@id='LOGIN']"}
  (Session info: chrome=74.0.3729.169)
  (Driver info: chromedriver=2.46.628402 (536cd7adbad73a3783fdc2cab92ab2ba7ec361e1),platform=Windows NT 6.1.7601 SP1 x86_64) (WARNING: The server did not provide any stacktrace information)
Command duration or timeout: 0 milliseconds
For documentation on this error, please visit: http://seleniumhq.org/exceptions/no_such_element.html
Build info: version: '3.14.0', revision: 'aacccce0', time: '2018-08-02T20:19:58.91Z'
System info: host: 'KRISHNAA-DESK', ip: '172.19.19.46', os.name: 'Windows 7', os.arch: 'amd64', os.version: '6.1', java.version: '1.8.0_201'
Driver info: org.openqa.selenium.chrome.ChromeDriver
Capabilities {acceptInsecureCerts: false, acceptSslCerts: false, applicationCacheEnabled: false, browserConnectionEnabled: false, browserName: chrome, chrome: {chromedriverVersion: 2.46.628402 (536cd7adbad73a..., userDataDir: C:\Users\KrishnaA\AppData\L...}, cssSelectorsEnabled: true, databaseEnabled: false, goog:chromeOptions: {debuggerAddress: localhost:58528}, handlesAlerts: true, hasTouchScreen: false, javascriptEnabled: true, locationContextEnabled: true, mobileEmulationEnabled: false, nativeEvents: true, networkConnectionEnabled: false, pageLoadStrategy: normal, platform: XP, platformName: XP, proxy: Proxy(), rotatable: false, setWindowRect: true, strictFileInteractability: false, takesHeapSnapshot: true, takesScreenshot: true, timeouts: {implicit: 0, pageLoad: 300000, script: 30000}, unexpectedAlertBehaviour: ignore, unhandledPromptBehavior: ignore, version: 74.0.3729.169, webStorageEnabled: true}
Session ID: 90e59fcc4df8ea467235c18ef3c04c68
*** Element info: {Using=xpath, value=//*[@id='LOGIN']}
at sun.reflect.NativeConstructorAccessorImpl.newInstance0(Native Method)
at sun.reflect.NativeConstructorAccessorImpl.newInstance(NativeConstructorAccessorImpl.java:62)
at sun.reflect.DelegatingConstructorAccessorImpl.newInstance(DelegatingConstructorAccessorImpl.java:45)
at java.lang.reflect.Constructor.newInstance(Constructor.java:423)
at org.openqa.selenium.remote.ErrorHandler.createThrowable(ErrorHandler.java:214)
at org.openqa.selenium.remote.ErrorHandler.throwIfResponseFailed(ErrorHandler.java:166)
at org.openqa.selenium.remote.http.JsonHttpResponseCodec.reconstructValue(JsonHttpResponseCodec.java:40)
at org.openqa.selenium.remote.http.AbstractHttpResponseCodec.decode(AbstractHttpResponseCodec.java:80)
at org.openqa.selenium.remote.http.AbstractHttpResponseCodec.decode(AbstractHttpResponseCodec.java:44)
at org.openqa.selenium.remote.HttpCommandExecutor.execute(HttpCommandExecutor.java:158)
at org.openqa.selenium.remote.service.DriverCommandExecutor.execute(DriverCommandExecutor.java:83)
at org.openqa.selenium.remote.RemoteWebDriver.execute(RemoteWebDriver.java:548)
at org.openqa.selenium.remote.RemoteWebDriver.findElement(RemoteWebDriver.java:322)
at org.openqa.selenium.remote.RemoteWebDriver.findElementByXPath(RemoteWebDriver.java:424)
at org.openqa.selenium.By$ByXPath.findElement(By.java:353)
at org.openqa.selenium.remote.RemoteWebDriver.findElement(RemoteWebDriver.java:314)
at org.openqa.selenium.support.pagefactory.DefaultElementLocator.findElement(DefaultElementLocator.java:69)
at org.openqa.selenium.support.pagefactory.internal.LocatingElementHandler.invoke(LocatingElementHandler.java:38)
at com.sun.proxy.$Proxy19.isDisplayed(Unknown Source)
at roostify.accCheck.AccCheckPortalPage.sendUsername(AccCheckPortalPage.java:97)
at roostify.accCheck.AccCheckPortalPage.loginToDagBank(AccCheckPortalPage.java:160)
at accCheck.AccountCheckTests.accCheck_Valild_AccountChek_Flow_with_all_parameters(AccountCheckTests.java:76)
at sun.reflect.NativeMethodAccessorImpl.invoke0(Native Method)
at sun.reflect.NativeMethodAccessorImpl.invoke(NativeMethodAccessorImpl.java:62)
at sun.reflect.DelegatingMethodAccessorImpl.invoke(DelegatingMethodAccessorImpl.java:43)
at java.lang.reflect.Method.invoke(Method.java:498)
at org.testng.internal.MethodInvocationHelper.invokeMethod(MethodInvocationHelper.java:124)
at org.testng.internal.Invoker.invokeMethod(Invoker.java:580)
at org.testng.internal.Invoker.invokeTestMethod(Invoker.java:716)
at org.testng.internal.Invoker.invokeTestMethods(Invoker.java:988)
at org.testng.internal.TestMethodWorker.invokeTestMethods(TestMethodWorker.java:125)
at org.testng.internal.TestMethodWorker.run(TestMethodWorker.java:109)
at org.testng.TestRunner.privateRun(TestRunner.java:648)
at org.testng.TestRunner.run(TestRunner.java:505)
at org.testng.SuiteRunner.runTest(SuiteRunner.java:455)
at org.testng.SuiteRunner.runSequentially(SuiteRunner.java:450)
at org.testng.SuiteRunner.privateRun(SuiteRunner.java:415)
at org.testng.SuiteRunner.run(SuiteRunner.java:364)
at org.testng.SuiteRunnerWorker.runSuite(SuiteRunnerWorker.java:52)
at org.testng.SuiteRunnerWorker.run(SuiteRunnerWorker.java:84)
at org.testng.TestNG.runSuitesSequentially(TestNG.java:1208)
at org.testng.TestNG.runSuitesLocally(TestNG.java:1137)
at org.testng.TestNG.runSuites(TestNG.java:1049)
at org.testng.TestNG.run(TestNG.java:1017)
at org.apache.maven.surefire.testng.TestNGExecutor.run(TestNGExecutor.java:283)
at org.apache.maven.surefire.testng.TestNGXmlTestSuite.execute(TestNGXmlTestSuite.java:75)
at org.apache.maven.surefire.testng.TestNGProvider.invoke(TestNGProvider.java:120)
at org.apache.maven.surefire.booter.ForkedBooter.invokeProviderInSameClassLoader(ForkedBooter.java:384)
at org.apache.maven.surefire.booter.ForkedBooter.runSuitesInProcess(ForkedBooter.java:345)
at org.apache.maven.surefire.booter.ForkedBooter.execute(ForkedBooter.java:126)
at org.apache.maven.surefire.booter.ForkedBooter.main(ForkedBooter.java:418)
]]>
            </full-stacktrace>
          </exception> <!-- org.openqa.selenium.NoSuchElementException -->
          <reporter-output>
          </reporter-output>
        </test-method> <!-- accCheck_Valild_AccountChek_Flow_with_all_parameters -->
        <test-method status="FAIL" signature="accCheck_Valild_AccountChek_Flow_with_only_mandatory_parameters()[pri:1, instance:accCheck.AccountCheckTests@527e5409]" name="accCheck_Valild_AccountChek_Flow_with_only_mandatory_parameters" duration-ms="20676" started-at="2019-06-12T09:52:51Z" description="Valild Account Check Flow with only mandatory parameters and Sharing Accounts of two different banks" finished-at="2019-06-12T09:53:12Z">
          <exception class="org.openqa.selenium.NoSuchElementException">
            <message>
              <![CDATA[no such element: Unable to locate element: {"method":"xpath","selector":"//*[@id='LOGIN']"}
  (Session info: chrome=74.0.3729.169)
  (Driver info: chromedriver=2.46.628402 (536cd7adbad73a3783fdc2cab92ab2ba7ec361e1),platform=Windows NT 6.1.7601 SP1 x86_64) (WARNING: The server did not provide any stacktrace information)
Command duration or timeout: 0 milliseconds
For documentation on this error, please visit: http://seleniumhq.org/exceptions/no_such_element.html
Build info: version: '3.14.0', revision: 'aacccce0', time: '2018-08-02T20:19:58.91Z'
System info: host: 'KRISHNAA-DESK', ip: '172.19.19.46', os.name: 'Windows 7', os.arch: 'amd64', os.version: '6.1', java.version: '1.8.0_201'
Driver info: org.openqa.selenium.chrome.ChromeDriver
Capabilities {acceptInsecureCerts: false, acceptSslCerts: false, applicationCacheEnabled: false, browserConnectionEnabled: false, browserName: chrome, chrome: {chromedriverVersion: 2.46.628402 (536cd7adbad73a..., userDataDir: C:\Users\KrishnaA\AppData\L...}, cssSelectorsEnabled: true, databaseEnabled: false, goog:chromeOptions: {debuggerAddress: localhost:58593}, handlesAlerts: true, hasTouchScreen: false, javascriptEnabled: true, locationContextEnabled: true, mobileEmulationEnabled: false, nativeEvents: true, networkConnectionEnabled: false, pageLoadStrategy: normal, platform: XP, platformName: XP, proxy: Proxy(), rotatable: false, setWindowRect: true, strictFileInteractability: false, takesHeapSnapshot: true, takesScreenshot: true, timeouts: {implicit: 0, pageLoad: 300000, script: 30000}, unexpectedAlertBehaviour: ignore, unhandledPromptBehavior: ignore, version: 74.0.3729.169, webStorageEnabled: true}
Session ID: ad939cd930c072181266ef190abb0b09
*** Element info: {Using=xpath, value=//*[@id='LOGIN']}]]>
            </message>
            <full-stacktrace>
              <![CDATA[org.openqa.selenium.NoSuchElementException: no such element: Unable to locate element: {"method":"xpath","selector":"//*[@id='LOGIN']"}
  (Session info: chrome=74.0.3729.169)
  (Driver info: chromedriver=2.46.628402 (536cd7adbad73a3783fdc2cab92ab2ba7ec361e1),platform=Windows NT 6.1.7601 SP1 x86_64) (WARNING: The server did not provide any stacktrace information)
Command duration or timeout: 0 milliseconds
For documentation on this error, please visit: http://seleniumhq.org/exceptions/no_such_element.html
Build info: version: '3.14.0', revision: 'aacccce0', time: '2018-08-02T20:19:58.91Z'
System info: host: 'KRISHNAA-DESK', ip: '172.19.19.46', os.name: 'Windows 7', os.arch: 'amd64', os.version: '6.1', java.version: '1.8.0_201'
Driver info: org.openqa.selenium.chrome.ChromeDriver
Capabilities {acceptInsecureCerts: false, acceptSslCerts: false, applicationCacheEnabled: false, browserConnectionEnabled: false, browserName: chrome, chrome: {chromedriverVersion: 2.46.628402 (536cd7adbad73a..., userDataDir: C:\Users\KrishnaA\AppData\L...}, cssSelectorsEnabled: true, databaseEnabled: false, goog:chromeOptions: {debuggerAddress: localhost:58593}, handlesAlerts: true, hasTouchScreen: false, javascriptEnabled: true, locationContextEnabled: true, mobileEmulationEnabled: false, nativeEvents: true, networkConnectionEnabled: false, pageLoadStrategy: normal, platform: XP, platformName: XP, proxy: Proxy(), rotatable: false, setWindowRect: true, strictFileInteractability: false, takesHeapSnapshot: true, takesScreenshot: true, timeouts: {implicit: 0, pageLoad: 300000, script: 30000}, unexpectedAlertBehaviour: ignore, unhandledPromptBehavior: ignore, version: 74.0.3729.169, webStorageEnabled: true}
Session ID: ad939cd930c072181266ef190abb0b09
*** Element info: {Using=xpath, value=//*[@id='LOGIN']}
at sun.reflect.NativeConstructorAccessorImpl.newInstance0(Native Method)
at sun.reflect.NativeConstructorAccessorImpl.newInstance(NativeConstructorAccessorImpl.java:62)
at sun.reflect.DelegatingConstructorAccessorImpl.newInstance(DelegatingConstructorAccessorImpl.java:45)
at java.lang.reflect.Constructor.newInstance(Constructor.java:423)
at org.openqa.selenium.remote.ErrorHandler.createThrowable(ErrorHandler.java:214)
at org.openqa.selenium.remote.ErrorHandler.throwIfResponseFailed(ErrorHandler.java:166)
at org.openqa.selenium.remote.http.JsonHttpResponseCodec.reconstructValue(JsonHttpResponseCodec.java:40)
at org.openqa.selenium.remote.http.AbstractHttpResponseCodec.decode(AbstractHttpResponseCodec.java:80)
at org.openqa.selenium.remote.http.AbstractHttpResponseCodec.decode(AbstractHttpResponseCodec.java:44)
at org.openqa.selenium.remote.HttpCommandExecutor.execute(HttpCommandExecutor.java:158)
at org.openqa.selenium.remote.service.DriverCommandExecutor.execute(DriverCommandExecutor.java:83)
at org.openqa.selenium.remote.RemoteWebDriver.execute(RemoteWebDriver.java:548)
at org.openqa.selenium.remote.RemoteWebDriver.findElement(RemoteWebDriver.java:322)
at org.openqa.selenium.remote.RemoteWebDriver.findElementByXPath(RemoteWebDriver.java:424)
at org.openqa.selenium.By$ByXPath.findElement(By.java:353)
at org.openqa.selenium.remote.RemoteWebDriver.findElement(RemoteWebDriver.java:314)
at org.openqa.selenium.support.pagefactory.DefaultElementLocator.findElement(DefaultElementLocator.java:69)
at org.openqa.selenium.support.pagefactory.internal.LocatingElementHandler.invoke(LocatingElementHandler.java:38)
at com.sun.proxy.$Proxy19.isDisplayed(Unknown Source)
at roostify.accCheck.AccCheckPortalPage.sendUsername(AccCheckPortalPage.java:97)
at roostify.accCheck.AccCheckPortalPage.loginToDagBank(AccCheckPortalPage.java:160)
at accCheck.AccountCheckTests.accCheck_Valild_AccountChek_Flow_with_only_mandatory_parameters(AccountCheckTests.java:104)
at sun.reflect.NativeMethodAccessorImpl.invoke0(Native Method)
at sun.reflect.NativeMethodAccessorImpl.invoke(NativeMethodAccessorImpl.java:62)
at sun.reflect.DelegatingMethodAccessorImpl.invoke(DelegatingMethodAccessorImpl.java:43)
at java.lang.reflect.Method.invoke(Method.java:498)
at org.testng.internal.MethodInvocationHelper.invokeMethod(MethodInvocationHelper.java:124)
at org.testng.internal.Invoker.invokeMethod(Invoker.java:580)
at org.testng.internal.Invoker.invokeTestMethod(Invoker.java:716)
at org.testng.internal.Invoker.invokeTestMethods(Invoker.java:988)
at org.testng.internal.TestMethodWorker.invokeTestMethods(TestMethodWorker.java:125)
at org.testng.internal.TestMethodWorker.run(TestMethodWorker.java:109)
at org.testng.TestRunner.privateRun(TestRunner.java:648)
at org.testng.TestRunner.run(TestRunner.java:505)
at org.testng.SuiteRunner.runTest(SuiteRunner.java:455)
at org.testng.SuiteRunner.runSequentially(SuiteRunner.java:450)
at org.testng.SuiteRunner.privateRun(SuiteRunner.java:415)
at org.testng.SuiteRunner.run(SuiteRunner.java:364)
at org.testng.SuiteRunnerWorker.runSuite(SuiteRunnerWorker.java:52)
at org.testng.SuiteRunnerWorker.run(SuiteRunnerWorker.java:84)
at org.testng.TestNG.runSuitesSequentially(TestNG.java:1208)
at org.testng.TestNG.runSuitesLocally(TestNG.java:1137)
at org.testng.TestNG.runSuites(TestNG.java:1049)
at org.testng.TestNG.run(TestNG.java:1017)
at org.apache.maven.surefire.testng.TestNGExecutor.run(TestNGExecutor.java:283)
at org.apache.maven.surefire.testng.TestNGXmlTestSuite.execute(TestNGXmlTestSuite.java:75)
at org.apache.maven.surefire.testng.TestNGProvider.invoke(TestNGProvider.java:120)
at org.apache.maven.surefire.booter.ForkedBooter.invokeProviderInSameClassLoader(ForkedBooter.java:384)
at org.apache.maven.surefire.booter.ForkedBooter.runSuitesInProcess(ForkedBooter.java:345)
at org.apache.maven.surefire.booter.ForkedBooter.execute(ForkedBooter.java:126)
at org.apache.maven.surefire.booter.ForkedBooter.main(ForkedBooter.java:418)
]]>
            </full-stacktrace>
          </exception> <!-- org.openqa.selenium.NoSuchElementException -->
          <reporter-output>
          </reporter-output>
        </test-method> <!-- accCheck_Valild_AccountChek_Flow_with_only_mandatory_parameters -->
        <test-method status="FAIL" signature="accCheck_Null_Zip_Code()[pri:2, instance:accCheck.AccountCheckTests@527e5409]" name="accCheck_Null_Zip_Code" duration-ms="15703" started-at="2019-06-12T09:53:12Z" description="Null Zip Code and Sharing only one of the two accounts of single bank" finished-at="2019-06-12T09:53:28Z">
          <exception class="org.openqa.selenium.StaleElementReferenceException">
            <message>
              <![CDATA[stale element reference: element is not attached to the page document
  (Session info: chrome=74.0.3729.169)
  (Driver info: chromedriver=2.46.628402 (536cd7adbad73a3783fdc2cab92ab2ba7ec361e1),platform=Windows NT 6.1.7601 SP1 x86_64) (WARNING: The server did not provide any stacktrace information)
Command duration or timeout: 0 milliseconds
For documentation on this error, please visit: http://seleniumhq.org/exceptions/stale_element_reference.html
Build info: version: '3.14.0', revision: 'aacccce0', time: '2018-08-02T20:19:58.91Z'
System info: host: 'KRISHNAA-DESK', ip: '172.19.19.46', os.name: 'Windows 7', os.arch: 'amd64', os.version: '6.1', java.version: '1.8.0_201'
Driver info: org.openqa.selenium.chrome.ChromeDriver
Capabilities {acceptInsecureCerts: false, acceptSslCerts: false, applicationCacheEnabled: false, browserConnectionEnabled: false, browserName: chrome, chrome: {chromedriverVersion: 2.46.628402 (536cd7adbad73a..., userDataDir: C:\Users\KrishnaA\AppData\L...}, cssSelectorsEnabled: true, databaseEnabled: false, goog:chromeOptions: {debuggerAddress: localhost:58655}, handlesAlerts: true, hasTouchScreen: false, javascriptEnabled: true, locationContextEnabled: true, mobileEmulationEnabled: false, nativeEvents: true, networkConnectionEnabled: false, pageLoadStrategy: normal, platform: XP, platformName: XP, proxy: Proxy(), rotatable: false, setWindowRect: true, strictFileInteractability: false, takesHeapSnapshot: true, takesScreenshot: true, timeouts: {implicit: 0, pageLoad: 300000, script: 30000}, unexpectedAlertBehaviour: ignore, unhandledPromptBehavior: ignore, version: 74.0.3729.169, webStorageEnabled: true}
Session ID: 421ef95778147661b598e04db2b7a178]]>
            </message>
            <full-stacktrace>
              <![CDATA[org.openqa.selenium.StaleElementReferenceException: stale element reference: element is not attached to the page document
  (Session info: chrome=74.0.3729.169)
  (Driver info: chromedriver=2.46.628402 (536cd7adbad73a3783fdc2cab92ab2ba7ec361e1),platform=Windows NT 6.1.7601 SP1 x86_64) (WARNING: The server did not provide any stacktrace information)
Command duration or timeout: 0 milliseconds
For documentation on this error, please visit: http://seleniumhq.org/exceptions/stale_element_reference.html
Build info: version: '3.14.0', revision: 'aacccce0', time: '2018-08-02T20:19:58.91Z'
System info: host: 'KRISHNAA-DESK', ip: '172.19.19.46', os.name: 'Windows 7', os.arch: 'amd64', os.version: '6.1', java.version: '1.8.0_201'
Driver info: org.openqa.selenium.chrome.ChromeDriver
Capabilities {acceptInsecureCerts: false, acceptSslCerts: false, applicationCacheEnabled: false, browserConnectionEnabled: false, browserName: chrome, chrome: {chromedriverVersion: 2.46.628402 (536cd7adbad73a..., userDataDir: C:\Users\KrishnaA\AppData\L...}, cssSelectorsEnabled: true, databaseEnabled: false, goog:chromeOptions: {debuggerAddress: localhost:58655}, handlesAlerts: true, hasTouchScreen: false, javascriptEnabled: true, locationContextEnabled: true, mobileEmulationEnabled: false, nativeEvents: true, networkConnectionEnabled: false, pageLoadStrategy: normal, platform: XP, platformName: XP, proxy: Proxy(), rotatable: false, setWindowRect: true, strictFileInteractability: false, takesHeapSnapshot: true, takesScreenshot: true, timeouts: {implicit: 0, pageLoad: 300000, script: 30000}, unexpectedAlertBehaviour: ignore, unhandledPromptBehavior: ignore, version: 74.0.3729.169, webStorageEnabled: true}
Session ID: 421ef95778147661b598e04db2b7a178
at sun.reflect.NativeConstructorAccessorImpl.newInstance0(Native Method)
at sun.reflect.NativeConstructorAccessorImpl.newInstance(NativeConstructorAccessorImpl.java:62)
at sun.reflect.DelegatingConstructorAccessorImpl.newInstance(DelegatingConstructorAccessorImpl.java:45)
at java.lang.reflect.Constructor.newInstance(Constructor.java:423)
at org.openqa.selenium.remote.ErrorHandler.createThrowable(ErrorHandler.java:214)
at org.openqa.selenium.remote.ErrorHandler.throwIfResponseFailed(ErrorHandler.java:166)
at org.openqa.selenium.remote.http.JsonHttpResponseCodec.reconstructValue(JsonHttpResponseCodec.java:40)
at org.openqa.selenium.remote.http.AbstractHttpResponseCodec.decode(AbstractHttpResponseCodec.java:80)
at org.openqa.selenium.remote.http.AbstractHttpResponseCodec.decode(AbstractHttpResponseCodec.java:44)
at org.openqa.selenium.remote.HttpCommandExecutor.execute(HttpCommandExecutor.java:158)
at org.openqa.selenium.remote.service.DriverCommandExecutor.execute(DriverCommandExecutor.java:83)
at org.openqa.selenium.remote.RemoteWebDriver.execute(RemoteWebDriver.java:548)
at org.openqa.selenium.remote.RemoteWebDriver$RemoteTargetLocator.frame(RemoteWebDriver.java:888)
at roostify.accCheck.AccCheckPortalPage.loginToDagBank(AccCheckPortalPage.java:159)
at accCheck.AccountCheckTests.accCheck_Null_Zip_Code(AccountCheckTests.java:130)
at sun.reflect.NativeMethodAccessorImpl.invoke0(Native Method)
at sun.reflect.NativeMethodAccessorImpl.invoke(NativeMethodAccessorImpl.java:62)
at sun.reflect.DelegatingMethodAccessorImpl.invoke(DelegatingMethodAccessorImpl.java:43)
at java.lang.reflect.Method.invoke(Method.java:498)
at org.testng.internal.MethodInvocationHelper.invokeMethod(MethodInvocationHelper.java:124)
at org.testng.internal.Invoker.invokeMethod(Invoker.java:580)
at org.testng.internal.Invoker.invokeTestMethod(Invoker.java:716)
at org.testng.internal.Invoker.invokeTestMethods(Invoker.java:988)
at org.testng.internal.TestMethodWorker.invokeTestMethods(TestMethodWorker.java:125)
at org.testng.internal.TestMethodWorker.run(TestMethodWorker.java:109)
at org.testng.TestRunner.privateRun(TestRunner.java:648)
at org.testng.TestRunner.run(TestRunner.java:505)
at org.testng.SuiteRunner.runTest(SuiteRunner.java:455)
at org.testng.SuiteRunner.runSequentially(SuiteRunner.java:450)
at org.testng.SuiteRunner.privateRun(SuiteRunner.java:415)
at org.testng.SuiteRunner.run(SuiteRunner.java:364)
at org.testng.SuiteRunnerWorker.runSuite(SuiteRunnerWorker.java:52)
at org.testng.SuiteRunnerWorker.run(SuiteRunnerWorker.java:84)
at org.testng.TestNG.runSuitesSequentially(TestNG.java:1208)
at org.testng.TestNG.runSuitesLocally(TestNG.java:1137)
at org.testng.TestNG.runSuites(TestNG.java:1049)
at org.testng.TestNG.run(TestNG.java:1017)
at org.apache.maven.surefire.testng.TestNGExecutor.run(TestNGExecutor.java:283)
at org.apache.maven.surefire.testng.TestNGXmlTestSuite.execute(TestNGXmlTestSuite.java:75)
at org.apache.maven.surefire.testng.TestNGProvider.invoke(TestNGProvider.java:120)
at org.apache.maven.surefire.booter.ForkedBooter.invokeProviderInSameClassLoader(ForkedBooter.java:384)
at org.apache.maven.surefire.booter.ForkedBooter.runSuitesInProcess(ForkedBooter.java:345)
at org.apache.maven.surefire.booter.ForkedBooter.execute(ForkedBooter.java:126)
at org.apache.maven.surefire.booter.ForkedBooter.main(ForkedBooter.java:418)
]]>
            </full-stacktrace>
          </exception> <!-- org.openqa.selenium.StaleElementReferenceException -->
          <reporter-output>
          </reporter-output>
        </test-method> <!-- accCheck_Null_Zip_Code -->
        <test-method status="PASS" signature="accCheck_Null_Address_line_1()[pri:3, instance:accCheck.AccountCheckTests@527e5409]" name="accCheck_Null_Address_line_1" duration-ms="1811" started-at="2019-06-12T09:53:28Z" description="Null Address line 1" finished-at="2019-06-12T09:53:30Z">
          <reporter-output>
          </reporter-output>
        </test-method> <!-- accCheck_Null_Address_line_1 -->
        <test-method status="PASS" signature="accCheck_Null_Last_Name()[pri:4, instance:accCheck.AccountCheckTests@527e5409]" name="accCheck_Null_Last_Name" duration-ms="1690" started-at="2019-06-12T09:53:30Z" description="Null Last Name" finished-at="2019-06-12T09:53:31Z">
          <reporter-output>
          </reporter-output>
        </test-method> <!-- accCheck_Null_Last_Name -->
        <test-method status="PASS" signature="accCheck_Null_SSN()[pri:5, instance:accCheck.AccountCheckTests@527e5409]" name="accCheck_Null_SSN" duration-ms="1317" started-at="2019-06-12T09:53:31Z" description="Null SSN" finished-at="2019-06-12T09:53:33Z">
          <reporter-output>
          </reporter-output>
        </test-method> <!-- accCheck_Null_SSN -->
        <test-method status="PASS" signature="accCheck_Null_email_address()[pri:6, instance:accCheck.AccountCheckTests@527e5409]" name="accCheck_Null_email_address" duration-ms="1244" started-at="2019-06-12T09:53:33Z" description="Null email address" finished-at="2019-06-12T09:53:34Z">
          <reporter-output>
          </reporter-output>
        </test-method> <!-- accCheck_Null_email_address -->
        <test-method status="PASS" signature="accCheck_Null_First_Name()[pri:7, instance:accCheck.AccountCheckTests@527e5409]" name="accCheck_Null_First_Name" duration-ms="1704" started-at="2019-06-12T09:53:34Z" description="Null First Name" finished-at="2019-06-12T09:53:36Z">
          <reporter-output>
          </reporter-output>
        </test-method> <!-- accCheck_Null_First_Name -->
        <test-method status="PASS" signature="accCheck_SSN_less_than_9_digits()[pri:8, instance:accCheck.AccountCheckTests@527e5409]" name="accCheck_SSN_less_than_9_digits" duration-ms="1246" started-at="2019-06-12T09:53:36Z" description="SSN less than 9 digits" finished-at="2019-06-12T09:53:37Z">
          <reporter-output>
          </reporter-output>
        </test-method> <!-- accCheck_SSN_less_than_9_digits -->
        <test-method status="PASS" signature="accCheck_SSN_greater_than_9_digits()[pri:9, instance:accCheck.AccountCheckTests@527e5409]" name="accCheck_SSN_greater_than_9_digits" duration-ms="1180" started-at="2019-06-12T09:53:37Z" description="SSN greater than 9 digits" finished-at="2019-06-12T09:53:38Z">
          <reporter-output>
          </reporter-output>
        </test-method> <!-- accCheck_SSN_greater_than_9_digits -->
        <test-method status="PASS" signature="accCheck_Invalid_email_address1()[pri:10, instance:accCheck.AccountCheckTests@527e5409]" name="accCheck_Invalid_email_address1" duration-ms="1201" started-at="2019-06-12T09:53:38Z" description="Invalid email address1" finished-at="2019-06-12T09:53:39Z">
          <reporter-output>
          </reporter-output>
        </test-method> <!-- accCheck_Invalid_email_address1 -->
        <test-method status="PASS" signature="accCheck_Invalid_email_address2()[pri:11, instance:accCheck.AccountCheckTests@527e5409]" name="accCheck_Invalid_email_address2" duration-ms="1214" started-at="2019-06-12T09:53:39Z" description="Invalid email address2" finished-at="2019-06-12T09:53:40Z">
          <reporter-output>
          </reporter-output>
        </test-method> <!-- accCheck_Invalid_email_address2 -->
        <test-method status="PASS" signature="accCheck_Invalid_email_address3()[pri:12, instance:accCheck.AccountCheckTests@527e5409]" name="accCheck_Invalid_email_address3" duration-ms="1224" started-at="2019-06-12T09:53:40Z" description="Invalid email address3" finished-at="2019-06-12T09:53:42Z">
          <reporter-output>
          </reporter-output>
        </test-method> <!-- accCheck_Invalid_email_address3 -->
        <test-method status="PASS" signature="accCheck_Invalid_email_address4()[pri:13, instance:accCheck.AccountCheckTests@527e5409]" name="accCheck_Invalid_email_address4" duration-ms="1260" started-at="2019-06-12T09:53:42Z" description="Invalid email address4" finished-at="2019-06-12T09:53:43Z">
          <reporter-output>
          </reporter-output>
        </test-method> <!-- accCheck_Invalid_email_address4 -->
        <test-method status="PASS" signature="accCheck_Invalid_email_address5()[pri:14, instance:accCheck.AccountCheckTests@527e5409]" name="accCheck_Invalid_email_address5" duration-ms="1272" started-at="2019-06-12T09:53:43Z" description="Invalid email address5" finished-at="2019-06-12T09:53:44Z">
          <reporter-output>
          </reporter-output>
        </test-method> <!-- accCheck_Invalid_email_address5 -->
        <test-method status="PASS" signature="accCheck_Invalid_Zip_Code()[pri:15, instance:accCheck.AccountCheckTests@527e5409]" name="accCheck_Invalid_Zip_Code" duration-ms="1194" started-at="2019-06-12T09:53:44Z" description="Invalid Zip Code" finished-at="2019-06-12T09:53:45Z">
          <reporter-output>
          </reporter-output>
        </test-method> <!-- accCheck_Invalid_Zip_Code -->
        <test-method status="PASS" signature="accCheck_Invalid_customer_id()[pri:16, instance:accCheck.AccountCheckTests@527e5409]" name="accCheck_Invalid_customer_id" duration-ms="1330" started-at="2019-06-12T09:53:45Z" description="Invalid customer id" finished-at="2019-06-12T09:53:47Z">
          <reporter-output>
          </reporter-output>
        </test-method> <!-- accCheck_Invalid_customer_id -->
        <test-method status="PASS" signature="accCheck_Invalid_account_id()[pri:17, instance:accCheck.AccountCheckTests@527e5409]" name="accCheck_Invalid_account_id" duration-ms="1296" started-at="2019-06-12T09:53:47Z" description="Invalid account id" finished-at="2019-06-12T09:53:48Z">
          <reporter-output>
          </reporter-output>
        </test-method> <!-- accCheck_Invalid_account_id -->
        <test-method status="PASS" signature="accCheck_Null_customer_id()[pri:18, instance:accCheck.AccountCheckTests@527e5409]" name="accCheck_Null_customer_id" duration-ms="1259" started-at="2019-06-12T09:53:48Z" description="Null customer id" finished-at="2019-06-12T09:53:49Z">
          <reporter-output>
          </reporter-output>
        </test-method> <!-- accCheck_Null_customer_id -->
        <test-method status="PASS" signature="accCheck_Null_account_id()[pri:19, instance:accCheck.AccountCheckTests@527e5409]" name="accCheck_Null_account_id" duration-ms="1238" started-at="2019-06-12T09:53:49Z" description="Null account id" finished-at="2019-06-12T09:53:51Z">
          <reporter-output>
          </reporter-output>
        </test-method> <!-- accCheck_Null_account_id -->
        <test-method status="PASS" signature="accCheck_Invalid_verification_type()[pri:20, instance:accCheck.AccountCheckTests@527e5409]" name="accCheck_Invalid_verification_type" duration-ms="1282" started-at="2019-06-12T09:53:51Z" description="Invalid verification type" finished-at="2019-06-12T09:53:52Z">
          <reporter-output>
          </reporter-output>
        </test-method> <!-- accCheck_Invalid_verification_type -->
        <test-method status="PASS" signature="accCheck_Null_verification_type()[pri:21, instance:accCheck.AccountCheckTests@527e5409]" name="accCheck_Null_verification_type" duration-ms="1233" started-at="2019-06-12T09:53:52Z" description="Null verification type" finished-at="2019-06-12T09:53:53Z">
          <reporter-output>
          </reporter-output>
        </test-method> <!-- accCheck_Null_verification_type -->
        <test-method status="PASS" signature="accCheck_Null_first_name_last_name_ssn_email_verification_type()[pri:22, instance:accCheck.AccountCheckTests@527e5409]" name="accCheck_Null_first_name_last_name_ssn_email_verification_type" duration-ms="1206" started-at="2019-06-12T09:53:53Z" description="Null first name last name ssn email verification type" finished-at="2019-06-12T09:53:54Z">
          <reporter-output>
          </reporter-output>
        </test-method> <!-- accCheck_Null_first_name_last_name_ssn_email_verification_type -->
        <test-method status="PASS" signature="accCheck_zip_code_less_than_5_digits_ssn_less_than_9_null_fist_and_last_name_invalid_email()[pri:23, instance:accCheck.AccountCheckTests@527e5409]" name="accCheck_zip_code_less_than_5_digits_ssn_less_than_9_null_fist_and_last_name_invalid_email" duration-ms="1264" started-at="2019-06-12T09:53:54Z" description="zip code less than 5 digits ssn less than 9 null fist and last name invalid email" finished-at="2019-06-12T09:53:56Z">
          <reporter-output>
          </reporter-output>
        </test-method> <!-- accCheck_zip_code_less_than_5_digits_ssn_less_than_9_null_fist_and_last_name_invalid_email -->
        <test-method status="PASS" signature="accCheck_Null_cust_id_and_ac_id()[pri:24, instance:accCheck.AccountCheckTests@527e5409]" name="accCheck_Null_cust_id_and_ac_id" duration-ms="1229" started-at="2019-06-12T09:53:56Z" description="Null cust id and ac id" finished-at="2019-06-12T09:53:57Z">
          <reporter-output>
          </reporter-output>
        </test-method> <!-- accCheck_Null_cust_id_and_ac_id -->
      </class> <!-- accCheck.AccountCheckTests -->
      <class name="plaid.PlaidTests">
        <test-method status="PASS" signature="Valild_Plaid_Flow_with_all_parameters()[pri:30, instance:plaid.PlaidTests@1198b989]" name="Valild_Plaid_Flow_with_all_parameters" duration-ms="49164" started-at="2019-06-12T09:53:57Z" description="Valild Plaid Flow with all parameters" finished-at="2019-06-12T09:54:46Z">
          <reporter-output>
          </reporter-output>
        </test-method> <!-- Valild_Plaid_Flow_with_all_parameters -->
        <test-method status="PASS" signature="Valild_Plaid_Flow_with_only_mandatory_parameters()[pri:31, instance:plaid.PlaidTests@1198b989]" name="Valild_Plaid_Flow_with_only_mandatory_parameters" duration-ms="1256" started-at="2019-06-12T09:54:46Z" description="Valild Plaid Flow with only mandatory parameters" finished-at="2019-06-12T09:54:47Z">
          <reporter-output>
          </reporter-output>
        </test-method> <!-- Valild_Plaid_Flow_with_only_mandatory_parameters -->
        <test-method status="PASS" signature="Null_Zip_Code()[pri:32, instance:plaid.PlaidTests@1198b989]" name="Null_Zip_Code" duration-ms="1246" started-at="2019-06-12T09:54:47Z" description="Null Zip Code" finished-at="2019-06-12T09:54:48Z">
          <reporter-output>
          </reporter-output>
        </test-method> <!-- Null_Zip_Code -->
        <test-method status="PASS" signature="Null_Address_line_1()[pri:33, instance:plaid.PlaidTests@1198b989]" name="Null_Address_line_1" duration-ms="1303" started-at="2019-06-12T09:54:48Z" description="Null Zip Code" finished-at="2019-06-12T09:54:50Z">
          <reporter-output>
          </reporter-output>
        </test-method> <!-- Null_Address_line_1 -->
        <test-method status="PASS" signature="Null_Last_Name()[pri:34, instance:plaid.PlaidTests@1198b989]" name="Null_Last_Name" duration-ms="1191" started-at="2019-06-12T09:54:50Z" description="Null Last Name" finished-at="2019-06-12T09:54:51Z">
          <reporter-output>
          </reporter-output>
        </test-method> <!-- Null_Last_Name -->
        <test-method status="PASS" signature="Null_SSN()[pri:35, instance:plaid.PlaidTests@1198b989]" name="Null_SSN" duration-ms="1276" started-at="2019-06-12T09:54:51Z" description="Null SSN" finished-at="2019-06-12T09:54:52Z">
          <reporter-output>
          </reporter-output>
        </test-method> <!-- Null_SSN -->
        <test-method status="PASS" signature="Null_email_address()[pri:36, instance:plaid.PlaidTests@1198b989]" name="Null_email_address" duration-ms="1304" started-at="2019-06-12T09:54:52Z" description="Null email address" finished-at="2019-06-12T09:54:54Z">
          <reporter-output>
          </reporter-output>
        </test-method> <!-- Null_email_address -->
        <test-method status="PASS" signature="Null_First_Name()[pri:37, instance:plaid.PlaidTests@1198b989]" name="Null_First_Name" duration-ms="1259" started-at="2019-06-12T09:54:54Z" description="Null First Name" finished-at="2019-06-12T09:54:55Z">
          <reporter-output>
          </reporter-output>
        </test-method> <!-- Null_First_Name -->
        <test-method status="PASS" signature="Null_customer_id()[pri:38, instance:plaid.PlaidTests@1198b989]" name="Null_customer_id" duration-ms="1207" started-at="2019-06-12T09:54:55Z" description="Null Customer Id" finished-at="2019-06-12T09:54:56Z">
          <reporter-output>
          </reporter-output>
        </test-method> <!-- Null_customer_id -->
        <test-method status="PASS" signature="Null_account_id()[pri:39, instance:plaid.PlaidTests@1198b989]" name="Null_account_id" duration-ms="1231" started-at="2019-06-12T09:54:56Z" description="Null Account Id" finished-at="2019-06-12T09:54:57Z">
          <reporter-output>
          </reporter-output>
        </test-method> <!-- Null_account_id -->
        <test-method status="PASS" signature="Invalid_verification_type()[pri:40, instance:plaid.PlaidTests@1198b989]" name="Invalid_verification_type" duration-ms="1319" started-at="2019-06-12T09:54:57Z" description="Invalid verification_type" finished-at="2019-06-12T09:54:59Z">
          <reporter-output>
          </reporter-output>
        </test-method> <!-- Invalid_verification_type -->
        <test-method status="PASS" signature="Null_verification_type()[pri:41, instance:plaid.PlaidTests@1198b989]" name="Null_verification_type" duration-ms="1210" started-at="2019-06-12T09:54:59Z" description="Null Verification Type" finished-at="2019-06-12T09:55:00Z">
          <reporter-output>
          </reporter-output>
        </test-method> <!-- Null_verification_type -->
        <test-method status="PASS" signature="Null_first_name_last_name_ssn()[pri:42, instance:plaid.PlaidTests@1198b989]" name="Null_first_name_last_name_ssn" duration-ms="1250" started-at="2019-06-12T09:55:00Z" description="Null first name, last name, ssn" finished-at="2019-06-12T09:55:01Z">
          <reporter-output>
          </reporter-output>
        </test-method> <!-- Null_first_name_last_name_ssn -->
        <test-method status="PASS" signature="Null_cust_id_and_ac_id()[pri:43, instance:plaid.PlaidTests@1198b989]" name="Null_cust_id_and_ac_id" duration-ms="1220" started-at="2019-06-12T09:55:01Z" description="Null Customer Id and Account Id" finished-at="2019-06-12T09:55:02Z">
          <reporter-output>
          </reporter-output>
        </test-method> <!-- Null_cust_id_and_ac_id -->
        <test-method status="PASS" signature="Invalid_cust_id_ac_id()[pri:44, instance:plaid.PlaidTests@1198b989]" name="Invalid_cust_id_ac_id" duration-ms="1285" started-at="2019-06-12T09:55:02Z" description="Invalid Customer Id and Account Id" finished-at="2019-06-12T09:55:04Z">
          <reporter-output>
          </reporter-output>
        </test-method> <!-- Invalid_cust_id_ac_id -->
        <test-method status="PASS" signature="SSN_less_than_9_digits()[pri:45, instance:plaid.PlaidTests@1198b989]" name="SSN_less_than_9_digits" duration-ms="1178" started-at="2019-06-12T09:55:04Z" description="SSN less than 9 digits" finished-at="2019-06-12T09:55:05Z">
          <reporter-output>
          </reporter-output>
        </test-method> <!-- SSN_less_than_9_digits -->
        <test-method status="PASS" signature="SSN_greater_than_9_digits()[pri:46, instance:plaid.PlaidTests@1198b989]" name="SSN_greater_than_9_digits" duration-ms="1220" started-at="2019-06-12T09:55:05Z" description="SSN greater than 9 digits" finished-at="2019-06-12T09:55:06Z">
          <reporter-output>
          </reporter-output>
        </test-method> <!-- SSN_greater_than_9_digits -->
        <test-method status="PASS" signature="Invalid_email_address1()[pri:47, instance:plaid.PlaidTests@1198b989]" name="Invalid_email_address1" duration-ms="1218" started-at="2019-06-12T09:55:06Z" description="Invalid email address1" finished-at="2019-06-12T09:55:07Z">
          <reporter-output>
          </reporter-output>
        </test-method> <!-- Invalid_email_address1 -->
        <test-method status="PASS" signature="Invalid_email_address2()[pri:48, instance:plaid.PlaidTests@1198b989]" name="Invalid_email_address2" duration-ms="1210" started-at="2019-06-12T09:55:07Z" description="Invalid email address2" finished-at="2019-06-12T09:55:08Z">
          <reporter-output>
          </reporter-output>
        </test-method> <!-- Invalid_email_address2 -->
        <test-method status="PASS" signature="Invalid_email_address3()[pri:49, instance:plaid.PlaidTests@1198b989]" name="Invalid_email_address3" duration-ms="1259" started-at="2019-06-12T09:55:08Z" description="Invalid email address3" finished-at="2019-06-12T09:55:10Z">
          <reporter-output>
          </reporter-output>
        </test-method> <!-- Invalid_email_address3 -->
        <test-method status="PASS" signature="Invalid_email_address4()[pri:50, instance:plaid.PlaidTests@1198b989]" name="Invalid_email_address4" duration-ms="1218" started-at="2019-06-12T09:55:10Z" description="Invalid email address4" finished-at="2019-06-12T09:55:11Z">
          <reporter-output>
          </reporter-output>
        </test-method> <!-- Invalid_email_address4 -->
        <test-method status="PASS" signature="Invalid_email_address5()[pri:51, instance:plaid.PlaidTests@1198b989]" name="Invalid_email_address5" duration-ms="1219" started-at="2019-06-12T09:55:11Z" description="Invalid email address5" finished-at="2019-06-12T09:55:12Z">
          <reporter-output>
          </reporter-output>
        </test-method> <!-- Invalid_email_address5 -->
        <test-method status="PASS" signature="Invalid_Zip_Code()[pri:52, instance:plaid.PlaidTests@1198b989]" name="Invalid_Zip_Code" duration-ms="1195" started-at="2019-06-12T09:55:12Z" description="Invalid Zip Code" finished-at="2019-06-12T09:55:13Z">
          <reporter-output>
          </reporter-output>
        </test-method> <!-- Invalid_Zip_Code -->
        <test-method status="PASS" signature="Invalid_customer_id()[pri:53, instance:plaid.PlaidTests@1198b989]" name="Invalid_customer_id" duration-ms="1280" started-at="2019-06-12T09:55:13Z" description="Invalid Customer Id" finished-at="2019-06-12T09:55:15Z">
          <reporter-output>
          </reporter-output>
        </test-method> <!-- Invalid_customer_id -->
        <test-method status="PASS" signature="Invalid_account_id()[pri:54, instance:plaid.PlaidTests@1198b989]" name="Invalid_account_id" duration-ms="1314" started-at="2019-06-12T09:55:15Z" description="Invalid Account Id" finished-at="2019-06-12T09:55:16Z">
          <reporter-output>
          </reporter-output>
        </test-method> <!-- Invalid_account_id -->
        <test-method status="PASS" signature="zip_code_less_than_5_digits_ssn_less_than_9_null_first_and_last_name_invalid_email()[pri:55, instance:plaid.PlaidTests@1198b989]" name="zip_code_less_than_5_digits_ssn_less_than_9_null_first_and_last_name_invalid_email" duration-ms="1213" started-at="2019-06-12T09:55:16Z" description="Invalid Zip Code, SSN, Email, Null first and last name" finished-at="2019-06-12T09:55:17Z">
          <reporter-output>
          </reporter-output>
        </test-method> <!-- zip_code_less_than_5_digits_ssn_less_than_9_null_first_and_last_name_invalid_email -->
      </class> <!-- plaid.PlaidTests -->
    </test> <!-- Test -->
  </suite> <!-- All Test Suite -->
</testng-results>
