<html>
<head>
<title>TestNG:  Finicity</title>
<link href="../testng.css" rel="stylesheet" type="text/css" />
<link href="../my-testng.css" rel="stylesheet" type="text/css" />

<style type="text/css">
.log { display: none;} 
.stack-trace { display: none;} 
</style>
<script type="text/javascript">
<!--
function flip(e) {
  current = e.style.display;
  if (current == 'block') {
    e.style.display = 'none';
    return 0;
  }
  else {
    e.style.display = 'block';
    return 1;
  }
}

function toggleBox(szDivId, elem, msg1, msg2)
{
  var res = -1;  if (document.getElementById) {
    res = flip(document.getElementById(szDivId));
  }
  else if (document.all) {
    // this is the way old msie versions work
    res = flip(document.all[szDivId]);
  }
  if(elem) {
    if(res == 0) elem.innerHTML = msg1; else elem.innerHTML = msg2;
  }

}

function toggleAllBoxes() {
  if (document.getElementsByTagName) {
    d = document.getElementsByTagName('div');
    for (i = 0; i < d.length; i++) {
      if (d[i].className == 'log') {
        flip(d[i]);
      }
    }
  }
}

// -->
</script>

</head>
<body>
<h2 align='center'>Finicity</h2><table border='1' align="center">
<tr>
<td>Tests passed/Failed/Skipped:</td><td>41/2/0</td>
</tr><tr>
<td>Started on:</td><td>Thu Aug 01 12:46:25 IST 2019</td>
</tr>
<tr><td>Total time:</td><td>316 seconds (316195 ms)</td>
</tr><tr>
<td>Included groups:</td><td></td>
</tr><tr>
<td>Excluded groups:</td><td></td>
</tr>
</table><p/>
<small><i>(Hover the method name to see the test class name)</i></small><p/>
<table width='100%' border='1' class='invocation-failed'>
<tr><td colspan='4' align='center'><b>FAILED CONFIGURATIONS</b></td></tr>
<tr><td><b>Test method</b></td>
<td width="30%"><b>Exception</b></td>
<td width="10%"><b>Time (seconds)</b></td>
<td><b>Instance</b></td>
</tr>
<tr>
<td title='finicity.FinicityTests.checkStatus()'><b>checkStatus</b><br>Test class: finicity.FinicityTests<br>Parameters: [TestResult name=Valid_Finicity_flow_for_Asset_Income_Verification_With_all_parameters status=FAILURE method=FinicityTests.Valid_Finicity_flow_for_Asset_Income_Verification_With_all_parameters()[pri:0, instance:finicity.FinicityTests@77192705] output={null}]</td>
<td><div><pre>java.lang.NullPointerException
	at finicity.FinicityTests.checkStatus(FinicityTests.java:36)
... Removed 32 stack frames</pre></div><a href='#' onClick='toggleBox("stack-trace620261614", this, "Click to show all stack frames", "Click to hide stack frames")'>Click to show all stack frames</a>
<div class='stack-trace' id='stack-trace620261614'><pre>java.lang.NullPointerException
	at finicity.FinicityTests.checkStatus(FinicityTests.java:36)
	at sun.reflect.NativeMethodAccessorImpl.invoke0(Native Method)
	at sun.reflect.NativeMethodAccessorImpl.invoke(NativeMethodAccessorImpl.java:62)
	at sun.reflect.DelegatingMethodAccessorImpl.invoke(DelegatingMethodAccessorImpl.java:43)
	at java.lang.reflect.Method.invoke(Method.java:498)
	at org.testng.internal.MethodInvocationHelper.invokeMethod(MethodInvocationHelper.java:124)
	at org.testng.internal.MethodInvocationHelper.invokeMethodConsideringTimeout(MethodInvocationHelper.java:59)
	at org.testng.internal.Invoker.invokeConfigurationMethod(Invoker.java:455)
	at org.testng.internal.Invoker.invokeConfigurations(Invoker.java:222)
	at org.testng.internal.Invoker.invokeMethod(Invoker.java:643)
	at org.testng.internal.Invoker.invokeTestMethod(Invoker.java:716)
	at org.testng.internal.Invoker.invokeTestMethods(Invoker.java:988)
	at org.testng.internal.TestMethodWorker.invokeTestMethods(TestMethodWorker.java:125)
	at org.testng.internal.TestMethodWorker.run(TestMethodWorker.java:109)
	at org.testng.TestRunner.privateRun(TestRunner.java:648)
	at org.testng.TestRunner.run(TestRunner.java:505)
	at org.testng.SuiteRunner.runTest(SuiteRunner.java:455)
	at org.testng.SuiteRunner.runSequentially(SuiteRunner.java:450)
	at org.testng.SuiteRunner.privateRun(SuiteRunner.java:415)
	at org.testng.SuiteRunner.run(SuiteRunner.java:364)
	at org.testng.SuiteRunnerWorker.runSuite(SuiteRunnerWorker.java:52)
	at org.testng.SuiteRunnerWorker.run(SuiteRunnerWorker.java:84)
	at org.testng.TestNG.runSuitesSequentially(TestNG.java:1208)
	at org.testng.TestNG.runSuitesLocally(TestNG.java:1137)
	at org.testng.TestNG.runSuites(TestNG.java:1049)
	at org.testng.TestNG.run(TestNG.java:1017)
	at org.apache.maven.surefire.testng.TestNGExecutor.run(TestNGExecutor.java:283)
	at org.apache.maven.surefire.testng.TestNGXmlTestSuite.execute(TestNGXmlTestSuite.java:75)
	at org.apache.maven.surefire.testng.TestNGProvider.invoke(TestNGProvider.java:120)
	at org.apache.maven.surefire.booter.ForkedBooter.invokeProviderInSameClassLoader(ForkedBooter.java:384)
	at org.apache.maven.surefire.booter.ForkedBooter.runSuitesInProcess(ForkedBooter.java:345)
	at org.apache.maven.surefire.booter.ForkedBooter.execute(ForkedBooter.java:126)
	at org.apache.maven.surefire.booter.ForkedBooter.main(ForkedBooter.java:418)
</pre></div></td>
<td>0</td>
<td>finicity.FinicityTests@77192705</td></tr>
</table><p>
<table width='100%' border='1' class='invocation-failed'>
<tr><td colspan='4' align='center'><b>FAILED TESTS</b></td></tr>
<tr><td><b>Test method</b></td>
<td width="30%"><b>Exception</b></td>
<td width="10%"><b>Time (seconds)</b></td>
<td><b>Instance</b></td>
</tr>
<tr>
<td title='finicity.FinicityTests.Valid_Finicity_flow_for_Asset_Income_Verification_With_all_parameters()'><b>Valid_Finicity_flow_for_Asset_Income_Verification_With_all_parameters</b><br>Test class: finicity.FinicityTests<br>Test method: Valid Finicity flow for Asset_Income Verification  (With all parameters)</td>
<td><div><pre>java.lang.AssertionError: 1 expectation failed.
Expected status code &lt;200&gt; but was &lt;500&gt;.

	at org.codehaus.groovy.runtime.callsite.ConstructorSite$ConstructorSiteNoUnwrap.callConstructor(ConstructorSite.java:84)
	at org.codehaus.groovy.runtime.callsite.CallSiteArray.defaultCallConstructor(CallSiteArray.java:59)
	at org.codehaus.groovy.runtime.callsite.AbstractCallSite.callConstructor(AbstractCallSite.java:238)
	at org.codehaus.groovy.runtime.callsite.AbstractCallSite.callConstructor(AbstractCallSite.java:250)
	at io.restassured.internal.ResponseSpecificationImpl$HamcrestAssertionClosure.validate(ResponseSpecificationImpl.groovy:483)
	at io.restassured.internal.ResponseSpecificationImpl$HamcrestAssertionClosure$validate$2.call(Unknown Source)
	at io.restassured.internal.ResponseSpecificationImpl.validateResponseIfRequired(ResponseSpecificationImpl.groovy:655)
	at org.codehaus.groovy.runtime.callsite.PogoMetaMethodSite$PogoCachedMethodSiteNoUnwrapNoCoerce.invoke(PogoMetaMethodSite.java:210)
	at org.codehaus.groovy.runtime.callsite.PogoMetaMethodSite.callCurrent(PogoMetaMethodSite.java:59)
	at org.codehaus.groovy.runtime.callsite.AbstractCallSite.callCurrent(AbstractCallSite.java:169)
	at io.restassured.internal.ResponseSpecificationImpl.statusCode(ResponseSpecificationImpl.groovy:123)
	at io.restassured.specification.ResponseSpecification$statusCode$1.callCurrent(Unknown Source)
	at io.restassured.internal.ResponseSpecificationImpl.statusCode(ResponseSpecificationImpl.groovy:131)
	at io.restassured.internal.ValidatableResponseOptionsImpl.statusCode(ValidatableResponseOptionsImpl.java:119)
	at finicity.FinicityTests.Valid_Finicity_flow_for_Asset_Income_Verification_With_all_parameters(FinicityTests.java:122)
... Removed 38 stack frames</pre></div><a href='#' onClick='toggleBox("stack-trace1771190979", this, "Click to show all stack frames", "Click to hide stack frames")'>Click to show all stack frames</a>
<div class='stack-trace' id='stack-trace1771190979'><pre>java.lang.AssertionError: 1 expectation failed.
Expected status code &lt;200&gt; but was &lt;500&gt;.

	at sun.reflect.NativeConstructorAccessorImpl.newInstance0(Native Method)
	at sun.reflect.NativeConstructorAccessorImpl.newInstance(NativeConstructorAccessorImpl.java:62)
	at sun.reflect.DelegatingConstructorAccessorImpl.newInstance(DelegatingConstructorAccessorImpl.java:45)
	at java.lang.reflect.Constructor.newInstance(Constructor.java:423)
	at org.codehaus.groovy.reflection.CachedConstructor.invoke(CachedConstructor.java:83)
	at org.codehaus.groovy.reflection.CachedConstructor.doConstructorInvoke(CachedConstructor.java:77)
	at org.codehaus.groovy.runtime.callsite.ConstructorSite$ConstructorSiteNoUnwrap.callConstructor(ConstructorSite.java:84)
	at org.codehaus.groovy.runtime.callsite.CallSiteArray.defaultCallConstructor(CallSiteArray.java:59)
	at org.codehaus.groovy.runtime.callsite.AbstractCallSite.callConstructor(AbstractCallSite.java:238)
	at org.codehaus.groovy.runtime.callsite.AbstractCallSite.callConstructor(AbstractCallSite.java:250)
	at io.restassured.internal.ResponseSpecificationImpl$HamcrestAssertionClosure.validate(ResponseSpecificationImpl.groovy:483)
	at io.restassured.internal.ResponseSpecificationImpl$HamcrestAssertionClosure$validate$2.call(Unknown Source)
	at io.restassured.internal.ResponseSpecificationImpl.validateResponseIfRequired(ResponseSpecificationImpl.groovy:655)
	at sun.reflect.GeneratedMethodAccessor135.invoke(Unknown Source)
	at sun.reflect.DelegatingMethodAccessorImpl.invoke(DelegatingMethodAccessorImpl.java:43)
	at java.lang.reflect.Method.invoke(Method.java:498)
	at org.codehaus.groovy.runtime.callsite.PogoMetaMethodSite$PogoCachedMethodSiteNoUnwrapNoCoerce.invoke(PogoMetaMethodSite.java:210)
	at org.codehaus.groovy.runtime.callsite.PogoMetaMethodSite.callCurrent(PogoMetaMethodSite.java:59)
	at org.codehaus.groovy.runtime.callsite.AbstractCallSite.callCurrent(AbstractCallSite.java:169)
	at io.restassured.internal.ResponseSpecificationImpl.statusCode(ResponseSpecificationImpl.groovy:123)
	at io.restassured.specification.ResponseSpecification$statusCode$1.callCurrent(Unknown Source)
	at io.restassured.internal.ResponseSpecificationImpl.statusCode(ResponseSpecificationImpl.groovy:131)
	at io.restassured.internal.ValidatableResponseOptionsImpl.statusCode(ValidatableResponseOptionsImpl.java:119)
	at finicity.FinicityTests.Valid_Finicity_flow_for_Asset_Income_Verification_With_all_parameters(FinicityTests.java:122)
	at sun.reflect.NativeMethodAccessorImpl.invoke0(Native Method)
	at sun.reflect.NativeMethodAccessorImpl.invoke(NativeMethodAccessorImpl.java:62)
	at sun.reflect.DelegatingMethodAccessorImpl.invoke(DelegatingMethodAccessorImpl.java:43)
	at java.lang.reflect.Method.invoke(Method.java:498)
	at org.testng.internal.MethodInvocationHelper.invokeMethod(MethodInvocationHelper.java:124)
	at org.testng.internal.Invoker.invokeMethod(Invoker.java:580)
	at org.testng.internal.Invoker.invokeTestMethod(Invoker.java:716)
	at org.testng.internal.Invoker.invokeTestMethods(Invoker.java:988)
	at org.testng.internal.TestMethodWorker.invokeTestMethods(TestMethodWorker.java:125)
	at org.testng.internal.TestMethodWorker.run(TestMethodWorker.java:109)
	at org.testng.TestRunner.privateRun(TestRunner.java:648)
	at org.testng.TestRunner.run(TestRunner.java:505)
	at org.testng.SuiteRunner.runTest(SuiteRunner.java:455)
	at org.testng.SuiteRunner.runSequentially(SuiteRunner.java:450)
	at org.testng.SuiteRunner.privateRun(SuiteRunner.java:415)
	at org.testng.SuiteRunner.run(SuiteRunner.java:364)
	at org.testng.SuiteRunnerWorker.runSuite(SuiteRunnerWorker.java:52)
	at org.testng.SuiteRunnerWorker.run(SuiteRunnerWorker.java:84)
	at org.testng.TestNG.runSuitesSequentially(TestNG.java:1208)
	at org.testng.TestNG.runSuitesLocally(TestNG.java:1137)
	at org.testng.TestNG.runSuites(TestNG.java:1049)
	at org.testng.TestNG.run(TestNG.java:1017)
	at org.apache.maven.surefire.testng.TestNGExecutor.run(TestNGExecutor.java:283)
	at org.apache.maven.surefire.testng.TestNGXmlTestSuite.execute(TestNGXmlTestSuite.java:75)
	at org.apache.maven.surefire.testng.TestNGProvider.invoke(TestNGProvider.java:120)
	at org.apache.maven.surefire.booter.ForkedBooter.invokeProviderInSameClassLoader(ForkedBooter.java:384)
	at org.apache.maven.surefire.booter.ForkedBooter.runSuitesInProcess(ForkedBooter.java:345)
	at org.apache.maven.surefire.booter.ForkedBooter.execute(ForkedBooter.java:126)
	at org.apache.maven.surefire.booter.ForkedBooter.main(ForkedBooter.java:418)
</pre></div></td>
<td>1</td>
<td>finicity.FinicityTests@77192705</td></tr>
<tr>
<td title='finicity.FinicityTests.downloadReport()'><b>downloadReport</b><br>Test class: finicity.FinicityTests<br>Test method: Download the report</td>
<td><div><pre>org.testng.TestNGException: 
Cannot inject @Test annotated Method [downloadReport] with [class java.lang.String].
For more information on native dependency injection please refer to http://testng.org/doc/documentation-main.html#native-dependency-injection
... Removed 28 stack frames</pre></div><a href='#' onClick='toggleBox("stack-trace1938005794", this, "Click to show all stack frames", "Click to hide stack frames")'>Click to show all stack frames</a>
<div class='stack-trace' id='stack-trace1938005794'><pre>org.testng.TestNGException: 
Cannot inject @Test annotated Method [downloadReport] with [class java.lang.String].
For more information on native dependency injection please refer to http://testng.org/doc/documentation-main.html#native-dependency-injection
	at org.testng.internal.Parameters.checkParameterTypes(Parameters.java:407)
	at org.testng.internal.Parameters.createParametersForMethod(Parameters.java:356)
	at org.testng.internal.Parameters.createParameters(Parameters.java:635)
	at org.testng.internal.Parameters.handleParameters(Parameters.java:769)
	at org.testng.internal.ParameterHandler.handleParameters(ParameterHandler.java:49)
	at org.testng.internal.ParameterHandler.createParameters(ParameterHandler.java:37)
	at org.testng.internal.Invoker.invokeTestMethods(Invoker.java:923)
	at org.testng.internal.TestMethodWorker.invokeTestMethods(TestMethodWorker.java:125)
	at org.testng.internal.TestMethodWorker.run(TestMethodWorker.java:109)
	at org.testng.TestRunner.privateRun(TestRunner.java:648)
	at org.testng.TestRunner.run(TestRunner.java:505)
	at org.testng.SuiteRunner.runTest(SuiteRunner.java:455)
	at org.testng.SuiteRunner.runSequentially(SuiteRunner.java:450)
	at org.testng.SuiteRunner.privateRun(SuiteRunner.java:415)
	at org.testng.SuiteRunner.run(SuiteRunner.java:364)
	at org.testng.SuiteRunnerWorker.runSuite(SuiteRunnerWorker.java:52)
	at org.testng.SuiteRunnerWorker.run(SuiteRunnerWorker.java:84)
	at org.testng.TestNG.runSuitesSequentially(TestNG.java:1208)
	at org.testng.TestNG.runSuitesLocally(TestNG.java:1137)
	at org.testng.TestNG.runSuites(TestNG.java:1049)
	at org.testng.TestNG.run(TestNG.java:1017)
	at org.apache.maven.surefire.testng.TestNGExecutor.run(TestNGExecutor.java:283)
	at org.apache.maven.surefire.testng.TestNGXmlTestSuite.execute(TestNGXmlTestSuite.java:75)
	at org.apache.maven.surefire.testng.TestNGProvider.invoke(TestNGProvider.java:120)
	at org.apache.maven.surefire.booter.ForkedBooter.invokeProviderInSameClassLoader(ForkedBooter.java:384)
	at org.apache.maven.surefire.booter.ForkedBooter.runSuitesInProcess(ForkedBooter.java:345)
	at org.apache.maven.surefire.booter.ForkedBooter.execute(ForkedBooter.java:126)
	at org.apache.maven.surefire.booter.ForkedBooter.main(ForkedBooter.java:418)
</pre></div></td>
<td>0</td>
<td>finicity.FinicityTests@77192705</td></tr>
</table><p>
<table width='100%' border='1' class='invocation-passed'>
<tr><td colspan='4' align='center'><b>PASSED TESTS</b></td></tr>
<tr><td><b>Test method</b></td>
<td width="30%"><b>Exception</b></td>
<td width="10%"><b>Time (seconds)</b></td>
<td><b>Instance</b></td>
</tr>
<tr>
<td title='finicity.FinicityTests.Invalid_Account_ID()'><b>Invalid_Account_ID</b><br>Test class: finicity.FinicityTests<br>Test method: Invalid Account ID</td>
<td></td>
<td>1</td>
<td>finicity.FinicityTests@77192705</td></tr>
<tr>
<td title='finicity.FinicityTests.Invalid_Customer_ID()'><b>Invalid_Customer_ID</b><br>Test class: finicity.FinicityTests<br>Test method: Invalid Customer ID</td>
<td></td>
<td>1</td>
<td>finicity.FinicityTests@77192705</td></tr>
<tr>
<td title='finicity.FinicityTests.Invalid_cust_id_ac_id()'><b>Invalid_cust_id_ac_id</b><br>Test class: finicity.FinicityTests<br>Test method: Invalid Cuatomer ID and Account ID</td>
<td></td>
<td>1</td>
<td>finicity.FinicityTests@77192705</td></tr>
<tr>
<td title='finicity.FinicityTests.Invalid_dob_DD_MM_YY()'><b>Invalid_dob_DD_MM_YY</b><br>Test class: finicity.FinicityTests<br>Test method: Invalid dob (DD/MM/YY)</td>
<td></td>
<td>1</td>
<td>finicity.FinicityTests@77192705</td></tr>
<tr>
<td title='finicity.FinicityTests.Invalid_dob_DD_MM_YYYY()'><b>Invalid_dob_DD_MM_YYYY</b><br>Test class: finicity.FinicityTests<br>Test method: Invalid dob (DD/MM/YYYY)</td>
<td></td>
<td>1</td>
<td>finicity.FinicityTests@77192705</td></tr>
<tr>
<td title='finicity.FinicityTests.Invalid_dob_MM_YYYY_DD()'><b>Invalid_dob_MM_YYYY_DD</b><br>Test class: finicity.FinicityTests<br>Test method: Invalid dob (MM/YYYY/DD)</td>
<td></td>
<td>1</td>
<td>finicity.FinicityTests@77192705</td></tr>
<tr>
<td title='finicity.FinicityTests.Invalid_dob_YYYY_DD_MM()'><b>Invalid_dob_YYYY_DD_MM</b><br>Test class: finicity.FinicityTests<br>Test method: Invalid dob (YYYY/DD/MM)</td>
<td></td>
<td>1</td>
<td>finicity.FinicityTests@77192705</td></tr>
<tr>
<td title='finicity.FinicityTests.Invalid_dob_both_add_lines_null_city_state_zip_code_less_than_5_ssn_less_than_9()'><b>Invalid_dob_both_add_lines_null_city_state_zip_code_less_than_5_ssn_less_than_9</b><br>Test class: finicity.FinicityTests<br>Test method: Invalid dob, both add lines, null city, state, zip code less than 5, ssn less than 9</td>
<td></td>
<td>1</td>
<td>finicity.FinicityTests@77192705</td></tr>
<tr>
<td title='finicity.FinicityTests.Invalid_email_address1()'><b>Invalid_email_address1</b><br>Test class: finicity.FinicityTests<br>Test method: Invalid email address1</td>
<td></td>
<td>1</td>
<td>finicity.FinicityTests@77192705</td></tr>
<tr>
<td title='finicity.FinicityTests.Invalid_email_address2()'><b>Invalid_email_address2</b><br>Test class: finicity.FinicityTests<br>Test method: Invalid email address2</td>
<td></td>
<td>1</td>
<td>finicity.FinicityTests@77192705</td></tr>
<tr>
<td title='finicity.FinicityTests.Invalid_email_address3()'><b>Invalid_email_address3</b><br>Test class: finicity.FinicityTests<br>Test method: Invalid email address3</td>
<td></td>
<td>1</td>
<td>finicity.FinicityTests@77192705</td></tr>
<tr>
<td title='finicity.FinicityTests.Invalid_email_address4()'><b>Invalid_email_address4</b><br>Test class: finicity.FinicityTests<br>Test method: Invalid email address4</td>
<td></td>
<td>1</td>
<td>finicity.FinicityTests@77192705</td></tr>
<tr>
<td title='finicity.FinicityTests.Invalid_email_address5()'><b>Invalid_email_address5</b><br>Test class: finicity.FinicityTests<br>Test method: Invalid email address5</td>
<td></td>
<td>1</td>
<td>finicity.FinicityTests@77192705</td></tr>
<tr>
<td title='finicity.FinicityTests.Invalild_Verification_Type()'><b>Invalild_Verification_Type</b><br>Test class: finicity.FinicityTests<br>Test method: Invalild Verification Type</td>
<td></td>
<td>1</td>
<td>finicity.FinicityTests@77192705</td></tr>
<tr>
<td title='finicity.FinicityTests.Null_Account_ID()'><b>Null_Account_ID</b><br>Test class: finicity.FinicityTests<br>Test method: Null Account ID</td>
<td></td>
<td>1</td>
<td>finicity.FinicityTests@77192705</td></tr>
<tr>
<td title='finicity.FinicityTests.Null_City()'><b>Null_City</b><br>Test class: finicity.FinicityTests<br>Test method: Null City</td>
<td></td>
<td>1</td>
<td>finicity.FinicityTests@77192705</td></tr>
<tr>
<td title='finicity.FinicityTests.Null_First_Name()'><b>Null_First_Name</b><br>Test class: finicity.FinicityTests<br>Test method: Null First Name</td>
<td></td>
<td>1</td>
<td>finicity.FinicityTests@77192705</td></tr>
<tr>
<td title='finicity.FinicityTests.Null_Last_Name()'><b>Null_Last_Name</b><br>Test class: finicity.FinicityTests<br>Test method: Null Last Name</td>
<td></td>
<td>1</td>
<td>finicity.FinicityTests@77192705</td></tr>
<tr>
<td title='finicity.FinicityTests.Null_Phone_number()'><b>Null_Phone_number</b><br>Test class: finicity.FinicityTests<br>Test method: Null Phone number</td>
<td></td>
<td>1</td>
<td>finicity.FinicityTests@77192705</td></tr>
<tr>
<td title='finicity.FinicityTests.Null_SSN()'><b>Null_SSN</b><br>Test class: finicity.FinicityTests<br>Test method: Null SSN</td>
<td></td>
<td>1</td>
<td>finicity.FinicityTests@77192705</td></tr>
<tr>
<td title='finicity.FinicityTests.Null_State()'><b>Null_State</b><br>Test class: finicity.FinicityTests<br>Test method: Null State</td>
<td></td>
<td>1</td>
<td>finicity.FinicityTests@77192705</td></tr>
<tr>
<td title='finicity.FinicityTests.Null_Username()'><b>Null_Username</b><br>Test class: finicity.FinicityTests<br>Test method: Null Username</td>
<td></td>
<td>3</td>
<td>finicity.FinicityTests@77192705</td></tr>
<tr>
<td title='finicity.FinicityTests.Null_Verification_Type()'><b>Null_Verification_Type</b><br>Test class: finicity.FinicityTests<br>Test method: Null Verification Type</td>
<td></td>
<td>1</td>
<td>finicity.FinicityTests@77192705</td></tr>
<tr>
<td title='finicity.FinicityTests.Null_Zip_code()'><b>Null_Zip_code</b><br>Test class: finicity.FinicityTests<br>Test method: Null Zip code</td>
<td></td>
<td>1</td>
<td>finicity.FinicityTests@77192705</td></tr>
<tr>
<td title='finicity.FinicityTests.Null_both_address_lines()'><b>Null_both_address_lines</b><br>Test class: finicity.FinicityTests<br>Test method: Null both address lines</td>
<td></td>
<td>1</td>
<td>finicity.FinicityTests@77192705</td></tr>
<tr>
<td title='finicity.FinicityTests.Null_cust_id_and_ac_id()'><b>Null_cust_id_and_ac_id</b><br>Test class: finicity.FinicityTests<br>Test method: Null Customer ID and Account ID</td>
<td></td>
<td>1</td>
<td>finicity.FinicityTests@77192705</td></tr>
<tr>
<td title='finicity.FinicityTests.Null_dob()'><b>Null_dob</b><br>Test class: finicity.FinicityTests<br>Test method: Null DOB</td>
<td></td>
<td>1</td>
<td>finicity.FinicityTests@77192705</td></tr>
<tr>
<td title='finicity.FinicityTests.Null_first_last_ssn_dob_both_add_lines_city_state_zip_phone()'><b>Null_first_last_ssn_dob_both_add_lines_city_state_zip_phone</b><br>Test class: finicity.FinicityTests<br>Test method: Null first , last, ssn, dob, both add lines, city, state, zip, phone</td>
<td></td>
<td>1</td>
<td>finicity.FinicityTests@77192705</td></tr>
<tr>
<td title='finicity.FinicityTests.SSN_greater_than_9_digits()'><b>SSN_greater_than_9_digits</b><br>Test class: finicity.FinicityTests<br>Test method: SSN greater than 9 digits</td>
<td></td>
<td>1</td>
<td>finicity.FinicityTests@77192705</td></tr>
<tr>
<td title='finicity.FinicityTests.SSN_less_than_9_digits()'><b>SSN_less_than_9_digits</b><br>Test class: finicity.FinicityTests<br>Test method: SSN less than 9 digits</td>
<td></td>
<td>1</td>
<td>finicity.FinicityTests@77192705</td></tr>
<tr>
<td title='finicity.FinicityTests.Username_less_than_6_characters()'><b>Username_less_than_6_characters</b><br>Test class: finicity.FinicityTests<br>Test method: Username less than 6 characters</td>
<td></td>
<td>1</td>
<td>finicity.FinicityTests@77192705</td></tr>
<tr>
<td title='finicity.FinicityTests.Valid_Finicity_flow_for_Asset_Income_Verification_With_only_mandatory_parameters()'><b>Valid_Finicity_flow_for_Asset_Income_Verification_With_only_mandatory_parameters</b><br>Test class: finicity.FinicityTests<br>Test method: Valid Finicity flow for Asset_Income Verification  (With only mandatory parameters)</td>
<td></td>
<td>6</td>
<td>finicity.FinicityTests@77192705</td></tr>
<tr>
<td title='finicity.FinicityTests.Valid_Finicity_flow_for_Asset_Verification_With_all_parameters()'><b>Valid_Finicity_flow_for_Asset_Verification_With_all_parameters</b><br>Test class: finicity.FinicityTests<br>Test method: Valid Finicity flow for Asset Verification (With all parameters)</td>
<td></td>
<td>122</td>
<td>finicity.FinicityTests@77192705</td></tr>
<tr>
<td title='finicity.FinicityTests.Valid_Finicity_flow_for_Asset_Verification_With_only_mandatory_parameters()'><b>Valid_Finicity_flow_for_Asset_Verification_With_only_mandatory_parameters</b><br>Test class: finicity.FinicityTests<br>Test method: Valid Finicity flow for Asset Verification (With only mandatory parameters)</td>
<td></td>
<td>5</td>
<td>finicity.FinicityTests@77192705</td></tr>
<tr>
<td title='finicity.FinicityTests.Valid_Finicity_flow_for_Income_Verification_With_all_parameters()'><b>Valid_Finicity_flow_for_Income_Verification_With_all_parameters</b><br>Test class: finicity.FinicityTests<br>Test method: Valid Finicity flow for Income Verification (With all parameters)</td>
<td></td>
<td>118</td>
<td>finicity.FinicityTests@77192705</td></tr>
<tr>
<td title='finicity.FinicityTests.Valid_Finicity_flow_for_Income_Verification_With_only_mandatory_parameters()'><b>Valid_Finicity_flow_for_Income_Verification_With_only_mandatory_parameters</b><br>Test class: finicity.FinicityTests<br>Test method: Valid Finicity flow for Income Verification (With only mandatory parameters)</td>
<td></td>
<td>9</td>
<td>finicity.FinicityTests@77192705</td></tr>
<tr>
<td title='finicity.FinicityTests.With_Address_line_1_only_Null_Address_line_2()'><b>With_Address_line_1_only_Null_Address_line_2</b><br>Test class: finicity.FinicityTests<br>Test method: With Address line 1 only (Null Address line 2)</td>
<td></td>
<td>3</td>
<td>finicity.FinicityTests@77192705</td></tr>
<tr>
<td title='finicity.FinicityTests.With_Address_line_2_only_Null_Address_line_1()'><b>With_Address_line_2_only_Null_Address_line_1</b><br>Test class: finicity.FinicityTests<br>Test method: With Address line 2 only (Null Address line 1)</td>
<td></td>
<td>4</td>
<td>finicity.FinicityTests@77192705</td></tr>
<tr>
<td title='finicity.FinicityTests.Zip_code_greater_than_5_digits()'><b>Zip_code_greater_than_5_digits</b><br>Test class: finicity.FinicityTests<br>Test method: Zip code greater than 5 digits</td>
<td></td>
<td>1</td>
<td>finicity.FinicityTests@77192705</td></tr>
<tr>
<td title='finicity.FinicityTests.Zip_code_less_than_5_digits()'><b>Zip_code_less_than_5_digits</b><br>Test class: finicity.FinicityTests<br>Test method: Zip code less than 5 digits</td>
<td></td>
<td>1</td>
<td>finicity.FinicityTests@77192705</td></tr>
<tr>
<td title='finicity.FinicityTests.null_email_address()'><b>null_email_address</b><br>Test class: finicity.FinicityTests<br>Test method: Null Email Address</td>
<td></td>
<td>1</td>
<td>finicity.FinicityTests@77192705</td></tr>
</table><p>
</body>
</html>