<?xml version="1.0" encoding="UTF-8"?>
<!-- Generated by org.testng.reporters.JUnitXMLReporter -->
<testsuite hostname="KrishnaA-Desk" ignored="0" name="Finicity" tests="43" failures="2" timestamp="01 Aug 2019 07:21:41 GMT" time="316.195" errors="0">
  <testcase name="@AfterMethod checkStatus" time="0.001" classname="finicity.FinicityTests">
    <failure type="java.lang.NullPointerException">
      <![CDATA[java.lang.NullPointerException
at finicity.FinicityTests.checkStatus(FinicityTests.java:36)
... Removed 32 stack frames]]>
    </failure>
  </testcase> <!-- @AfterMethod checkStatus -->
  <testcase name="Valid_Finicity_flow_for_Asset_Income_Verification_With_all_parameters" time="1.45" classname="finicity.FinicityTests">
    <failure type="java.lang.AssertionError" message="1 expectation failed.
Expected status code &amp;lt;200&amp;gt; but was &amp;lt;500&amp;gt;.
">
      <![CDATA[java.lang.AssertionError: 1 expectation failed.
Expected status code <200> but was <500>.

at org.codehaus.groovy.runtime.callsite.ConstructorSite$ConstructorSiteNoUnwrap.callConstructor(ConstructorSite.java:84)
at org.codehaus.groovy.runtime.callsite.CallSiteArray.defaultCallConstructor(CallSiteArray.java:59)
at org.codehaus.groovy.runtime.callsite.AbstractCallSite.callConstructor(AbstractCallSite.java:238)
at org.codehaus.groovy.runtime.callsite.AbstractCallSite.callConstructor(AbstractCallSite.java:250)
at io.restassured.internal.ResponseSpecificationImpl$HamcrestAssertionClosure.validate(ResponseSpecificationImpl.groovy:483)
at io.restassured.internal.ResponseSpecificationImpl$HamcrestAssertionClosure$validate$2.call(Unknown Source)
at io.restassured.internal.ResponseSpecificationImpl.validateResponseIfRequired(ResponseSpecificationImpl.groovy:655)
at org.codehaus.groovy.runtime.callsite.PogoMetaMethodSite$PogoCachedMethodSiteNoUnwrapNoCoerce.invoke(PogoMetaMethodSite.java:210)
at org.codehaus.groovy.runtime.callsite.PogoMetaMethodSite.callCurrent(PogoMetaMethodSite.java:59)
at org.codehaus.groovy.runtime.callsite.AbstractCallSite.callCurrent(AbstractCallSite.java:169)
at io.restassured.internal.ResponseSpecificationImpl.statusCode(ResponseSpecificationImpl.groovy:123)
at io.restassured.specification.ResponseSpecification$statusCode$1.callCurrent(Unknown Source)
at io.restassured.internal.ResponseSpecificationImpl.statusCode(ResponseSpecificationImpl.groovy:131)
at io.restassured.internal.ValidatableResponseOptionsImpl.statusCode(ValidatableResponseOptionsImpl.java:119)
at finicity.FinicityTests.Valid_Finicity_flow_for_Asset_Income_Verification_With_all_parameters(FinicityTests.java:122)
... Removed 38 stack frames]]>
    </failure>
  </testcase> <!-- Valid_Finicity_flow_for_Asset_Income_Verification_With_all_parameters -->
  <testcase name="Valid_Finicity_flow_for_Asset_Income_Verification_With_only_mandatory_parameters" time="6.336" classname="finicity.FinicityTests"/>
  <testcase name="Valid_Finicity_flow_for_Asset_Verification_With_all_parameters" time="122.983" classname="finicity.FinicityTests"/>
  <testcase name="Valid_Finicity_flow_for_Asset_Verification_With_only_mandatory_parameters" time="5.998" classname="finicity.FinicityTests"/>
  <testcase name="Valid_Finicity_flow_for_Income_Verification_With_all_parameters" time="118.244" classname="finicity.FinicityTests"/>
  <testcase name="Valid_Finicity_flow_for_Income_Verification_With_only_mandatory_parameters" time="9.617" classname="finicity.FinicityTests"/>
  <testcase name="Null_Account_ID" time="1.2" classname="finicity.FinicityTests"/>
  <testcase name="Null_City" time="1.288" classname="finicity.FinicityTests"/>
  <testcase name="Null_First_Name" time="1.187" classname="finicity.FinicityTests"/>
  <testcase name="Null_Last_Name" time="1.181" classname="finicity.FinicityTests"/>
  <testcase name="Null_Phone_number" time="1.228" classname="finicity.FinicityTests"/>
  <testcase name="Null_SSN" time="1.279" classname="finicity.FinicityTests"/>
  <testcase name="Null_State" time="1.24" classname="finicity.FinicityTests"/>
  <testcase name="Null_Username" time="3.552" classname="finicity.FinicityTests"/>
  <testcase name="Null_Verification_Type" time="1.219" classname="finicity.FinicityTests"/>
  <testcase name="Null_Zip_code" time="1.277" classname="finicity.FinicityTests"/>
  <testcase name="Null_both_address_lines" time="1.272" classname="finicity.FinicityTests"/>
  <testcase name="Null_cust_id_and_ac_id" time="1.19" classname="finicity.FinicityTests"/>
  <testcase name="Null_dob" time="1.282" classname="finicity.FinicityTests"/>
  <testcase name="Null_first_last_ssn_dob_both_add_lines_city_state_zip_phone" time="1.139" classname="finicity.FinicityTests"/>
  <testcase name="With_Address_line_1_only_Null_Address_line_2" time="3.545" classname="finicity.FinicityTests"/>
  <testcase name="With_Address_line_2_only_Null_Address_line_1" time="4.545" classname="finicity.FinicityTests"/>
  <testcase name="null_email_address" time="1.287" classname="finicity.FinicityTests"/>
  <testcase name="Invalid_Account_ID" time="1.268" classname="finicity.FinicityTests"/>
  <testcase name="Invalid_Customer_ID" time="1.201" classname="finicity.FinicityTests"/>
  <testcase name="Invalid_cust_id_ac_id" time="1.201" classname="finicity.FinicityTests"/>
  <testcase name="Invalid_dob_DD_MM_YY" time="1.137" classname="finicity.FinicityTests"/>
  <testcase name="Invalid_dob_DD_MM_YYYY" time="1.197" classname="finicity.FinicityTests"/>
  <testcase name="Invalid_dob_MM_YYYY_DD" time="1.19" classname="finicity.FinicityTests"/>
  <testcase name="Invalid_dob_YYYY_DD_MM" time="1.142" classname="finicity.FinicityTests"/>
  <testcase name="Invalid_dob_both_add_lines_null_city_state_zip_code_less_than_5_ssn_less_than_9" time="1.136" classname="finicity.FinicityTests"/>
  <testcase name="Invalid_email_address1" time="1.163" classname="finicity.FinicityTests"/>
  <testcase name="Invalid_email_address2" time="1.181" classname="finicity.FinicityTests"/>
  <testcase name="Invalid_email_address3" time="1.179" classname="finicity.FinicityTests"/>
  <testcase name="Invalid_email_address4" time="1.137" classname="finicity.FinicityTests"/>
  <testcase name="Invalid_email_address5" time="1.201" classname="finicity.FinicityTests"/>
  <testcase name="Invalild_Verification_Type" time="1.218" classname="finicity.FinicityTests"/>
  <testcase name="SSN_greater_than_9_digits" time="1.18" classname="finicity.FinicityTests"/>
  <testcase name="SSN_less_than_9_digits" time="1.154" classname="finicity.FinicityTests"/>
  <testcase name="Username_less_than_6_characters" time="1.224" classname="finicity.FinicityTests"/>
  <testcase name="Zip_code_greater_than_5_digits" time="1.138" classname="finicity.FinicityTests"/>
  <testcase name="Zip_code_less_than_5_digits" time="1.212" classname="finicity.FinicityTests"/>
  <testcase name="downloadReport" time="0.0" classname="finicity.FinicityTests">
    <failure type="org.testng.TestNGException" message="
Cannot inject @Test annotated Method [downloadReport] with [class java.lang.String].
For more information on native dependency injection please refer to http://testng.org/doc/documentation-main.html#native-dependency-injection">
      <![CDATA[org.testng.TestNGException: 
Cannot inject @Test annotated Method [downloadReport] with [class java.lang.String].
For more information on native dependency injection please refer to http://testng.org/doc/documentation-main.html#native-dependency-injection
... Removed 28 stack frames]]>
    </failure>
  </testcase> <!-- downloadReport -->
</testsuite> <!-- Finicity -->
