<?xml version="1.0" encoding="UTF-8"?>
<!-- Generated by org.testng.reporters.JUnitXMLReporter -->
<testsuite hostname="KrishnaA-Desk" ignored="0" name="Plaid" tests="27" failures="1" timestamp="01 Aug 2019 07:25:09 GMT" time="138.44" errors="0">
  <testcase name="Valild_Plaid_Flow_with_all_parameters" time="46.706" classname="plaid.PlaidTests"/>
  <testcase name="Valild_Plaid_Flow_with_only_mandatory_parameters" time="62.504" classname="plaid.PlaidTests"/>
  <testcase name="downloadReport" time="0.0" classname="plaid.PlaidTests">
    <failure type="org.testng.TestNGException" message="
Cannot inject @Test annotated Method [downloadReport] with [class java.lang.String].
For more information on native dependency injection please refer to http://testng.org/doc/documentation-main.html#native-dependency-injection">
      <![CDATA[org.testng.TestNGException: 
Cannot inject @Test annotated Method [downloadReport] with [class java.lang.String].
For more information on native dependency injection please refer to http://testng.org/doc/documentation-main.html#native-dependency-injection
... Removed 28 stack frames]]>
    </failure>
  </testcase> <!-- downloadReport -->
  <testcase name="Null_Address_line_1" time="1.296" classname="plaid.PlaidTests"/>
  <testcase name="Null_First_Name" time="1.175" classname="plaid.PlaidTests"/>
  <testcase name="Null_Last_Name" time="1.184" classname="plaid.PlaidTests"/>
  <testcase name="Null_SSN" time="1.218" classname="plaid.PlaidTests"/>
  <testcase name="Null_Zip_Code" time="1.304" classname="plaid.PlaidTests"/>
  <testcase name="Null_account_id" time="1.177" classname="plaid.PlaidTests"/>
  <testcase name="Null_cust_id_and_ac_id" time="1.203" classname="plaid.PlaidTests"/>
  <testcase name="Null_customer_id" time="1.177" classname="plaid.PlaidTests"/>
  <testcase name="Null_email_address" time="1.295" classname="plaid.PlaidTests"/>
  <testcase name="Null_first_name_last_name_ssn" time="1.174" classname="plaid.PlaidTests"/>
  <testcase name="Null_verification_type" time="1.136" classname="plaid.PlaidTests"/>
  <testcase name="Invalid_Zip_Code" time="1.179" classname="plaid.PlaidTests"/>
  <testcase name="Invalid_account_id" time="1.275" classname="plaid.PlaidTests"/>
  <testcase name="Invalid_cust_id_ac_id" time="1.252" classname="plaid.PlaidTests"/>
  <testcase name="Invalid_customer_id" time="1.26" classname="plaid.PlaidTests"/>
  <testcase name="Invalid_email_address1" time="1.189" classname="plaid.PlaidTests"/>
  <testcase name="Invalid_email_address2" time="1.138" classname="plaid.PlaidTests"/>
  <testcase name="Invalid_email_address3" time="1.145" classname="plaid.PlaidTests"/>
  <testcase name="Invalid_email_address4" time="1.247" classname="plaid.PlaidTests"/>
  <testcase name="Invalid_email_address5" time="1.178" classname="plaid.PlaidTests"/>
  <testcase name="Invalid_verification_type" time="1.263" classname="plaid.PlaidTests"/>
  <testcase name="SSN_greater_than_9_digits" time="1.216" classname="plaid.PlaidTests"/>
  <testcase name="SSN_less_than_9_digits" time="1.198" classname="plaid.PlaidTests"/>
  <testcase name="zip_code_less_than_5_digits_ssn_less_than_9_null_first_and_last_name_invalid_email" time="1.24" classname="plaid.PlaidTests"/>
</testsuite> <!-- Plaid -->
