<html>
<head>
<title>TestNG:  Plaid</title>
<link href="../testng.css" rel="stylesheet" type="text/css" />
<link href="../my-testng.css" rel="stylesheet" type="text/css" />

<style type="text/css">
.log { display: none;} 
.stack-trace { display: none;} 
</style>
<script type="text/javascript">
<!--
function flip(e) {
  current = e.style.display;
  if (current == 'block') {
    e.style.display = 'none';
    return 0;
  }
  else {
    e.style.display = 'block';
    return 1;
  }
}

function toggleBox(szDivId, elem, msg1, msg2)
{
  var res = -1;  if (document.getElementById) {
    res = flip(document.getElementById(szDivId));
  }
  else if (document.all) {
    // this is the way old msie versions work
    res = flip(document.all[szDivId]);
  }
  if(elem) {
    if(res == 0) elem.innerHTML = msg1; else elem.innerHTML = msg2;
  }

}

function toggleAllBoxes() {
  if (document.getElementsByTagName) {
    d = document.getElementsByTagName('div');
    for (i = 0; i < d.length; i++) {
      if (d[i].className == 'log') {
        flip(d[i]);
      }
    }
  }
}

// -->
</script>

</head>
<body>
<h2 align='center'>Plaid</h2><table border='1' align="center">
<tr>
<td>Tests passed/Failed/Skipped:</td><td>26/1/0</td>
</tr><tr>
<td>Started on:</td><td>Thu Aug 01 12:52:50 IST 2019</td>
</tr>
<tr><td>Total time:</td><td>138 seconds (138440 ms)</td>
</tr><tr>
<td>Included groups:</td><td></td>
</tr><tr>
<td>Excluded groups:</td><td></td>
</tr>
</table><p/>
<small><i>(Hover the method name to see the test class name)</i></small><p/>
<table width='100%' border='1' class='invocation-failed'>
<tr><td colspan='4' align='center'><b>FAILED TESTS</b></td></tr>
<tr><td><b>Test method</b></td>
<td width="30%"><b>Exception</b></td>
<td width="10%"><b>Time (seconds)</b></td>
<td><b>Instance</b></td>
</tr>
<tr>
<td title='plaid.PlaidTests.downloadReport()'><b>downloadReport</b><br>Test class: plaid.PlaidTests</td>
<td><div><pre>org.testng.TestNGException: 
Cannot inject @Test annotated Method [downloadReport] with [class java.lang.String].
For more information on native dependency injection please refer to http://testng.org/doc/documentation-main.html#native-dependency-injection
... Removed 28 stack frames</pre></div><a href='#' onClick='toggleBox("stack-trace882152544", this, "Click to show all stack frames", "Click to hide stack frames")'>Click to show all stack frames</a>
<div class='stack-trace' id='stack-trace882152544'><pre>org.testng.TestNGException: 
Cannot inject @Test annotated Method [downloadReport] with [class java.lang.String].
For more information on native dependency injection please refer to http://testng.org/doc/documentation-main.html#native-dependency-injection
	at org.testng.internal.Parameters.checkParameterTypes(Parameters.java:407)
	at org.testng.internal.Parameters.createParametersForMethod(Parameters.java:356)
	at org.testng.internal.Parameters.createParameters(Parameters.java:635)
	at org.testng.internal.Parameters.handleParameters(Parameters.java:769)
	at org.testng.internal.ParameterHandler.handleParameters(ParameterHandler.java:49)
	at org.testng.internal.ParameterHandler.createParameters(ParameterHandler.java:37)
	at org.testng.internal.Invoker.invokeTestMethods(Invoker.java:923)
	at org.testng.internal.TestMethodWorker.invokeTestMethods(TestMethodWorker.java:125)
	at org.testng.internal.TestMethodWorker.run(TestMethodWorker.java:109)
	at org.testng.TestRunner.privateRun(TestRunner.java:648)
	at org.testng.TestRunner.run(TestRunner.java:505)
	at org.testng.SuiteRunner.runTest(SuiteRunner.java:455)
	at org.testng.SuiteRunner.runSequentially(SuiteRunner.java:450)
	at org.testng.SuiteRunner.privateRun(SuiteRunner.java:415)
	at org.testng.SuiteRunner.run(SuiteRunner.java:364)
	at org.testng.SuiteRunnerWorker.runSuite(SuiteRunnerWorker.java:52)
	at org.testng.SuiteRunnerWorker.run(SuiteRunnerWorker.java:84)
	at org.testng.TestNG.runSuitesSequentially(TestNG.java:1208)
	at org.testng.TestNG.runSuitesLocally(TestNG.java:1137)
	at org.testng.TestNG.runSuites(TestNG.java:1049)
	at org.testng.TestNG.run(TestNG.java:1017)
	at org.apache.maven.surefire.testng.TestNGExecutor.run(TestNGExecutor.java:283)
	at org.apache.maven.surefire.testng.TestNGXmlTestSuite.execute(TestNGXmlTestSuite.java:75)
	at org.apache.maven.surefire.testng.TestNGProvider.invoke(TestNGProvider.java:120)
	at org.apache.maven.surefire.booter.ForkedBooter.invokeProviderInSameClassLoader(ForkedBooter.java:384)
	at org.apache.maven.surefire.booter.ForkedBooter.runSuitesInProcess(ForkedBooter.java:345)
	at org.apache.maven.surefire.booter.ForkedBooter.execute(ForkedBooter.java:126)
	at org.apache.maven.surefire.booter.ForkedBooter.main(ForkedBooter.java:418)
</pre></div></td>
<td>0</td>
<td>plaid.PlaidTests@7fd4acee</td></tr>
</table><p>
<table width='100%' border='1' class='invocation-passed'>
<tr><td colspan='4' align='center'><b>PASSED TESTS</b></td></tr>
<tr><td><b>Test method</b></td>
<td width="30%"><b>Exception</b></td>
<td width="10%"><b>Time (seconds)</b></td>
<td><b>Instance</b></td>
</tr>
<tr>
<td title='plaid.PlaidTests.Invalid_Zip_Code()'><b>Invalid_Zip_Code</b><br>Test class: plaid.PlaidTests<br>Test method: Invalid Zip Code</td>
<td></td>
<td>1</td>
<td>plaid.PlaidTests@7fd4acee</td></tr>
<tr>
<td title='plaid.PlaidTests.Invalid_account_id()'><b>Invalid_account_id</b><br>Test class: plaid.PlaidTests<br>Test method: Invalid Account Id</td>
<td></td>
<td>1</td>
<td>plaid.PlaidTests@7fd4acee</td></tr>
<tr>
<td title='plaid.PlaidTests.Invalid_cust_id_ac_id()'><b>Invalid_cust_id_ac_id</b><br>Test class: plaid.PlaidTests<br>Test method: Invalid Customer Id and Account Id</td>
<td></td>
<td>1</td>
<td>plaid.PlaidTests@7fd4acee</td></tr>
<tr>
<td title='plaid.PlaidTests.Invalid_customer_id()'><b>Invalid_customer_id</b><br>Test class: plaid.PlaidTests<br>Test method: Invalid Customer Id</td>
<td></td>
<td>1</td>
<td>plaid.PlaidTests@7fd4acee</td></tr>
<tr>
<td title='plaid.PlaidTests.Invalid_email_address1()'><b>Invalid_email_address1</b><br>Test class: plaid.PlaidTests<br>Test method: Invalid email address1</td>
<td></td>
<td>1</td>
<td>plaid.PlaidTests@7fd4acee</td></tr>
<tr>
<td title='plaid.PlaidTests.Invalid_email_address2()'><b>Invalid_email_address2</b><br>Test class: plaid.PlaidTests<br>Test method: Invalid email address2</td>
<td></td>
<td>1</td>
<td>plaid.PlaidTests@7fd4acee</td></tr>
<tr>
<td title='plaid.PlaidTests.Invalid_email_address3()'><b>Invalid_email_address3</b><br>Test class: plaid.PlaidTests<br>Test method: Invalid email address3</td>
<td></td>
<td>1</td>
<td>plaid.PlaidTests@7fd4acee</td></tr>
<tr>
<td title='plaid.PlaidTests.Invalid_email_address4()'><b>Invalid_email_address4</b><br>Test class: plaid.PlaidTests<br>Test method: Invalid email address4</td>
<td></td>
<td>1</td>
<td>plaid.PlaidTests@7fd4acee</td></tr>
<tr>
<td title='plaid.PlaidTests.Invalid_email_address5()'><b>Invalid_email_address5</b><br>Test class: plaid.PlaidTests<br>Test method: Invalid email address5</td>
<td></td>
<td>1</td>
<td>plaid.PlaidTests@7fd4acee</td></tr>
<tr>
<td title='plaid.PlaidTests.Invalid_verification_type()'><b>Invalid_verification_type</b><br>Test class: plaid.PlaidTests<br>Test method: Invalid verification_type</td>
<td></td>
<td>1</td>
<td>plaid.PlaidTests@7fd4acee</td></tr>
<tr>
<td title='plaid.PlaidTests.Null_Address_line_1()'><b>Null_Address_line_1</b><br>Test class: plaid.PlaidTests<br>Test method: Null Zip Code</td>
<td></td>
<td>1</td>
<td>plaid.PlaidTests@7fd4acee</td></tr>
<tr>
<td title='plaid.PlaidTests.Null_First_Name()'><b>Null_First_Name</b><br>Test class: plaid.PlaidTests<br>Test method: Null First Name</td>
<td></td>
<td>1</td>
<td>plaid.PlaidTests@7fd4acee</td></tr>
<tr>
<td title='plaid.PlaidTests.Null_Last_Name()'><b>Null_Last_Name</b><br>Test class: plaid.PlaidTests<br>Test method: Null Last Name</td>
<td></td>
<td>1</td>
<td>plaid.PlaidTests@7fd4acee</td></tr>
<tr>
<td title='plaid.PlaidTests.Null_SSN()'><b>Null_SSN</b><br>Test class: plaid.PlaidTests<br>Test method: Null SSN</td>
<td></td>
<td>1</td>
<td>plaid.PlaidTests@7fd4acee</td></tr>
<tr>
<td title='plaid.PlaidTests.Null_Zip_Code()'><b>Null_Zip_Code</b><br>Test class: plaid.PlaidTests<br>Test method: Null Zip Code</td>
<td></td>
<td>1</td>
<td>plaid.PlaidTests@7fd4acee</td></tr>
<tr>
<td title='plaid.PlaidTests.Null_account_id()'><b>Null_account_id</b><br>Test class: plaid.PlaidTests<br>Test method: Null Account Id</td>
<td></td>
<td>1</td>
<td>plaid.PlaidTests@7fd4acee</td></tr>
<tr>
<td title='plaid.PlaidTests.Null_cust_id_and_ac_id()'><b>Null_cust_id_and_ac_id</b><br>Test class: plaid.PlaidTests<br>Test method: Null Customer Id and Account Id</td>
<td></td>
<td>1</td>
<td>plaid.PlaidTests@7fd4acee</td></tr>
<tr>
<td title='plaid.PlaidTests.Null_customer_id()'><b>Null_customer_id</b><br>Test class: plaid.PlaidTests<br>Test method: Null Customer Id</td>
<td></td>
<td>1</td>
<td>plaid.PlaidTests@7fd4acee</td></tr>
<tr>
<td title='plaid.PlaidTests.Null_email_address()'><b>Null_email_address</b><br>Test class: plaid.PlaidTests<br>Test method: Null email address</td>
<td></td>
<td>1</td>
<td>plaid.PlaidTests@7fd4acee</td></tr>
<tr>
<td title='plaid.PlaidTests.Null_first_name_last_name_ssn()'><b>Null_first_name_last_name_ssn</b><br>Test class: plaid.PlaidTests<br>Test method: Null first name, last name, ssn</td>
<td></td>
<td>1</td>
<td>plaid.PlaidTests@7fd4acee</td></tr>
<tr>
<td title='plaid.PlaidTests.Null_verification_type()'><b>Null_verification_type</b><br>Test class: plaid.PlaidTests<br>Test method: Null Verification Type</td>
<td></td>
<td>1</td>
<td>plaid.PlaidTests@7fd4acee</td></tr>
<tr>
<td title='plaid.PlaidTests.SSN_greater_than_9_digits()'><b>SSN_greater_than_9_digits</b><br>Test class: plaid.PlaidTests<br>Test method: SSN greater than 9 digits</td>
<td></td>
<td>1</td>
<td>plaid.PlaidTests@7fd4acee</td></tr>
<tr>
<td title='plaid.PlaidTests.SSN_less_than_9_digits()'><b>SSN_less_than_9_digits</b><br>Test class: plaid.PlaidTests<br>Test method: SSN less than 9 digits</td>
<td></td>
<td>1</td>
<td>plaid.PlaidTests@7fd4acee</td></tr>
<tr>
<td title='plaid.PlaidTests.Valild_Plaid_Flow_with_all_parameters()'><b>Valild_Plaid_Flow_with_all_parameters</b><br>Test class: plaid.PlaidTests<br>Test method: Valild Plaid Flow with all parameters and submitting accounts from single bank</td>
<td></td>
<td>46</td>
<td>plaid.PlaidTests@7fd4acee</td></tr>
<tr>
<td title='plaid.PlaidTests.Valild_Plaid_Flow_with_only_mandatory_parameters()'><b>Valild_Plaid_Flow_with_only_mandatory_parameters</b><br>Test class: plaid.PlaidTests<br>Test method: Valild Plaid Flow with only mandatory parameters and submitting accounts from multiple banks</td>
<td></td>
<td>62</td>
<td>plaid.PlaidTests@7fd4acee</td></tr>
<tr>
<td title='plaid.PlaidTests.zip_code_less_than_5_digits_ssn_less_than_9_null_first_and_last_name_invalid_email()'><b>zip_code_less_than_5_digits_ssn_less_than_9_null_first_and_last_name_invalid_email</b><br>Test class: plaid.PlaidTests<br>Test method: Invalid Zip Code, SSN, Email, Null first and last name</td>
<td></td>
<td>1</td>
<td>plaid.PlaidTests@7fd4acee</td></tr>
</table><p>
</body>
</html>