<html>
<head>
<title>TestNG:  Test</title>
<link href="../testng.css" rel="stylesheet" type="text/css" />
<link href="../my-testng.css" rel="stylesheet" type="text/css" />

<style type="text/css">
.log { display: none;} 
.stack-trace { display: none;} 
</style>
<script type="text/javascript">
<!--
function flip(e) {
  current = e.style.display;
  if (current == 'block') {
    e.style.display = 'none';
    return 0;
  }
  else {
    e.style.display = 'block';
    return 1;
  }
}

function toggleBox(szDivId, elem, msg1, msg2)
{
  var res = -1;  if (document.getElementById) {
    res = flip(document.getElementById(szDivId));
  }
  else if (document.all) {
    // this is the way old msie versions work
    res = flip(document.all[szDivId]);
  }
  if(elem) {
    if(res == 0) elem.innerHTML = msg1; else elem.innerHTML = msg2;
  }

}

function toggleAllBoxes() {
  if (document.getElementsByTagName) {
    d = document.getElementsByTagName('div');
    for (i = 0; i < d.length; i++) {
      if (d[i].className == 'log') {
        flip(d[i]);
      }
    }
  }
}

// -->
</script>

</head>
<body>
<h2 align='center'>Test</h2><table border='1' align="center">
<tr>
<td>Tests passed/Failed/Skipped:</td><td>48/3/0</td>
</tr><tr>
<td>Started on:</td><td>Wed Jun 12 15:22:25 IST 2019</td>
</tr>
<tr><td>Total time:</td><td>172 seconds (172192 ms)</td>
</tr><tr>
<td>Included groups:</td><td></td>
</tr><tr>
<td>Excluded groups:</td><td></td>
</tr>
</table><p/>
<small><i>(Hover the method name to see the test class name)</i></small><p/>
<table width='100%' border='1' class='invocation-failed'>
<tr><td colspan='4' align='center'><b>FAILED TESTS</b></td></tr>
<tr><td><b>Test method</b></td>
<td width="30%"><b>Exception</b></td>
<td width="10%"><b>Time (seconds)</b></td>
<td><b>Instance</b></td>
</tr>
<tr>
<td title='accCheck.AccountCheckTests.accCheck_Null_Zip_Code()'><b>accCheck_Null_Zip_Code</b><br>Test class: accCheck.AccountCheckTests<br>Test method: Null Zip Code and Sharing only one of the two accounts of single bank</td>
<td><div><pre>org.openqa.selenium.StaleElementReferenceException: stale element reference: element is not attached to the page document
  (Session info: chrome=74.0.3729.169)
  (Driver info: chromedriver=2.46.628402 (536cd7adbad73a3783fdc2cab92ab2ba7ec361e1),platform=Windows NT 6.1.7601 SP1 x86_64) (WARNING: The server did not provide any stacktrace information)
Command duration or timeout: 0 milliseconds
For documentation on this error, please visit: http://seleniumhq.org/exceptions/stale_element_reference.html
Build info: version: &apos;3.14.0&apos;, revision: &apos;aacccce0&apos;, time: &apos;2018-08-02T20:19:58.91Z&apos;
System info: host: &apos;KRISHNAA-DESK&apos;, ip: &apos;172.19.19.46&apos;, os.name: &apos;Windows 7&apos;, os.arch: &apos;amd64&apos;, os.version: &apos;6.1&apos;, java.version: &apos;1.8.0_201&apos;
Driver info: org.openqa.selenium.chrome.ChromeDriver
Capabilities {acceptInsecureCerts: false, acceptSslCerts: false, applicationCacheEnabled: false, browserConnectionEnabled: false, browserName: chrome, chrome: {chromedriverVersion: 2.46.628402 (536cd7adbad73a..., userDataDir: C:\Users\KrishnaA\AppData\L...}, cssSelectorsEnabled: true, databaseEnabled: false, goog:chromeOptions: {debuggerAddress: localhost:58655}, handlesAlerts: true, hasTouchScreen: false, javascriptEnabled: true, locationContextEnabled: true, mobileEmulationEnabled: false, nativeEvents: true, networkConnectionEnabled: false, pageLoadStrategy: normal, platform: XP, platformName: XP, proxy: Proxy(), rotatable: false, setWindowRect: true, strictFileInteractability: false, takesHeapSnapshot: true, takesScreenshot: true, timeouts: {implicit: 0, pageLoad: 300000, script: 30000}, unexpectedAlertBehaviour: ignore, unhandledPromptBehavior: ignore, version: 74.0.3729.169, webStorageEnabled: true}
Session ID: 421ef95778147661b598e04db2b7a178
	at sun.reflect.NativeConstructorAccessorImpl.newInstance0(Native Method)
	at sun.reflect.NativeConstructorAccessorImpl.newInstance(NativeConstructorAccessorImpl.java:62)
	at sun.reflect.DelegatingConstructorAccessorImpl.newInstance(DelegatingConstructorAccessorImpl.java:45)
	at java.lang.reflect.Constructor.newInstance(Constructor.java:423)
	at org.openqa.selenium.remote.ErrorHandler.createThrowable(ErrorHandler.java:214)
	at org.openqa.selenium.remote.ErrorHandler.throwIfResponseFailed(ErrorHandler.java:166)
	at org.openqa.selenium.remote.http.JsonHttpResponseCodec.reconstructValue(JsonHttpResponseCodec.java:40)
	at org.openqa.selenium.remote.http.AbstractHttpResponseCodec.decode(AbstractHttpResponseCodec.java:80)
	at org.openqa.selenium.remote.http.AbstractHttpResponseCodec.decode(AbstractHttpResponseCodec.java:44)
	at org.openqa.selenium.remote.HttpCommandExecutor.execute(HttpCommandExecutor.java:158)
	at org.openqa.selenium.remote.service.DriverCommandExecutor.execute(DriverCommandExecutor.java:83)
	at org.openqa.selenium.remote.RemoteWebDriver.execute(RemoteWebDriver.java:548)
	at org.openqa.selenium.remote.RemoteWebDriver$RemoteTargetLocator.frame(RemoteWebDriver.java:888)
	at roostify.accCheck.AccCheckPortalPage.loginToDagBank(AccCheckPortalPage.java:159)
	at accCheck.AccountCheckTests.accCheck_Null_Zip_Code(AccountCheckTests.java:130)
	at sun.reflect.NativeMethodAccessorImpl.invoke0(Native Method)
	at sun.reflect.NativeMethodAccessorImpl.invoke(NativeMethodAccessorImpl.java:62)
	at sun.reflect.DelegatingMethodAccessorImpl.invoke(DelegatingMethodAccessorImpl.java:43)
	at java.lang.reflect.Method.invoke(Method.java:498)
	at org.testng.internal.MethodInvocationHelper.invokeMethod(MethodInvocationHelper.java:124)
	at org.testng.internal.Invoker.invokeMethod(Invoker.java:580)
	at org.testng.internal.Invoker.invokeTestMethod(Invoker.java:716)
	at org.testng.internal.Invoker.invokeTestMethods(Invoker.java:988)
	at org.testng.internal.TestMethodWorker.invokeTestMethods(TestMethodWorker.java:125)
	at org.testng.internal.TestMethodWorker.run(TestMethodWorker.java:109)
	at org.testng.TestRunner.privateRun(TestRunner.java:648)
	at org.testng.TestRunner.run(TestRunner.java:505)
	at org.testng.SuiteRunner.runTest(SuiteRunner.java:455)
	at org.testng.SuiteRunner.runSequentially(SuiteRunner.java:450)
	at org.testng.SuiteRunner.privateRun(SuiteRunner.java:415)
	at org.testng.SuiteRunner.run(SuiteRunner.java:364)
	at org.testng.SuiteRunnerWorker.runSuite(SuiteRunnerWorker.java:52)
	at org.testng.SuiteRunnerWorker.run(SuiteRunnerWorker.java:84)
	at org.testng.TestNG.runSuitesSequentially(TestNG.java:1208)
	at org.testng.TestNG.runSuitesLocally(TestNG.java:1137)
	at org.testng.TestNG.runSuites(TestNG.java:1049)
	at org.testng.TestNG.run(TestNG.java:1017)
	at org.apache.maven.surefire.testng.TestNGExecutor.run(TestNGExecutor.java:283)
	at org.apache.maven.surefire.testng.TestNGXmlTestSuite.execute(TestNGXmlTestSuite.java:75)
	at org.apache.maven.surefire.testng.TestNGProvider.invoke(TestNGProvider.java:120)
	at org.apache.maven.surefire.booter.ForkedBooter.invokeProviderInSameClassLoader(ForkedBooter.java:384)
	at org.apache.maven.surefire.booter.ForkedBooter.runSuitesInProcess(ForkedBooter.java:345)
	at org.apache.maven.surefire.booter.ForkedBooter.execute(ForkedBooter.java:126)
	at org.apache.maven.surefire.booter.ForkedBooter.main(ForkedBooter.java:418)
</pre></div><a href='#' onClick='toggleBox("stack-trace2107105388", this, "Click to show all stack frames", "Click to hide stack frames")'>Click to show all stack frames</a>
<div class='stack-trace' id='stack-trace2107105388'><pre>org.openqa.selenium.StaleElementReferenceException: stale element reference: element is not attached to the page document
  (Session info: chrome=74.0.3729.169)
  (Driver info: chromedriver=2.46.628402 (536cd7adbad73a3783fdc2cab92ab2ba7ec361e1),platform=Windows NT 6.1.7601 SP1 x86_64) (WARNING: The server did not provide any stacktrace information)
Command duration or timeout: 0 milliseconds
For documentation on this error, please visit: http://seleniumhq.org/exceptions/stale_element_reference.html
Build info: version: &apos;3.14.0&apos;, revision: &apos;aacccce0&apos;, time: &apos;2018-08-02T20:19:58.91Z&apos;
System info: host: &apos;KRISHNAA-DESK&apos;, ip: &apos;172.19.19.46&apos;, os.name: &apos;Windows 7&apos;, os.arch: &apos;amd64&apos;, os.version: &apos;6.1&apos;, java.version: &apos;1.8.0_201&apos;
Driver info: org.openqa.selenium.chrome.ChromeDriver
Capabilities {acceptInsecureCerts: false, acceptSslCerts: false, applicationCacheEnabled: false, browserConnectionEnabled: false, browserName: chrome, chrome: {chromedriverVersion: 2.46.628402 (536cd7adbad73a..., userDataDir: C:\Users\KrishnaA\AppData\L...}, cssSelectorsEnabled: true, databaseEnabled: false, goog:chromeOptions: {debuggerAddress: localhost:58655}, handlesAlerts: true, hasTouchScreen: false, javascriptEnabled: true, locationContextEnabled: true, mobileEmulationEnabled: false, nativeEvents: true, networkConnectionEnabled: false, pageLoadStrategy: normal, platform: XP, platformName: XP, proxy: Proxy(), rotatable: false, setWindowRect: true, strictFileInteractability: false, takesHeapSnapshot: true, takesScreenshot: true, timeouts: {implicit: 0, pageLoad: 300000, script: 30000}, unexpectedAlertBehaviour: ignore, unhandledPromptBehavior: ignore, version: 74.0.3729.169, webStorageEnabled: true}
Session ID: 421ef95778147661b598e04db2b7a178
	at sun.reflect.NativeConstructorAccessorImpl.newInstance0(Native Method)
	at sun.reflect.NativeConstructorAccessorImpl.newInstance(NativeConstructorAccessorImpl.java:62)
	at sun.reflect.DelegatingConstructorAccessorImpl.newInstance(DelegatingConstructorAccessorImpl.java:45)
	at java.lang.reflect.Constructor.newInstance(Constructor.java:423)
	at org.openqa.selenium.remote.ErrorHandler.createThrowable(ErrorHandler.java:214)
	at org.openqa.selenium.remote.ErrorHandler.throwIfResponseFailed(ErrorHandler.java:166)
	at org.openqa.selenium.remote.http.JsonHttpResponseCodec.reconstructValue(JsonHttpResponseCodec.java:40)
	at org.openqa.selenium.remote.http.AbstractHttpResponseCodec.decode(AbstractHttpResponseCodec.java:80)
	at org.openqa.selenium.remote.http.AbstractHttpResponseCodec.decode(AbstractHttpResponseCodec.java:44)
	at org.openqa.selenium.remote.HttpCommandExecutor.execute(HttpCommandExecutor.java:158)
	at org.openqa.selenium.remote.service.DriverCommandExecutor.execute(DriverCommandExecutor.java:83)
	at org.openqa.selenium.remote.RemoteWebDriver.execute(RemoteWebDriver.java:548)
	at org.openqa.selenium.remote.RemoteWebDriver$RemoteTargetLocator.frame(RemoteWebDriver.java:888)
	at roostify.accCheck.AccCheckPortalPage.loginToDagBank(AccCheckPortalPage.java:159)
	at accCheck.AccountCheckTests.accCheck_Null_Zip_Code(AccountCheckTests.java:130)
	at sun.reflect.NativeMethodAccessorImpl.invoke0(Native Method)
	at sun.reflect.NativeMethodAccessorImpl.invoke(NativeMethodAccessorImpl.java:62)
	at sun.reflect.DelegatingMethodAccessorImpl.invoke(DelegatingMethodAccessorImpl.java:43)
	at java.lang.reflect.Method.invoke(Method.java:498)
	at org.testng.internal.MethodInvocationHelper.invokeMethod(MethodInvocationHelper.java:124)
	at org.testng.internal.Invoker.invokeMethod(Invoker.java:580)
	at org.testng.internal.Invoker.invokeTestMethod(Invoker.java:716)
	at org.testng.internal.Invoker.invokeTestMethods(Invoker.java:988)
	at org.testng.internal.TestMethodWorker.invokeTestMethods(TestMethodWorker.java:125)
	at org.testng.internal.TestMethodWorker.run(TestMethodWorker.java:109)
	at org.testng.TestRunner.privateRun(TestRunner.java:648)
	at org.testng.TestRunner.run(TestRunner.java:505)
	at org.testng.SuiteRunner.runTest(SuiteRunner.java:455)
	at org.testng.SuiteRunner.runSequentially(SuiteRunner.java:450)
	at org.testng.SuiteRunner.privateRun(SuiteRunner.java:415)
	at org.testng.SuiteRunner.run(SuiteRunner.java:364)
	at org.testng.SuiteRunnerWorker.runSuite(SuiteRunnerWorker.java:52)
	at org.testng.SuiteRunnerWorker.run(SuiteRunnerWorker.java:84)
	at org.testng.TestNG.runSuitesSequentially(TestNG.java:1208)
	at org.testng.TestNG.runSuitesLocally(TestNG.java:1137)
	at org.testng.TestNG.runSuites(TestNG.java:1049)
	at org.testng.TestNG.run(TestNG.java:1017)
	at org.apache.maven.surefire.testng.TestNGExecutor.run(TestNGExecutor.java:283)
	at org.apache.maven.surefire.testng.TestNGXmlTestSuite.execute(TestNGXmlTestSuite.java:75)
	at org.apache.maven.surefire.testng.TestNGProvider.invoke(TestNGProvider.java:120)
	at org.apache.maven.surefire.booter.ForkedBooter.invokeProviderInSameClassLoader(ForkedBooter.java:384)
	at org.apache.maven.surefire.booter.ForkedBooter.runSuitesInProcess(ForkedBooter.java:345)
	at org.apache.maven.surefire.booter.ForkedBooter.execute(ForkedBooter.java:126)
	at org.apache.maven.surefire.booter.ForkedBooter.main(ForkedBooter.java:418)
</pre></div></td>
<td>15</td>
<td>accCheck.AccountCheckTests@527e5409</td></tr>
<tr>
<td title='accCheck.AccountCheckTests.accCheck_Valild_AccountChek_Flow_with_all_parameters()'><b>accCheck_Valild_AccountChek_Flow_with_all_parameters</b><br>Test class: accCheck.AccountCheckTests<br>Test method: Valid scenario with all parameters and sharing Accounts of single bank</td>
<td><div><pre>org.openqa.selenium.NoSuchElementException: no such element: Unable to locate element: {&quot;method&quot;:&quot;xpath&quot;,&quot;selector&quot;:&quot;//*[@id=&apos;LOGIN&apos;]&quot;}
  (Session info: chrome=74.0.3729.169)
  (Driver info: chromedriver=2.46.628402 (536cd7adbad73a3783fdc2cab92ab2ba7ec361e1),platform=Windows NT 6.1.7601 SP1 x86_64) (WARNING: The server did not provide any stacktrace information)
Command duration or timeout: 0 milliseconds
For documentation on this error, please visit: http://seleniumhq.org/exceptions/no_such_element.html
Build info: version: &apos;3.14.0&apos;, revision: &apos;aacccce0&apos;, time: &apos;2018-08-02T20:19:58.91Z&apos;
System info: host: &apos;KRISHNAA-DESK&apos;, ip: &apos;172.19.19.46&apos;, os.name: &apos;Windows 7&apos;, os.arch: &apos;amd64&apos;, os.version: &apos;6.1&apos;, java.version: &apos;1.8.0_201&apos;
Driver info: org.openqa.selenium.chrome.ChromeDriver
Capabilities {acceptInsecureCerts: false, acceptSslCerts: false, applicationCacheEnabled: false, browserConnectionEnabled: false, browserName: chrome, chrome: {chromedriverVersion: 2.46.628402 (536cd7adbad73a..., userDataDir: C:\Users\KrishnaA\AppData\L...}, cssSelectorsEnabled: true, databaseEnabled: false, goog:chromeOptions: {debuggerAddress: localhost:58528}, handlesAlerts: true, hasTouchScreen: false, javascriptEnabled: true, locationContextEnabled: true, mobileEmulationEnabled: false, nativeEvents: true, networkConnectionEnabled: false, pageLoadStrategy: normal, platform: XP, platformName: XP, proxy: Proxy(), rotatable: false, setWindowRect: true, strictFileInteractability: false, takesHeapSnapshot: true, takesScreenshot: true, timeouts: {implicit: 0, pageLoad: 300000, script: 30000}, unexpectedAlertBehaviour: ignore, unhandledPromptBehavior: ignore, version: 74.0.3729.169, webStorageEnabled: true}
Session ID: 90e59fcc4df8ea467235c18ef3c04c68
*** Element info: {Using=xpath, value=//*[@id=&apos;LOGIN&apos;]}
	at sun.reflect.NativeConstructorAccessorImpl.newInstance0(Native Method)
	at sun.reflect.NativeConstructorAccessorImpl.newInstance(NativeConstructorAccessorImpl.java:62)
	at sun.reflect.DelegatingConstructorAccessorImpl.newInstance(DelegatingConstructorAccessorImpl.java:45)
	at java.lang.reflect.Constructor.newInstance(Constructor.java:423)
	at org.openqa.selenium.remote.ErrorHandler.createThrowable(ErrorHandler.java:214)
	at org.openqa.selenium.remote.ErrorHandler.throwIfResponseFailed(ErrorHandler.java:166)
	at org.openqa.selenium.remote.http.JsonHttpResponseCodec.reconstructValue(JsonHttpResponseCodec.java:40)
	at org.openqa.selenium.remote.http.AbstractHttpResponseCodec.decode(AbstractHttpResponseCodec.java:80)
	at org.openqa.selenium.remote.http.AbstractHttpResponseCodec.decode(AbstractHttpResponseCodec.java:44)
	at org.openqa.selenium.remote.HttpCommandExecutor.execute(HttpCommandExecutor.java:158)
	at org.openqa.selenium.remote.service.DriverCommandExecutor.execute(DriverCommandExecutor.java:83)
	at org.openqa.selenium.remote.RemoteWebDriver.execute(RemoteWebDriver.java:548)
	at org.openqa.selenium.remote.RemoteWebDriver.findElement(RemoteWebDriver.java:322)
	at org.openqa.selenium.remote.RemoteWebDriver.findElementByXPath(RemoteWebDriver.java:424)
	at org.openqa.selenium.By$ByXPath.findElement(By.java:353)
	at org.openqa.selenium.remote.RemoteWebDriver.findElement(RemoteWebDriver.java:314)
	at org.openqa.selenium.support.pagefactory.DefaultElementLocator.findElement(DefaultElementLocator.java:69)
	at org.openqa.selenium.support.pagefactory.internal.LocatingElementHandler.invoke(LocatingElementHandler.java:38)
	at com.sun.proxy.$Proxy19.isDisplayed(Unknown Source)
	at roostify.accCheck.AccCheckPortalPage.sendUsername(AccCheckPortalPage.java:97)
	at roostify.accCheck.AccCheckPortalPage.loginToDagBank(AccCheckPortalPage.java:160)
	at accCheck.AccountCheckTests.accCheck_Valild_AccountChek_Flow_with_all_parameters(AccountCheckTests.java:76)
	at sun.reflect.NativeMethodAccessorImpl.invoke0(Native Method)
	at sun.reflect.NativeMethodAccessorImpl.invoke(NativeMethodAccessorImpl.java:62)
	at sun.reflect.DelegatingMethodAccessorImpl.invoke(DelegatingMethodAccessorImpl.java:43)
	at java.lang.reflect.Method.invoke(Method.java:498)
	at org.testng.internal.MethodInvocationHelper.invokeMethod(MethodInvocationHelper.java:124)
	at org.testng.internal.Invoker.invokeMethod(Invoker.java:580)
	at org.testng.internal.Invoker.invokeTestMethod(Invoker.java:716)
	at org.testng.internal.Invoker.invokeTestMethods(Invoker.java:988)
	at org.testng.internal.TestMethodWorker.invokeTestMethods(TestMethodWorker.java:125)
	at org.testng.internal.TestMethodWorker.run(TestMethodWorker.java:109)
	at org.testng.TestRunner.privateRun(TestRunner.java:648)
	at org.testng.TestRunner.run(TestRunner.java:505)
	at org.testng.SuiteRunner.runTest(SuiteRunner.java:455)
	at org.testng.SuiteRunner.runSequentially(SuiteRunner.java:450)
	at org.testng.SuiteRunner.privateRun(SuiteRunner.java:415)
	at org.testng.SuiteRunner.run(SuiteRunner.java:364)
	at org.testng.SuiteRunnerWorker.runSuite(SuiteRunnerWorker.java:52)
	at org.testng.SuiteRunnerWorker.run(SuiteRunnerWorker.java:84)
	at org.testng.TestNG.runSuitesSequentially(TestNG.java:1208)
	at org.testng.TestNG.runSuitesLocally(TestNG.java:1137)
	at org.testng.TestNG.runSuites(TestNG.java:1049)
	at org.testng.TestNG.run(TestNG.java:1017)
	at org.apache.maven.surefire.testng.TestNGExecutor.run(TestNGExecutor.java:283)
	at org.apache.maven.surefire.testng.TestNGXmlTestSuite.execute(TestNGXmlTestSuite.java:75)
	at org.apache.maven.surefire.testng.TestNGProvider.invoke(TestNGProvider.java:120)
	at org.apache.maven.surefire.booter.ForkedBooter.invokeProviderInSameClassLoader(ForkedBooter.java:384)
	at org.apache.maven.surefire.booter.ForkedBooter.runSuitesInProcess(ForkedBooter.java:345)
	at org.apache.maven.surefire.booter.ForkedBooter.execute(ForkedBooter.java:126)
	at org.apache.maven.surefire.booter.ForkedBooter.main(ForkedBooter.java:418)
</pre></div><a href='#' onClick='toggleBox("stack-trace351535152", this, "Click to show all stack frames", "Click to hide stack frames")'>Click to show all stack frames</a>
<div class='stack-trace' id='stack-trace351535152'><pre>org.openqa.selenium.NoSuchElementException: no such element: Unable to locate element: {&quot;method&quot;:&quot;xpath&quot;,&quot;selector&quot;:&quot;//*[@id=&apos;LOGIN&apos;]&quot;}
  (Session info: chrome=74.0.3729.169)
  (Driver info: chromedriver=2.46.628402 (536cd7adbad73a3783fdc2cab92ab2ba7ec361e1),platform=Windows NT 6.1.7601 SP1 x86_64) (WARNING: The server did not provide any stacktrace information)
Command duration or timeout: 0 milliseconds
For documentation on this error, please visit: http://seleniumhq.org/exceptions/no_such_element.html
Build info: version: &apos;3.14.0&apos;, revision: &apos;aacccce0&apos;, time: &apos;2018-08-02T20:19:58.91Z&apos;
System info: host: &apos;KRISHNAA-DESK&apos;, ip: &apos;172.19.19.46&apos;, os.name: &apos;Windows 7&apos;, os.arch: &apos;amd64&apos;, os.version: &apos;6.1&apos;, java.version: &apos;1.8.0_201&apos;
Driver info: org.openqa.selenium.chrome.ChromeDriver
Capabilities {acceptInsecureCerts: false, acceptSslCerts: false, applicationCacheEnabled: false, browserConnectionEnabled: false, browserName: chrome, chrome: {chromedriverVersion: 2.46.628402 (536cd7adbad73a..., userDataDir: C:\Users\KrishnaA\AppData\L...}, cssSelectorsEnabled: true, databaseEnabled: false, goog:chromeOptions: {debuggerAddress: localhost:58528}, handlesAlerts: true, hasTouchScreen: false, javascriptEnabled: true, locationContextEnabled: true, mobileEmulationEnabled: false, nativeEvents: true, networkConnectionEnabled: false, pageLoadStrategy: normal, platform: XP, platformName: XP, proxy: Proxy(), rotatable: false, setWindowRect: true, strictFileInteractability: false, takesHeapSnapshot: true, takesScreenshot: true, timeouts: {implicit: 0, pageLoad: 300000, script: 30000}, unexpectedAlertBehaviour: ignore, unhandledPromptBehavior: ignore, version: 74.0.3729.169, webStorageEnabled: true}
Session ID: 90e59fcc4df8ea467235c18ef3c04c68
*** Element info: {Using=xpath, value=//*[@id=&apos;LOGIN&apos;]}
	at sun.reflect.NativeConstructorAccessorImpl.newInstance0(Native Method)
	at sun.reflect.NativeConstructorAccessorImpl.newInstance(NativeConstructorAccessorImpl.java:62)
	at sun.reflect.DelegatingConstructorAccessorImpl.newInstance(DelegatingConstructorAccessorImpl.java:45)
	at java.lang.reflect.Constructor.newInstance(Constructor.java:423)
	at org.openqa.selenium.remote.ErrorHandler.createThrowable(ErrorHandler.java:214)
	at org.openqa.selenium.remote.ErrorHandler.throwIfResponseFailed(ErrorHandler.java:166)
	at org.openqa.selenium.remote.http.JsonHttpResponseCodec.reconstructValue(JsonHttpResponseCodec.java:40)
	at org.openqa.selenium.remote.http.AbstractHttpResponseCodec.decode(AbstractHttpResponseCodec.java:80)
	at org.openqa.selenium.remote.http.AbstractHttpResponseCodec.decode(AbstractHttpResponseCodec.java:44)
	at org.openqa.selenium.remote.HttpCommandExecutor.execute(HttpCommandExecutor.java:158)
	at org.openqa.selenium.remote.service.DriverCommandExecutor.execute(DriverCommandExecutor.java:83)
	at org.openqa.selenium.remote.RemoteWebDriver.execute(RemoteWebDriver.java:548)
	at org.openqa.selenium.remote.RemoteWebDriver.findElement(RemoteWebDriver.java:322)
	at org.openqa.selenium.remote.RemoteWebDriver.findElementByXPath(RemoteWebDriver.java:424)
	at org.openqa.selenium.By$ByXPath.findElement(By.java:353)
	at org.openqa.selenium.remote.RemoteWebDriver.findElement(RemoteWebDriver.java:314)
	at org.openqa.selenium.support.pagefactory.DefaultElementLocator.findElement(DefaultElementLocator.java:69)
	at org.openqa.selenium.support.pagefactory.internal.LocatingElementHandler.invoke(LocatingElementHandler.java:38)
	at com.sun.proxy.$Proxy19.isDisplayed(Unknown Source)
	at roostify.accCheck.AccCheckPortalPage.sendUsername(AccCheckPortalPage.java:97)
	at roostify.accCheck.AccCheckPortalPage.loginToDagBank(AccCheckPortalPage.java:160)
	at accCheck.AccountCheckTests.accCheck_Valild_AccountChek_Flow_with_all_parameters(AccountCheckTests.java:76)
	at sun.reflect.NativeMethodAccessorImpl.invoke0(Native Method)
	at sun.reflect.NativeMethodAccessorImpl.invoke(NativeMethodAccessorImpl.java:62)
	at sun.reflect.DelegatingMethodAccessorImpl.invoke(DelegatingMethodAccessorImpl.java:43)
	at java.lang.reflect.Method.invoke(Method.java:498)
	at org.testng.internal.MethodInvocationHelper.invokeMethod(MethodInvocationHelper.java:124)
	at org.testng.internal.Invoker.invokeMethod(Invoker.java:580)
	at org.testng.internal.Invoker.invokeTestMethod(Invoker.java:716)
	at org.testng.internal.Invoker.invokeTestMethods(Invoker.java:988)
	at org.testng.internal.TestMethodWorker.invokeTestMethods(TestMethodWorker.java:125)
	at org.testng.internal.TestMethodWorker.run(TestMethodWorker.java:109)
	at org.testng.TestRunner.privateRun(TestRunner.java:648)
	at org.testng.TestRunner.run(TestRunner.java:505)
	at org.testng.SuiteRunner.runTest(SuiteRunner.java:455)
	at org.testng.SuiteRunner.runSequentially(SuiteRunner.java:450)
	at org.testng.SuiteRunner.privateRun(SuiteRunner.java:415)
	at org.testng.SuiteRunner.run(SuiteRunner.java:364)
	at org.testng.SuiteRunnerWorker.runSuite(SuiteRunnerWorker.java:52)
	at org.testng.SuiteRunnerWorker.run(SuiteRunnerWorker.java:84)
	at org.testng.TestNG.runSuitesSequentially(TestNG.java:1208)
	at org.testng.TestNG.runSuitesLocally(TestNG.java:1137)
	at org.testng.TestNG.runSuites(TestNG.java:1049)
	at org.testng.TestNG.run(TestNG.java:1017)
	at org.apache.maven.surefire.testng.TestNGExecutor.run(TestNGExecutor.java:283)
	at org.apache.maven.surefire.testng.TestNGXmlTestSuite.execute(TestNGXmlTestSuite.java:75)
	at org.apache.maven.surefire.testng.TestNGProvider.invoke(TestNGProvider.java:120)
	at org.apache.maven.surefire.booter.ForkedBooter.invokeProviderInSameClassLoader(ForkedBooter.java:384)
	at org.apache.maven.surefire.booter.ForkedBooter.runSuitesInProcess(ForkedBooter.java:345)
	at org.apache.maven.surefire.booter.ForkedBooter.execute(ForkedBooter.java:126)
	at org.apache.maven.surefire.booter.ForkedBooter.main(ForkedBooter.java:418)
</pre></div></td>
<td>26</td>
<td>accCheck.AccountCheckTests@527e5409</td></tr>
<tr>
<td title='accCheck.AccountCheckTests.accCheck_Valild_AccountChek_Flow_with_only_mandatory_parameters()'><b>accCheck_Valild_AccountChek_Flow_with_only_mandatory_parameters</b><br>Test class: accCheck.AccountCheckTests<br>Test method: Valild Account Check Flow with only mandatory parameters and Sharing Accounts of two different banks</td>
<td><div><pre>org.openqa.selenium.NoSuchElementException: no such element: Unable to locate element: {&quot;method&quot;:&quot;xpath&quot;,&quot;selector&quot;:&quot;//*[@id=&apos;LOGIN&apos;]&quot;}
  (Session info: chrome=74.0.3729.169)
  (Driver info: chromedriver=2.46.628402 (536cd7adbad73a3783fdc2cab92ab2ba7ec361e1),platform=Windows NT 6.1.7601 SP1 x86_64) (WARNING: The server did not provide any stacktrace information)
Command duration or timeout: 0 milliseconds
For documentation on this error, please visit: http://seleniumhq.org/exceptions/no_such_element.html
Build info: version: &apos;3.14.0&apos;, revision: &apos;aacccce0&apos;, time: &apos;2018-08-02T20:19:58.91Z&apos;
System info: host: &apos;KRISHNAA-DESK&apos;, ip: &apos;172.19.19.46&apos;, os.name: &apos;Windows 7&apos;, os.arch: &apos;amd64&apos;, os.version: &apos;6.1&apos;, java.version: &apos;1.8.0_201&apos;
Driver info: org.openqa.selenium.chrome.ChromeDriver
Capabilities {acceptInsecureCerts: false, acceptSslCerts: false, applicationCacheEnabled: false, browserConnectionEnabled: false, browserName: chrome, chrome: {chromedriverVersion: 2.46.628402 (536cd7adbad73a..., userDataDir: C:\Users\KrishnaA\AppData\L...}, cssSelectorsEnabled: true, databaseEnabled: false, goog:chromeOptions: {debuggerAddress: localhost:58593}, handlesAlerts: true, hasTouchScreen: false, javascriptEnabled: true, locationContextEnabled: true, mobileEmulationEnabled: false, nativeEvents: true, networkConnectionEnabled: false, pageLoadStrategy: normal, platform: XP, platformName: XP, proxy: Proxy(), rotatable: false, setWindowRect: true, strictFileInteractability: false, takesHeapSnapshot: true, takesScreenshot: true, timeouts: {implicit: 0, pageLoad: 300000, script: 30000}, unexpectedAlertBehaviour: ignore, unhandledPromptBehavior: ignore, version: 74.0.3729.169, webStorageEnabled: true}
Session ID: ad939cd930c072181266ef190abb0b09
*** Element info: {Using=xpath, value=//*[@id=&apos;LOGIN&apos;]}
	at sun.reflect.NativeConstructorAccessorImpl.newInstance0(Native Method)
	at sun.reflect.NativeConstructorAccessorImpl.newInstance(NativeConstructorAccessorImpl.java:62)
	at sun.reflect.DelegatingConstructorAccessorImpl.newInstance(DelegatingConstructorAccessorImpl.java:45)
	at java.lang.reflect.Constructor.newInstance(Constructor.java:423)
	at org.openqa.selenium.remote.ErrorHandler.createThrowable(ErrorHandler.java:214)
	at org.openqa.selenium.remote.ErrorHandler.throwIfResponseFailed(ErrorHandler.java:166)
	at org.openqa.selenium.remote.http.JsonHttpResponseCodec.reconstructValue(JsonHttpResponseCodec.java:40)
	at org.openqa.selenium.remote.http.AbstractHttpResponseCodec.decode(AbstractHttpResponseCodec.java:80)
	at org.openqa.selenium.remote.http.AbstractHttpResponseCodec.decode(AbstractHttpResponseCodec.java:44)
	at org.openqa.selenium.remote.HttpCommandExecutor.execute(HttpCommandExecutor.java:158)
	at org.openqa.selenium.remote.service.DriverCommandExecutor.execute(DriverCommandExecutor.java:83)
	at org.openqa.selenium.remote.RemoteWebDriver.execute(RemoteWebDriver.java:548)
	at org.openqa.selenium.remote.RemoteWebDriver.findElement(RemoteWebDriver.java:322)
	at org.openqa.selenium.remote.RemoteWebDriver.findElementByXPath(RemoteWebDriver.java:424)
	at org.openqa.selenium.By$ByXPath.findElement(By.java:353)
	at org.openqa.selenium.remote.RemoteWebDriver.findElement(RemoteWebDriver.java:314)
	at org.openqa.selenium.support.pagefactory.DefaultElementLocator.findElement(DefaultElementLocator.java:69)
	at org.openqa.selenium.support.pagefactory.internal.LocatingElementHandler.invoke(LocatingElementHandler.java:38)
	at com.sun.proxy.$Proxy19.isDisplayed(Unknown Source)
	at roostify.accCheck.AccCheckPortalPage.sendUsername(AccCheckPortalPage.java:97)
	at roostify.accCheck.AccCheckPortalPage.loginToDagBank(AccCheckPortalPage.java:160)
	at accCheck.AccountCheckTests.accCheck_Valild_AccountChek_Flow_with_only_mandatory_parameters(AccountCheckTests.java:104)
	at sun.reflect.NativeMethodAccessorImpl.invoke0(Native Method)
	at sun.reflect.NativeMethodAccessorImpl.invoke(NativeMethodAccessorImpl.java:62)
	at sun.reflect.DelegatingMethodAccessorImpl.invoke(DelegatingMethodAccessorImpl.java:43)
	at java.lang.reflect.Method.invoke(Method.java:498)
	at org.testng.internal.MethodInvocationHelper.invokeMethod(MethodInvocationHelper.java:124)
	at org.testng.internal.Invoker.invokeMethod(Invoker.java:580)
	at org.testng.internal.Invoker.invokeTestMethod(Invoker.java:716)
	at org.testng.internal.Invoker.invokeTestMethods(Invoker.java:988)
	at org.testng.internal.TestMethodWorker.invokeTestMethods(TestMethodWorker.java:125)
	at org.testng.internal.TestMethodWorker.run(TestMethodWorker.java:109)
	at org.testng.TestRunner.privateRun(TestRunner.java:648)
	at org.testng.TestRunner.run(TestRunner.java:505)
	at org.testng.SuiteRunner.runTest(SuiteRunner.java:455)
	at org.testng.SuiteRunner.runSequentially(SuiteRunner.java:450)
	at org.testng.SuiteRunner.privateRun(SuiteRunner.java:415)
	at org.testng.SuiteRunner.run(SuiteRunner.java:364)
	at org.testng.SuiteRunnerWorker.runSuite(SuiteRunnerWorker.java:52)
	at org.testng.SuiteRunnerWorker.run(SuiteRunnerWorker.java:84)
	at org.testng.TestNG.runSuitesSequentially(TestNG.java:1208)
	at org.testng.TestNG.runSuitesLocally(TestNG.java:1137)
	at org.testng.TestNG.runSuites(TestNG.java:1049)
	at org.testng.TestNG.run(TestNG.java:1017)
	at org.apache.maven.surefire.testng.TestNGExecutor.run(TestNGExecutor.java:283)
	at org.apache.maven.surefire.testng.TestNGXmlTestSuite.execute(TestNGXmlTestSuite.java:75)
	at org.apache.maven.surefire.testng.TestNGProvider.invoke(TestNGProvider.java:120)
	at org.apache.maven.surefire.booter.ForkedBooter.invokeProviderInSameClassLoader(ForkedBooter.java:384)
	at org.apache.maven.surefire.booter.ForkedBooter.runSuitesInProcess(ForkedBooter.java:345)
	at org.apache.maven.surefire.booter.ForkedBooter.execute(ForkedBooter.java:126)
	at org.apache.maven.surefire.booter.ForkedBooter.main(ForkedBooter.java:418)
</pre></div><a href='#' onClick='toggleBox("stack-trace1907767760", this, "Click to show all stack frames", "Click to hide stack frames")'>Click to show all stack frames</a>
<div class='stack-trace' id='stack-trace1907767760'><pre>org.openqa.selenium.NoSuchElementException: no such element: Unable to locate element: {&quot;method&quot;:&quot;xpath&quot;,&quot;selector&quot;:&quot;//*[@id=&apos;LOGIN&apos;]&quot;}
  (Session info: chrome=74.0.3729.169)
  (Driver info: chromedriver=2.46.628402 (536cd7adbad73a3783fdc2cab92ab2ba7ec361e1),platform=Windows NT 6.1.7601 SP1 x86_64) (WARNING: The server did not provide any stacktrace information)
Command duration or timeout: 0 milliseconds
For documentation on this error, please visit: http://seleniumhq.org/exceptions/no_such_element.html
Build info: version: &apos;3.14.0&apos;, revision: &apos;aacccce0&apos;, time: &apos;2018-08-02T20:19:58.91Z&apos;
System info: host: &apos;KRISHNAA-DESK&apos;, ip: &apos;172.19.19.46&apos;, os.name: &apos;Windows 7&apos;, os.arch: &apos;amd64&apos;, os.version: &apos;6.1&apos;, java.version: &apos;1.8.0_201&apos;
Driver info: org.openqa.selenium.chrome.ChromeDriver
Capabilities {acceptInsecureCerts: false, acceptSslCerts: false, applicationCacheEnabled: false, browserConnectionEnabled: false, browserName: chrome, chrome: {chromedriverVersion: 2.46.628402 (536cd7adbad73a..., userDataDir: C:\Users\KrishnaA\AppData\L...}, cssSelectorsEnabled: true, databaseEnabled: false, goog:chromeOptions: {debuggerAddress: localhost:58593}, handlesAlerts: true, hasTouchScreen: false, javascriptEnabled: true, locationContextEnabled: true, mobileEmulationEnabled: false, nativeEvents: true, networkConnectionEnabled: false, pageLoadStrategy: normal, platform: XP, platformName: XP, proxy: Proxy(), rotatable: false, setWindowRect: true, strictFileInteractability: false, takesHeapSnapshot: true, takesScreenshot: true, timeouts: {implicit: 0, pageLoad: 300000, script: 30000}, unexpectedAlertBehaviour: ignore, unhandledPromptBehavior: ignore, version: 74.0.3729.169, webStorageEnabled: true}
Session ID: ad939cd930c072181266ef190abb0b09
*** Element info: {Using=xpath, value=//*[@id=&apos;LOGIN&apos;]}
	at sun.reflect.NativeConstructorAccessorImpl.newInstance0(Native Method)
	at sun.reflect.NativeConstructorAccessorImpl.newInstance(NativeConstructorAccessorImpl.java:62)
	at sun.reflect.DelegatingConstructorAccessorImpl.newInstance(DelegatingConstructorAccessorImpl.java:45)
	at java.lang.reflect.Constructor.newInstance(Constructor.java:423)
	at org.openqa.selenium.remote.ErrorHandler.createThrowable(ErrorHandler.java:214)
	at org.openqa.selenium.remote.ErrorHandler.throwIfResponseFailed(ErrorHandler.java:166)
	at org.openqa.selenium.remote.http.JsonHttpResponseCodec.reconstructValue(JsonHttpResponseCodec.java:40)
	at org.openqa.selenium.remote.http.AbstractHttpResponseCodec.decode(AbstractHttpResponseCodec.java:80)
	at org.openqa.selenium.remote.http.AbstractHttpResponseCodec.decode(AbstractHttpResponseCodec.java:44)
	at org.openqa.selenium.remote.HttpCommandExecutor.execute(HttpCommandExecutor.java:158)
	at org.openqa.selenium.remote.service.DriverCommandExecutor.execute(DriverCommandExecutor.java:83)
	at org.openqa.selenium.remote.RemoteWebDriver.execute(RemoteWebDriver.java:548)
	at org.openqa.selenium.remote.RemoteWebDriver.findElement(RemoteWebDriver.java:322)
	at org.openqa.selenium.remote.RemoteWebDriver.findElementByXPath(RemoteWebDriver.java:424)
	at org.openqa.selenium.By$ByXPath.findElement(By.java:353)
	at org.openqa.selenium.remote.RemoteWebDriver.findElement(RemoteWebDriver.java:314)
	at org.openqa.selenium.support.pagefactory.DefaultElementLocator.findElement(DefaultElementLocator.java:69)
	at org.openqa.selenium.support.pagefactory.internal.LocatingElementHandler.invoke(LocatingElementHandler.java:38)
	at com.sun.proxy.$Proxy19.isDisplayed(Unknown Source)
	at roostify.accCheck.AccCheckPortalPage.sendUsername(AccCheckPortalPage.java:97)
	at roostify.accCheck.AccCheckPortalPage.loginToDagBank(AccCheckPortalPage.java:160)
	at accCheck.AccountCheckTests.accCheck_Valild_AccountChek_Flow_with_only_mandatory_parameters(AccountCheckTests.java:104)
	at sun.reflect.NativeMethodAccessorImpl.invoke0(Native Method)
	at sun.reflect.NativeMethodAccessorImpl.invoke(NativeMethodAccessorImpl.java:62)
	at sun.reflect.DelegatingMethodAccessorImpl.invoke(DelegatingMethodAccessorImpl.java:43)
	at java.lang.reflect.Method.invoke(Method.java:498)
	at org.testng.internal.MethodInvocationHelper.invokeMethod(MethodInvocationHelper.java:124)
	at org.testng.internal.Invoker.invokeMethod(Invoker.java:580)
	at org.testng.internal.Invoker.invokeTestMethod(Invoker.java:716)
	at org.testng.internal.Invoker.invokeTestMethods(Invoker.java:988)
	at org.testng.internal.TestMethodWorker.invokeTestMethods(TestMethodWorker.java:125)
	at org.testng.internal.TestMethodWorker.run(TestMethodWorker.java:109)
	at org.testng.TestRunner.privateRun(TestRunner.java:648)
	at org.testng.TestRunner.run(TestRunner.java:505)
	at org.testng.SuiteRunner.runTest(SuiteRunner.java:455)
	at org.testng.SuiteRunner.runSequentially(SuiteRunner.java:450)
	at org.testng.SuiteRunner.privateRun(SuiteRunner.java:415)
	at org.testng.SuiteRunner.run(SuiteRunner.java:364)
	at org.testng.SuiteRunnerWorker.runSuite(SuiteRunnerWorker.java:52)
	at org.testng.SuiteRunnerWorker.run(SuiteRunnerWorker.java:84)
	at org.testng.TestNG.runSuitesSequentially(TestNG.java:1208)
	at org.testng.TestNG.runSuitesLocally(TestNG.java:1137)
	at org.testng.TestNG.runSuites(TestNG.java:1049)
	at org.testng.TestNG.run(TestNG.java:1017)
	at org.apache.maven.surefire.testng.TestNGExecutor.run(TestNGExecutor.java:283)
	at org.apache.maven.surefire.testng.TestNGXmlTestSuite.execute(TestNGXmlTestSuite.java:75)
	at org.apache.maven.surefire.testng.TestNGProvider.invoke(TestNGProvider.java:120)
	at org.apache.maven.surefire.booter.ForkedBooter.invokeProviderInSameClassLoader(ForkedBooter.java:384)
	at org.apache.maven.surefire.booter.ForkedBooter.runSuitesInProcess(ForkedBooter.java:345)
	at org.apache.maven.surefire.booter.ForkedBooter.execute(ForkedBooter.java:126)
	at org.apache.maven.surefire.booter.ForkedBooter.main(ForkedBooter.java:418)
</pre></div></td>
<td>20</td>
<td>accCheck.AccountCheckTests@527e5409</td></tr>
</table><p>
<table width='100%' border='1' class='invocation-passed'>
<tr><td colspan='4' align='center'><b>PASSED TESTS</b></td></tr>
<tr><td><b>Test method</b></td>
<td width="30%"><b>Exception</b></td>
<td width="10%"><b>Time (seconds)</b></td>
<td><b>Instance</b></td>
</tr>
<tr>
<td title='plaid.PlaidTests.Invalid_Zip_Code()'><b>Invalid_Zip_Code</b><br>Test class: plaid.PlaidTests<br>Test method: Invalid Zip Code</td>
<td></td>
<td>1</td>
<td>plaid.PlaidTests@1198b989</td></tr>
<tr>
<td title='plaid.PlaidTests.Invalid_account_id()'><b>Invalid_account_id</b><br>Test class: plaid.PlaidTests<br>Test method: Invalid Account Id</td>
<td></td>
<td>1</td>
<td>plaid.PlaidTests@1198b989</td></tr>
<tr>
<td title='plaid.PlaidTests.Invalid_cust_id_ac_id()'><b>Invalid_cust_id_ac_id</b><br>Test class: plaid.PlaidTests<br>Test method: Invalid Customer Id and Account Id</td>
<td></td>
<td>1</td>
<td>plaid.PlaidTests@1198b989</td></tr>
<tr>
<td title='plaid.PlaidTests.Invalid_customer_id()'><b>Invalid_customer_id</b><br>Test class: plaid.PlaidTests<br>Test method: Invalid Customer Id</td>
<td></td>
<td>1</td>
<td>plaid.PlaidTests@1198b989</td></tr>
<tr>
<td title='plaid.PlaidTests.Invalid_email_address1()'><b>Invalid_email_address1</b><br>Test class: plaid.PlaidTests<br>Test method: Invalid email address1</td>
<td></td>
<td>1</td>
<td>plaid.PlaidTests@1198b989</td></tr>
<tr>
<td title='plaid.PlaidTests.Invalid_email_address2()'><b>Invalid_email_address2</b><br>Test class: plaid.PlaidTests<br>Test method: Invalid email address2</td>
<td></td>
<td>1</td>
<td>plaid.PlaidTests@1198b989</td></tr>
<tr>
<td title='plaid.PlaidTests.Invalid_email_address3()'><b>Invalid_email_address3</b><br>Test class: plaid.PlaidTests<br>Test method: Invalid email address3</td>
<td></td>
<td>1</td>
<td>plaid.PlaidTests@1198b989</td></tr>
<tr>
<td title='plaid.PlaidTests.Invalid_email_address4()'><b>Invalid_email_address4</b><br>Test class: plaid.PlaidTests<br>Test method: Invalid email address4</td>
<td></td>
<td>1</td>
<td>plaid.PlaidTests@1198b989</td></tr>
<tr>
<td title='plaid.PlaidTests.Invalid_email_address5()'><b>Invalid_email_address5</b><br>Test class: plaid.PlaidTests<br>Test method: Invalid email address5</td>
<td></td>
<td>1</td>
<td>plaid.PlaidTests@1198b989</td></tr>
<tr>
<td title='plaid.PlaidTests.Invalid_verification_type()'><b>Invalid_verification_type</b><br>Test class: plaid.PlaidTests<br>Test method: Invalid verification_type</td>
<td></td>
<td>1</td>
<td>plaid.PlaidTests@1198b989</td></tr>
<tr>
<td title='plaid.PlaidTests.Null_Address_line_1()'><b>Null_Address_line_1</b><br>Test class: plaid.PlaidTests<br>Test method: Null Zip Code</td>
<td></td>
<td>1</td>
<td>plaid.PlaidTests@1198b989</td></tr>
<tr>
<td title='plaid.PlaidTests.Null_First_Name()'><b>Null_First_Name</b><br>Test class: plaid.PlaidTests<br>Test method: Null First Name</td>
<td></td>
<td>1</td>
<td>plaid.PlaidTests@1198b989</td></tr>
<tr>
<td title='plaid.PlaidTests.Null_Last_Name()'><b>Null_Last_Name</b><br>Test class: plaid.PlaidTests<br>Test method: Null Last Name</td>
<td></td>
<td>1</td>
<td>plaid.PlaidTests@1198b989</td></tr>
<tr>
<td title='plaid.PlaidTests.Null_SSN()'><b>Null_SSN</b><br>Test class: plaid.PlaidTests<br>Test method: Null SSN</td>
<td></td>
<td>1</td>
<td>plaid.PlaidTests@1198b989</td></tr>
<tr>
<td title='plaid.PlaidTests.Null_Zip_Code()'><b>Null_Zip_Code</b><br>Test class: plaid.PlaidTests<br>Test method: Null Zip Code</td>
<td></td>
<td>1</td>
<td>plaid.PlaidTests@1198b989</td></tr>
<tr>
<td title='plaid.PlaidTests.Null_account_id()'><b>Null_account_id</b><br>Test class: plaid.PlaidTests<br>Test method: Null Account Id</td>
<td></td>
<td>1</td>
<td>plaid.PlaidTests@1198b989</td></tr>
<tr>
<td title='plaid.PlaidTests.Null_cust_id_and_ac_id()'><b>Null_cust_id_and_ac_id</b><br>Test class: plaid.PlaidTests<br>Test method: Null Customer Id and Account Id</td>
<td></td>
<td>1</td>
<td>plaid.PlaidTests@1198b989</td></tr>
<tr>
<td title='plaid.PlaidTests.Null_customer_id()'><b>Null_customer_id</b><br>Test class: plaid.PlaidTests<br>Test method: Null Customer Id</td>
<td></td>
<td>1</td>
<td>plaid.PlaidTests@1198b989</td></tr>
<tr>
<td title='plaid.PlaidTests.Null_email_address()'><b>Null_email_address</b><br>Test class: plaid.PlaidTests<br>Test method: Null email address</td>
<td></td>
<td>1</td>
<td>plaid.PlaidTests@1198b989</td></tr>
<tr>
<td title='plaid.PlaidTests.Null_first_name_last_name_ssn()'><b>Null_first_name_last_name_ssn</b><br>Test class: plaid.PlaidTests<br>Test method: Null first name, last name, ssn</td>
<td></td>
<td>1</td>
<td>plaid.PlaidTests@1198b989</td></tr>
<tr>
<td title='plaid.PlaidTests.Null_verification_type()'><b>Null_verification_type</b><br>Test class: plaid.PlaidTests<br>Test method: Null Verification Type</td>
<td></td>
<td>1</td>
<td>plaid.PlaidTests@1198b989</td></tr>
<tr>
<td title='plaid.PlaidTests.SSN_greater_than_9_digits()'><b>SSN_greater_than_9_digits</b><br>Test class: plaid.PlaidTests<br>Test method: SSN greater than 9 digits</td>
<td></td>
<td>1</td>
<td>plaid.PlaidTests@1198b989</td></tr>
<tr>
<td title='plaid.PlaidTests.SSN_less_than_9_digits()'><b>SSN_less_than_9_digits</b><br>Test class: plaid.PlaidTests<br>Test method: SSN less than 9 digits</td>
<td></td>
<td>1</td>
<td>plaid.PlaidTests@1198b989</td></tr>
<tr>
<td title='plaid.PlaidTests.Valild_Plaid_Flow_with_all_parameters()'><b>Valild_Plaid_Flow_with_all_parameters</b><br>Test class: plaid.PlaidTests<br>Test method: Valild Plaid Flow with all parameters</td>
<td></td>
<td>49</td>
<td>plaid.PlaidTests@1198b989</td></tr>
<tr>
<td title='plaid.PlaidTests.Valild_Plaid_Flow_with_only_mandatory_parameters()'><b>Valild_Plaid_Flow_with_only_mandatory_parameters</b><br>Test class: plaid.PlaidTests<br>Test method: Valild Plaid Flow with only mandatory parameters</td>
<td></td>
<td>1</td>
<td>plaid.PlaidTests@1198b989</td></tr>
<tr>
<td title='accCheck.AccountCheckTests.accCheck_Invalid_Zip_Code()'><b>accCheck_Invalid_Zip_Code</b><br>Test class: accCheck.AccountCheckTests<br>Test method: Invalid Zip Code</td>
<td></td>
<td>1</td>
<td>accCheck.AccountCheckTests@527e5409</td></tr>
<tr>
<td title='accCheck.AccountCheckTests.accCheck_Invalid_account_id()'><b>accCheck_Invalid_account_id</b><br>Test class: accCheck.AccountCheckTests<br>Test method: Invalid account id</td>
<td></td>
<td>1</td>
<td>accCheck.AccountCheckTests@527e5409</td></tr>
<tr>
<td title='accCheck.AccountCheckTests.accCheck_Invalid_customer_id()'><b>accCheck_Invalid_customer_id</b><br>Test class: accCheck.AccountCheckTests<br>Test method: Invalid customer id</td>
<td></td>
<td>1</td>
<td>accCheck.AccountCheckTests@527e5409</td></tr>
<tr>
<td title='accCheck.AccountCheckTests.accCheck_Invalid_email_address1()'><b>accCheck_Invalid_email_address1</b><br>Test class: accCheck.AccountCheckTests<br>Test method: Invalid email address1</td>
<td></td>
<td>1</td>
<td>accCheck.AccountCheckTests@527e5409</td></tr>
<tr>
<td title='accCheck.AccountCheckTests.accCheck_Invalid_email_address2()'><b>accCheck_Invalid_email_address2</b><br>Test class: accCheck.AccountCheckTests<br>Test method: Invalid email address2</td>
<td></td>
<td>1</td>
<td>accCheck.AccountCheckTests@527e5409</td></tr>
<tr>
<td title='accCheck.AccountCheckTests.accCheck_Invalid_email_address3()'><b>accCheck_Invalid_email_address3</b><br>Test class: accCheck.AccountCheckTests<br>Test method: Invalid email address3</td>
<td></td>
<td>1</td>
<td>accCheck.AccountCheckTests@527e5409</td></tr>
<tr>
<td title='accCheck.AccountCheckTests.accCheck_Invalid_email_address4()'><b>accCheck_Invalid_email_address4</b><br>Test class: accCheck.AccountCheckTests<br>Test method: Invalid email address4</td>
<td></td>
<td>1</td>
<td>accCheck.AccountCheckTests@527e5409</td></tr>
<tr>
<td title='accCheck.AccountCheckTests.accCheck_Invalid_email_address5()'><b>accCheck_Invalid_email_address5</b><br>Test class: accCheck.AccountCheckTests<br>Test method: Invalid email address5</td>
<td></td>
<td>1</td>
<td>accCheck.AccountCheckTests@527e5409</td></tr>
<tr>
<td title='accCheck.AccountCheckTests.accCheck_Invalid_verification_type()'><b>accCheck_Invalid_verification_type</b><br>Test class: accCheck.AccountCheckTests<br>Test method: Invalid verification type</td>
<td></td>
<td>1</td>
<td>accCheck.AccountCheckTests@527e5409</td></tr>
<tr>
<td title='accCheck.AccountCheckTests.accCheck_Null_Address_line_1()'><b>accCheck_Null_Address_line_1</b><br>Test class: accCheck.AccountCheckTests<br>Test method: Null Address line 1</td>
<td></td>
<td>1</td>
<td>accCheck.AccountCheckTests@527e5409</td></tr>
<tr>
<td title='accCheck.AccountCheckTests.accCheck_Null_First_Name()'><b>accCheck_Null_First_Name</b><br>Test class: accCheck.AccountCheckTests<br>Test method: Null First Name</td>
<td></td>
<td>1</td>
<td>accCheck.AccountCheckTests@527e5409</td></tr>
<tr>
<td title='accCheck.AccountCheckTests.accCheck_Null_Last_Name()'><b>accCheck_Null_Last_Name</b><br>Test class: accCheck.AccountCheckTests<br>Test method: Null Last Name</td>
<td></td>
<td>1</td>
<td>accCheck.AccountCheckTests@527e5409</td></tr>
<tr>
<td title='accCheck.AccountCheckTests.accCheck_Null_SSN()'><b>accCheck_Null_SSN</b><br>Test class: accCheck.AccountCheckTests<br>Test method: Null SSN</td>
<td></td>
<td>1</td>
<td>accCheck.AccountCheckTests@527e5409</td></tr>
<tr>
<td title='accCheck.AccountCheckTests.accCheck_Null_account_id()'><b>accCheck_Null_account_id</b><br>Test class: accCheck.AccountCheckTests<br>Test method: Null account id</td>
<td></td>
<td>1</td>
<td>accCheck.AccountCheckTests@527e5409</td></tr>
<tr>
<td title='accCheck.AccountCheckTests.accCheck_Null_cust_id_and_ac_id()'><b>accCheck_Null_cust_id_and_ac_id</b><br>Test class: accCheck.AccountCheckTests<br>Test method: Null cust id and ac id</td>
<td></td>
<td>1</td>
<td>accCheck.AccountCheckTests@527e5409</td></tr>
<tr>
<td title='accCheck.AccountCheckTests.accCheck_Null_customer_id()'><b>accCheck_Null_customer_id</b><br>Test class: accCheck.AccountCheckTests<br>Test method: Null customer id</td>
<td></td>
<td>1</td>
<td>accCheck.AccountCheckTests@527e5409</td></tr>
<tr>
<td title='accCheck.AccountCheckTests.accCheck_Null_email_address()'><b>accCheck_Null_email_address</b><br>Test class: accCheck.AccountCheckTests<br>Test method: Null email address</td>
<td></td>
<td>1</td>
<td>accCheck.AccountCheckTests@527e5409</td></tr>
<tr>
<td title='accCheck.AccountCheckTests.accCheck_Null_first_name_last_name_ssn_email_verification_type()'><b>accCheck_Null_first_name_last_name_ssn_email_verification_type</b><br>Test class: accCheck.AccountCheckTests<br>Test method: Null first name last name ssn email verification type</td>
<td></td>
<td>1</td>
<td>accCheck.AccountCheckTests@527e5409</td></tr>
<tr>
<td title='accCheck.AccountCheckTests.accCheck_Null_verification_type()'><b>accCheck_Null_verification_type</b><br>Test class: accCheck.AccountCheckTests<br>Test method: Null verification type</td>
<td></td>
<td>1</td>
<td>accCheck.AccountCheckTests@527e5409</td></tr>
<tr>
<td title='accCheck.AccountCheckTests.accCheck_SSN_greater_than_9_digits()'><b>accCheck_SSN_greater_than_9_digits</b><br>Test class: accCheck.AccountCheckTests<br>Test method: SSN greater than 9 digits</td>
<td></td>
<td>1</td>
<td>accCheck.AccountCheckTests@527e5409</td></tr>
<tr>
<td title='accCheck.AccountCheckTests.accCheck_SSN_less_than_9_digits()'><b>accCheck_SSN_less_than_9_digits</b><br>Test class: accCheck.AccountCheckTests<br>Test method: SSN less than 9 digits</td>
<td></td>
<td>1</td>
<td>accCheck.AccountCheckTests@527e5409</td></tr>
<tr>
<td title='accCheck.AccountCheckTests.accCheck_zip_code_less_than_5_digits_ssn_less_than_9_null_fist_and_last_name_invalid_email()'><b>accCheck_zip_code_less_than_5_digits_ssn_less_than_9_null_fist_and_last_name_invalid_email</b><br>Test class: accCheck.AccountCheckTests<br>Test method: zip code less than 5 digits ssn less than 9 null fist and last name invalid email</td>
<td></td>
<td>1</td>
<td>accCheck.AccountCheckTests@527e5409</td></tr>
<tr>
<td title='plaid.PlaidTests.zip_code_less_than_5_digits_ssn_less_than_9_null_first_and_last_name_invalid_email()'><b>zip_code_less_than_5_digits_ssn_less_than_9_null_first_and_last_name_invalid_email</b><br>Test class: plaid.PlaidTests<br>Test method: Invalid Zip Code, SSN, Email, Null first and last name</td>
<td></td>
<td>1</td>
<td>plaid.PlaidTests@1198b989</td></tr>
</table><p>
</body>
</html>