{"devicePlatform":"","logFolder":"D:\\1_Roostify\\Automation\\Roo_Core\\Reports\\Test Suite-Borrower Submit Loan Application (Copy Referral URL)\\20180730_151548","runData":{"hostName":"KalyaniK - KALYANIK.talentica-all.com","os":"Windows 7 64bit","katalonVersion":"5.4.1.1","browser":"Chrome 67.0.3396.99","hostAddress":"172.19.19.84","sessionId":"c558d347ebd41d6206618320baea6205","seleniumVersion":"3.7.1","proxyInformation":"ProxyInformation{proxyOption\u003dNO_PROXY, proxyServerType\u003dHTTP, password\u003d, proxyServerAddress\u003d, proxyServerPort\u003d0}","platform":"Windows 7"},"type":"TEST_SUITE","name":"Test Suite-Borrower Submit Loan Application (Copy Referral URL)","id":"Test Suites/Test Suite-Borrower Submit Loan Application (Copy Referral URL)","source":"","message":"Test Cases/Loan Submission/Borrower Submit Loan Application (Copy Referral URL) FAILED because (of) Unable to set text \u0027kkachhi@roostify.com\u0027 of object \u0027Object Repository/Common/Sign In/input_useremail\u0027 (Root cause: com.kms.katalon.core.webui.exception.WebElementNotFoundException: Web element with id: \u0027Object Repository/Common/Sign In/input_useremail\u0027 located by \u0027By.xpath: //input[@placeholder \u003d \u0027Email\u0027 and @type \u003d \u0027text\u0027 and @name \u003d \u0027user[email]\u0027 and @id \u003d \u0027user_email\u0027]\u0027 not found)","description":"","startTime":1532943950206,"endTime":1532943998360,"childRecords":[{"isOptional":false,"type":"TEST_CASE","name":"Test Cases/Loan Submission/Borrower Submit Loan Application (Copy Referral URL)","id":"Test Cases/Loan Submission/Borrower Submit Loan Application (Copy Referral URL)","source":"D:\\\\1_Roostify\\\\Automation\\\\Roo_Core\\\\Test Cases\\\\Loan Submission\\\\Borrower Submit Loan Application (Copy Referral URL).tc","message":"Test Cases/Loan Submission/Borrower Submit Loan Application (Copy Referral URL) FAILED because (of) Unable to set text \u0027kkachhi@roostify.com\u0027 of object \u0027Object Repository/Common/Sign In/input_useremail\u0027 (Root cause: com.kms.katalon.core.webui.exception.WebElementNotFoundException: Web element with id: \u0027Object Repository/Common/Sign In/input_useremail\u0027 located by \u0027By.xpath: //input[@placeholder \u003d \u0027Email\u0027 and @type \u003d \u0027text\u0027 and @name \u003d \u0027user[email]\u0027 and @id \u003d \u0027user_email\u0027]\u0027 not found)","description":"","startTime":1532943950880,"endTime":1532943997510,"childRecords":[{"testStatus":{"stackTrace":"","statusValue":"INFO"},"type":"MESSAGE","name":"","message":"Evaluating variables for test case","startTime":1532943950903,"endTime":0,"childRecords":[],"interuppted":false},{"index":-1,"isIgnoredIfFailed":false,"type":"TEST_STEP","name":"Start listener action : sampleBeforeTestCase","message":"Invoke \u0027com.kms.katalon.core.annotation.BeforeTestCase\u0027 method: \u0027TestListeners.sampleBeforeTestCase(...)\u0027 completed.","description":"","startTime":1532943950905,"endTime":1532943950913,"childRecords":[{"index":1,"isIgnoredIfFailed":false,"type":"TEST_STEP","name":"Statement - println(testCaseContext.getTestCaseId())","description":"","startTime":1532943950907,"endTime":1532943950910,"childRecords":[],"interuppted":false},{"index":2,"isIgnoredIfFailed":false,"type":"TEST_STEP","name":"Statement - println(testCaseContext.getTestCaseVariables())","message":"Invoke \u0027com.kms.katalon.core.annotation.BeforeTestCase\u0027 method: \u0027TestListeners.sampleBeforeTestCase(...)\u0027 completed.","description":"","startTime":1532943950911,"endTime":1532943950913,"childRecords":[],"interuppted":false}],"interuppted":false},{"index":1,"isIgnoredIfFailed":false,"type":"TEST_STEP","name":"callTestCase","message":"Unable to call Test Case with id \u0027Test Cases/Admin Dashboard/Verify Admin is able to Copy Referral Link\u0027 (Root cause: Call Test Case \u0027Test Cases/Admin Dashboard/Verify Admin is able to Copy Referral Link\u0027 failed)","description":"","startTime":1532943951363,"endTime":1532943995249,"childRecords":[{"isOptional":false,"type":"TEST_CASE","name":"Test Cases/Admin Dashboard/Verify Admin is able to Copy Referral Link","id":"Test Cases/Admin Dashboard/Verify Admin is able to Copy Referral Link","source":"D:\\\\1_Roostify\\\\Automation\\\\Roo_Core\\\\Test Cases\\\\Admin Dashboard\\\\Verify Admin is able to Copy Referral Link.tc","message":"Test Cases/Admin Dashboard/Verify Admin is able to Copy Referral Link FAILED because (of) Unable to set text \u0027kkachhi@roostify.com\u0027 of object \u0027Object Repository/Common/Sign In/input_useremail\u0027 (Root cause: com.kms.katalon.core.webui.exception.WebElementNotFoundException: Web element with id: \u0027Object Repository/Common/Sign In/input_useremail\u0027 located by \u0027By.xpath: //input[@placeholder \u003d \u0027Email\u0027 and @type \u003d \u0027text\u0027 and @name \u003d \u0027user[email]\u0027 and @id \u003d \u0027user_email\u0027]\u0027 not found)","description":"","startTime":1532943951545,"endTime":1532943995243,"childRecords":[{"testStatus":{"stackTrace":"","statusValue":"INFO"},"type":"MESSAGE","name":"","message":"Evaluating variables for test case","startTime":1532943951602,"endTime":0,"childRecords":[],"interuppted":false},{"attachment":"1532943994888.png","index":1,"isIgnoredIfFailed":false,"type":"TEST_STEP","name":"com.common.util.LoginHelper.LoginWithAdmin","message":"Unable to set text \u0027kkachhi@roostify.com\u0027 of object \u0027Object Repository/Common/Sign In/input_useremail\u0027 (Root cause: com.kms.katalon.core.webui.exception.WebElementNotFoundException: Web element with id: \u0027Object Repository/Common/Sign In/input_useremail\u0027 located by \u0027By.xpath: //input[@placeholder \u003d \u0027Email\u0027 and @type \u003d \u0027text\u0027 and @name \u003d \u0027user[email]\u0027 and @id \u003d \u0027user_email\u0027]\u0027 not found)","description":"","startTime":1532943951837,"endTime":1532943995235,"childRecords":[{"testStatus":{"stackTrace":"","statusValue":"PASSED"},"type":"MESSAGE","name":"","message":"Browser is opened with url: \u0027https://roostify-bow-pilot.herokuapp.com\u0027","startTime":1532943963870,"endTime":0,"childRecords":[],"interuppted":false},{"testStatus":{"stackTrace":"","statusValue":"PASSED"},"type":"MESSAGE","name":"","message":"Current window maximized","startTime":1532943964091,"endTime":0,"childRecords":[],"interuppted":false},{"testStatus":{"stackTrace":"","statusValue":"PASSED"},"type":"MESSAGE","name":"","message":"Wait for page load successfully","startTime":1532943964187,"endTime":0,"childRecords":[],"interuppted":false},{"testStatus":{"stackTrace":"","statusValue":"FAILED"},"attachment":"1532943994888.png","type":"MESSAGE","name":"","message":"Unable to set text \u0027kkachhi@roostify.com\u0027 of object \u0027Object Repository/Common/Sign In/input_useremail\u0027 (Root cause: com.kms.katalon.core.webui.exception.WebElementNotFoundException: Web element with id: \u0027Object Repository/Common/Sign In/input_useremail\u0027 located by \u0027By.xpath: //input[@placeholder \u003d \u0027Email\u0027 and @type \u003d \u0027text\u0027 and @name \u003d \u0027user[email]\u0027 and @id \u003d \u0027user_email\u0027]\u0027 not found)","startTime":1532943995233,"endTime":0,"childRecords":[],"interuppted":false},{"testStatus":{"stackTrace":"","statusValue":"FAILED"},"type":"MESSAGE","name":"","message":"Unable to set text \u0027kkachhi@roostify.com\u0027 of object \u0027Object Repository/Common/Sign In/input_useremail\u0027 (Root cause: com.kms.katalon.core.webui.exception.WebElementNotFoundException: Web element with id: \u0027Object Repository/Common/Sign In/input_useremail\u0027 located by \u0027By.xpath: //input[@placeholder \u003d \u0027Email\u0027 and @type \u003d \u0027text\u0027 and @name \u003d \u0027user[email]\u0027 and @id \u003d \u0027user_email\u0027]\u0027 not found)","startTime":1532943995235,"endTime":0,"childRecords":[],"interuppted":false}],"interuppted":false},{"testStatus":{"stackTrace":"","statusValue":"FAILED"},"type":"MESSAGE","name":"","message":"Test Cases/Admin Dashboard/Verify Admin is able to Copy Referral Link FAILED because (of) Unable to set text \u0027kkachhi@roostify.com\u0027 of object \u0027Object Repository/Common/Sign In/input_useremail\u0027 (Root cause: com.kms.katalon.core.webui.exception.WebElementNotFoundException: Web element with id: \u0027Object Repository/Common/Sign In/input_useremail\u0027 located by \u0027By.xpath: //input[@placeholder \u003d \u0027Email\u0027 and @type \u003d \u0027text\u0027 and @name \u003d \u0027user[email]\u0027 and @id \u003d \u0027user_email\u0027]\u0027 not found)","startTime":1532943995235,"endTime":0,"childRecords":[],"interuppted":false}],"interuppted":false},{"testStatus":{"stackTrace":"","statusValue":"FAILED"},"type":"MESSAGE","name":"","message":"Unable to call Test Case with id \u0027Test Cases/Admin Dashboard/Verify Admin is able to Copy Referral Link\u0027 (Root cause: Call Test Case \u0027Test Cases/Admin Dashboard/Verify Admin is able to Copy Referral Link\u0027 failed)","startTime":1532943995248,"endTime":0,"childRecords":[],"interuppted":false}],"interuppted":false},{"testStatus":{"stackTrace":"","statusValue":"FAILED"},"type":"MESSAGE","name":"","message":"Test Cases/Loan Submission/Borrower Submit Loan Application (Copy Referral URL) FAILED because (of) Unable to set text \u0027kkachhi@roostify.com\u0027 of object \u0027Object Repository/Common/Sign In/input_useremail\u0027 (Root cause: com.kms.katalon.core.webui.exception.WebElementNotFoundException: Web element with id: \u0027Object Repository/Common/Sign In/input_useremail\u0027 located by \u0027By.xpath: //input[@placeholder \u003d \u0027Email\u0027 and @type \u003d \u0027text\u0027 and @name \u003d \u0027user[email]\u0027 and @id \u003d \u0027user_email\u0027]\u0027 not found)","startTime":1532943995249,"endTime":0,"childRecords":[],"interuppted":false},{"index":-1,"isIgnoredIfFailed":false,"type":"TEST_STEP","name":"Start listener action : sampleAfterTestCase","message":"Invoke \u0027com.kms.katalon.core.annotation.AfterTestCase\u0027 method: \u0027TestListeners.sampleAfterTestCase(...)\u0027 completed.","description":"","startTime":1532943995427,"endTime":1532943995431,"childRecords":[{"index":1,"isIgnoredIfFailed":false,"type":"TEST_STEP","name":"Statement - println(testCaseContext.getTestCaseId())","description":"","startTime":1532943995428,"endTime":1532943995429,"childRecords":[],"interuppted":false},{"index":2,"isIgnoredIfFailed":false,"type":"TEST_STEP","name":"Statement - println(testCaseContext.getTestCaseStatus())","message":"Invoke \u0027com.kms.katalon.core.annotation.AfterTestCase\u0027 method: \u0027TestListeners.sampleAfterTestCase(...)\u0027 completed.","description":"","startTime":1532943995429,"endTime":1532943995431,"childRecords":[],"interuppted":false}],"interuppted":false}],"interuppted":false}],"interuppted":false}