<?xml version="1.0" encoding="UTF-8"?>
<testsuites name="Test Suite-Borrower Submit Loan Application (Copy Referral URL)" time="48" tests="0" failures="1" errors="0">
   <testsuite name="Test Suite-Borrower Submit Loan Application (Copy Referral URL)" tests="0" failures="1" errors="0" time="48" timestamp="2018-07-30 15:15:50" hostname="KalyaniK - KALYANIK.talentica-all.com" id="Test Suites/Test Suite-Borrower Submit Loan Application (Copy Referral URL)">
      <properties>
         <property name="deviceName" value=""/>
         <property name="devicePlatform" value=""/>
         <property name="logFolder" value="D:\\1_Roostify\\Automation\\Roo_Core\\Reports\\Test Suite-Borrower Submit Loan Application (Copy Referral URL)\\20180730_151548"/>
         <property name="logFiles" value="D:\\1_Roostify\\Automation\\Roo_Core\\Reports\\Test Suite-Borrower Submit Loan Application (Copy Referral URL)\\20180730_151548\\execution0.log"/>
         <property name="attachments" value="D:\\1_Roostify\\Automation\\Roo_Core\\Reports\\Test Suite-Borrower Submit Loan Application (Copy Referral URL)\\20180730_151548\\1532943994888.png"/>
         <property name="hostName" value="KalyaniK - KALYANIK.talentica-all.com"/>
         <property name="os" value="Windows 7 64bit"/>
         <property name="katalonVersion" value="5.4.1.1"/>
         <property name="browser" value="Chrome 67.0.3396.99"/>
         <property name="hostAddress" value="172.19.19.84"/>
         <property name="sessionId" value="c558d347ebd41d6206618320baea6205"/>
         <property name="seleniumVersion" value="3.7.1"/>
         <property name="proxyInformation" value="ProxyInformation{proxyOption=NO_PROXY, proxyServerType=HTTP, password=, proxyServerAddress=, proxyServerPort=0}"/>
         <property name="platform" value="Windows 7"/>
      </properties>
      <testcase name="Test Cases/Loan Submission/Borrower Submit Loan Application (Copy Referral URL)" classname="Test Cases/Loan Submission/Borrower Submit Loan Application (Copy Referral URL)" status="FAILED">
         <failure type="FAILED" message="Unable to set text 'kkachhi@roostify.com' of object 'Object Repository/Common/Sign In/input_useremail' (Root cause: com.kms.katalon.core.webui.exception.WebElementNotFoundException: Web element with id: 'Object Repository/Common/Sign In/input_useremail' located by 'By.xpath: //input[@placeholder = 'Email' and @type = 'text' and @name = 'user[email]' and @id = 'user_email']' not found)"/>
         <system-out><![CDATA[2018-07-30 15:15:50 - [TEST_CASE][FAILED] - Test Cases/Loan Submission/Borrower Submit Loan Application (Copy Referral URL): Test Cases/Loan Submission/Borrower Submit Loan Application (Copy Referral URL) FAILED because (of) Unable to set text 'kkachhi@roostify.com' of object 'Object Repository/Common/Sign In/input_useremail' (Root cause: com.kms.katalon.core.webui.exception.WebElementNotFoundException: Web element with id: 'Object Repository/Common/Sign In/input_useremail' located by 'By.xpath: //input[@placeholder = 'Email' and @type = 'text' and @name = 'user[email]' and @id = 'user_email']' not found)

2018-07-30 15:15:50 - [TEST_STEP][PASSED] - Start listener action : sampleBeforeTestCase: Invoke 'com.kms.katalon.core.annotation.BeforeTestCase' method: 'TestListeners.sampleBeforeTestCase(...)' completed.

2018-07-30 15:15:50 - [TEST_STEP][PASSED] - Statement - println(testCaseContext.getTestCaseId()): null

2018-07-30 15:15:50 - [TEST_STEP][PASSED] - Statement - println(testCaseContext.getTestCaseVariables()): Invoke 'com.kms.katalon.core.annotation.BeforeTestCase' method: 'TestListeners.sampleBeforeTestCase(...)' completed.

2018-07-30 15:15:51 - [TEST_STEP][FAILED] - callTestCase: Unable to call Test Case with id 'Test Cases/Admin Dashboard/Verify Admin is able to Copy Referral Link' (Root cause: Call Test Case 'Test Cases/Admin Dashboard/Verify Admin is able to Copy Referral Link' failed)

2018-07-30 15:15:51 - [TEST_CASE][FAILED] - Test Cases/Admin Dashboard/Verify Admin is able to Copy Referral Link: Test Cases/Admin Dashboard/Verify Admin is able to Copy Referral Link FAILED because (of) Unable to set text 'kkachhi@roostify.com' of object 'Object Repository/Common/Sign In/input_useremail' (Root cause: com.kms.katalon.core.webui.exception.WebElementNotFoundException: Web element with id: 'Object Repository/Common/Sign In/input_useremail' located by 'By.xpath: //input[@placeholder = 'Email' and @type = 'text' and @name = 'user[email]' and @id = 'user_email']' not found)

2018-07-30 15:15:51 - [TEST_STEP][FAILED] - com.common.util.LoginHelper.LoginWithAdmin: Unable to set text 'kkachhi@roostify.com' of object 'Object Repository/Common/Sign In/input_useremail' (Root cause: com.kms.katalon.core.webui.exception.WebElementNotFoundException: Web element with id: 'Object Repository/Common/Sign In/input_useremail' located by 'By.xpath: //input[@placeholder = 'Email' and @type = 'text' and @name = 'user[email]' and @id = 'user_email']' not found)

2018-07-30 15:16:03 - [MESSAGE][PASSED] - Browser is opened with url: 'https://roostify-bow-pilot.herokuapp.com'

2018-07-30 15:16:04 - [MESSAGE][PASSED] - Current window maximized

2018-07-30 15:16:04 - [MESSAGE][PASSED] - Wait for page load successfully

2018-07-30 15:16:35 - [MESSAGE][FAILED] - Unable to set text 'kkachhi@roostify.com' of object 'Object Repository/Common/Sign In/input_useremail' (Root cause: com.kms.katalon.core.webui.exception.WebElementNotFoundException: Web element with id: 'Object Repository/Common/Sign In/input_useremail' located by 'By.xpath: //input[@placeholder = 'Email' and @type = 'text' and @name = 'user[email]' and @id = 'user_email']' not found)
[[ATTACHMENT|D:\\1_Roostify\\Automation\\Roo_Core\\Reports\\Test Suite-Borrower Submit Loan Application (Copy Referral URL)\\20180730_151548\\1532943994888.png]]

2018-07-30 15:16:35 - [MESSAGE][FAILED] - Unable to set text 'kkachhi@roostify.com' of object 'Object Repository/Common/Sign In/input_useremail' (Root cause: com.kms.katalon.core.webui.exception.WebElementNotFoundException: Web element with id: 'Object Repository/Common/Sign In/input_useremail' located by 'By.xpath: //input[@placeholder = 'Email' and @type = 'text' and @name = 'user[email]' and @id = 'user_email']' not found)

2018-07-30 15:16:35 - [MESSAGE][FAILED] - Unable to call Test Case with id 'Test Cases/Admin Dashboard/Verify Admin is able to Copy Referral Link' (Root cause: Call Test Case 'Test Cases/Admin Dashboard/Verify Admin is able to Copy Referral Link' failed)

2018-07-30 15:16:35 - [TEST_STEP][PASSED] - Start listener action : sampleAfterTestCase: Invoke 'com.kms.katalon.core.annotation.AfterTestCase' method: 'TestListeners.sampleAfterTestCase(...)' completed.

2018-07-30 15:16:35 - [TEST_STEP][PASSED] - Statement - println(testCaseContext.getTestCaseId()): null

2018-07-30 15:16:35 - [TEST_STEP][PASSED] - Statement - println(testCaseContext.getTestCaseStatus()): Invoke 'com.kms.katalon.core.annotation.AfterTestCase' method: 'TestListeners.sampleAfterTestCase(...)' completed.]]></system-out>
         <system-err><![CDATA[2018-07-30 15:15:50 - [TEST_CASE][FAILED] - Test Cases/Loan Submission/Borrower Submit Loan Application (Copy Referral URL): Test Cases/Loan Submission/Borrower Submit Loan Application (Copy Referral URL) FAILED because (of) Unable to set text 'kkachhi@roostify.com' of object 'Object Repository/Common/Sign In/input_useremail' (Root cause: com.kms.katalon.core.webui.exception.WebElementNotFoundException: Web element with id: 'Object Repository/Common/Sign In/input_useremail' located by 'By.xpath: //input[@placeholder = 'Email' and @type = 'text' and @name = 'user[email]' and @id = 'user_email']' not found)]]></system-err>
      </testcase>
      <system-out><![CDATA[2018-07-30 15:15:50 - [TEST_SUITE][FAILED] - Test Suite-Borrower Submit Loan Application (Copy Referral URL): Test Cases/Loan Submission/Borrower Submit Loan Application (Copy Referral URL) FAILED because (of) Unable to set text 'kkachhi@roostify.com' of object 'Object Repository/Common/Sign In/input_useremail' (Root cause: com.kms.katalon.core.webui.exception.WebElementNotFoundException: Web element with id: 'Object Repository/Common/Sign In/input_useremail' located by 'By.xpath: //input[@placeholder = 'Email' and @type = 'text' and @name = 'user[email]' and @id = 'user_email']' not found)]]></system-out>
      <system-err><![CDATA[2018-07-30 15:15:50 - [TEST_SUITE][FAILED] - Test Suite-Borrower Submit Loan Application (Copy Referral URL): Test Cases/Loan Submission/Borrower Submit Loan Application (Copy Referral URL) FAILED because (of) Unable to set text 'kkachhi@roostify.com' of object 'Object Repository/Common/Sign In/input_useremail' (Root cause: com.kms.katalon.core.webui.exception.WebElementNotFoundException: Web element with id: 'Object Repository/Common/Sign In/input_useremail' located by 'By.xpath: //input[@placeholder = 'Email' and @type = 'text' and @name = 'user[email]' and @id = 'user_email']' not found)]]></system-err>
   </testsuite>
</testsuites>
