{"devicePlatform":"","logFolder":"D:\\1_Roostify\\Automation\\Roo_Core\\Reports\\Test Suite-Borrower Submit Loan Application (Copy Referral URL)\\20180801_125458","runData":{"hostName":"KalyaniK - KALYANIK.talentica-all.com","os":"Windows 7 64bit","katalonVersion":"5.4.1.1","browser":"Chrome 67.0.3396.99","hostAddress":"172.19.19.84","sessionId":"4c10e9e8e238b28edf0efeee1f5382dc","seleniumVersion":"3.7.1","proxyInformation":"ProxyInformation{proxyOption\u003dNO_PROXY, proxyServerType\u003dHTTP, password\u003d, proxyServerAddress\u003d, proxyServerPort\u003d0}","platform":"Windows 7"},"type":"TEST_SUITE","name":"Test Suite-Borrower Submit Loan Application (Copy Referral URL)","id":"Test Suites/Test Suite-Borrower Submit Loan Application (Copy Referral URL)","source":"","message":"Test Cases/Loan Submission/Borrower Submit Loan Application (Copy Referral URL) FAILED because (of) Unable to set text \u0027kkachhi+admin@roostify.com\u0027 of object \u0027Object Repository/Common/Sign In/input_useremail\u0027 (Root cause: com.kms.katalon.core.webui.exception.WebElementNotFoundException: Web element with id: \u0027Object Repository/Common/Sign In/input_useremail\u0027 located by \u0027By.xpath: //input[@placeholder \u003d \u0027Email\u0027 and @type \u003d \u0027text\u0027 and @name \u003d \u0027user[email]\u0027 and @id \u003d \u0027user_email\u0027]\u0027 not found)","description":"","startTime":1533108300204,"endTime":1533108342464,"childRecords":[{"isOptional":false,"type":"TEST_CASE","name":"Test Cases/Loan Submission/Borrower Submit Loan Application (Copy Referral URL)","id":"Test Cases/Loan Submission/Borrower Submit Loan Application (Copy Referral URL)","source":"D:\\\\1_Roostify\\\\Automation\\\\Roo_Core\\\\Test Cases\\\\Loan Submission\\\\Borrower Submit Loan Application (Copy Referral URL).tc","message":"Test Cases/Loan Submission/Borrower Submit Loan Application (Copy Referral URL) FAILED because (of) Unable to set text \u0027kkachhi+admin@roostify.com\u0027 of object \u0027Object Repository/Common/Sign In/input_useremail\u0027 (Root cause: com.kms.katalon.core.webui.exception.WebElementNotFoundException: Web element with id: \u0027Object Repository/Common/Sign In/input_useremail\u0027 located by \u0027By.xpath: //input[@placeholder \u003d \u0027Email\u0027 and @type \u003d \u0027text\u0027 and @name \u003d \u0027user[email]\u0027 and @id \u003d \u0027user_email\u0027]\u0027 not found)","description":"","startTime":1533108300572,"endTime":1533108341672,"childRecords":[{"testStatus":{"stackTrace":"","statusValue":"INFO"},"type":"MESSAGE","name":"","message":"Evaluating variables for test case","startTime":1533108300593,"endTime":0,"childRecords":[],"interuppted":false},{"index":-1,"isIgnoredIfFailed":false,"type":"TEST_STEP","name":"Start listener action : sampleBeforeTestCase","message":"Invoke \u0027com.kms.katalon.core.annotation.BeforeTestCase\u0027 method: \u0027TestListeners.sampleBeforeTestCase(...)\u0027 completed.","description":"","startTime":1533108300597,"endTime":1533108300611,"childRecords":[{"index":1,"isIgnoredIfFailed":false,"type":"TEST_STEP","name":"Statement - println(testCaseContext.getTestCaseId())","description":"","startTime":1533108300600,"endTime":1533108300605,"childRecords":[],"interuppted":false},{"index":2,"isIgnoredIfFailed":false,"type":"TEST_STEP","name":"Statement - println(testCaseContext.getTestCaseVariables())","message":"Invoke \u0027com.kms.katalon.core.annotation.BeforeTestCase\u0027 method: \u0027TestListeners.sampleBeforeTestCase(...)\u0027 completed.","description":"","startTime":1533108300605,"endTime":1533108300610,"childRecords":[],"interuppted":false}],"interuppted":false},{"index":1,"isIgnoredIfFailed":false,"type":"TEST_STEP","name":"callTestCase","message":"Unable to call Test Case with id \u0027Test Cases/Admin Dashboard/Verify Admin is able to Copy Referral Link\u0027 (Root cause: Call Test Case \u0027Test Cases/Admin Dashboard/Verify Admin is able to Copy Referral Link\u0027 failed)","description":"","startTime":1533108300930,"endTime":1533108339594,"childRecords":[{"isOptional":false,"type":"TEST_CASE","name":"Test Cases/Admin Dashboard/Verify Admin is able to Copy Referral Link","id":"Test Cases/Admin Dashboard/Verify Admin is able to Copy Referral Link","source":"D:\\\\1_Roostify\\\\Automation\\\\Roo_Core\\\\Test Cases\\\\Admin Dashboard\\\\Verify Admin is able to Copy Referral Link.tc","message":"Test Cases/Admin Dashboard/Verify Admin is able to Copy Referral Link FAILED because (of) Unable to set text \u0027kkachhi+admin@roostify.com\u0027 of object \u0027Object Repository/Common/Sign In/input_useremail\u0027 (Root cause: com.kms.katalon.core.webui.exception.WebElementNotFoundException: Web element with id: \u0027Object Repository/Common/Sign In/input_useremail\u0027 located by \u0027By.xpath: //input[@placeholder \u003d \u0027Email\u0027 and @type \u003d \u0027text\u0027 and @name \u003d \u0027user[email]\u0027 and @id \u003d \u0027user_email\u0027]\u0027 not found)","description":"Verify Admin is able to Copy Referral Link","startTime":1533108301041,"endTime":1533108339577,"childRecords":[{"testStatus":{"stackTrace":"","statusValue":"INFO"},"type":"MESSAGE","name":"","message":"Evaluating variables for test case","startTime":1533108301062,"endTime":0,"childRecords":[],"interuppted":false},{"attachment":"1533108339260.png","index":1,"isIgnoredIfFailed":false,"type":"TEST_STEP","name":"com.common.util.LoginHelper.LoginWithAdmin","message":"Unable to set text \u0027kkachhi+admin@roostify.com\u0027 of object \u0027Object Repository/Common/Sign In/input_useremail\u0027 (Root cause: com.kms.katalon.core.webui.exception.WebElementNotFoundException: Web element with id: \u0027Object Repository/Common/Sign In/input_useremail\u0027 located by \u0027By.xpath: //input[@placeholder \u003d \u0027Email\u0027 and @type \u003d \u0027text\u0027 and @name \u003d \u0027user[email]\u0027 and @id \u003d \u0027user_email\u0027]\u0027 not found)","description":"","startTime":1533108301175,"endTime":1533108339570,"childRecords":[{"testStatus":{"stackTrace":"","statusValue":"PASSED"},"type":"MESSAGE","name":"","message":"Browser is opened with url: \u0027https://roostify-blueprint-dev.herokuapp.com\u0027","startTime":1533108308434,"endTime":0,"childRecords":[],"interuppted":false},{"testStatus":{"stackTrace":"","statusValue":"PASSED"},"type":"MESSAGE","name":"","message":"Current window maximized","startTime":1533108308620,"endTime":0,"childRecords":[],"interuppted":false},{"testStatus":{"stackTrace":"","statusValue":"PASSED"},"type":"MESSAGE","name":"","message":"Wait for page load successfully","startTime":1533108308679,"endTime":0,"childRecords":[],"interuppted":false},{"testStatus":{"stackTrace":"","statusValue":"FAILED"},"attachment":"1533108339260.png","type":"MESSAGE","name":"","message":"Unable to set text \u0027kkachhi+admin@roostify.com\u0027 of object \u0027Object Repository/Common/Sign In/input_useremail\u0027 (Root cause: com.kms.katalon.core.webui.exception.WebElementNotFoundException: Web element with id: \u0027Object Repository/Common/Sign In/input_useremail\u0027 located by \u0027By.xpath: //input[@placeholder \u003d \u0027Email\u0027 and @type \u003d \u0027text\u0027 and @name \u003d \u0027user[email]\u0027 and @id \u003d \u0027user_email\u0027]\u0027 not found)","startTime":1533108339568,"endTime":0,"childRecords":[],"interuppted":false},{"testStatus":{"stackTrace":"","statusValue":"FAILED"},"type":"MESSAGE","name":"","message":"Unable to set text \u0027kkachhi+admin@roostify.com\u0027 of object \u0027Object Repository/Common/Sign In/input_useremail\u0027 (Root cause: com.kms.katalon.core.webui.exception.WebElementNotFoundException: Web element with id: \u0027Object Repository/Common/Sign In/input_useremail\u0027 located by \u0027By.xpath: //input[@placeholder \u003d \u0027Email\u0027 and @type \u003d \u0027text\u0027 and @name \u003d \u0027user[email]\u0027 and @id \u003d \u0027user_email\u0027]\u0027 not found)","startTime":1533108339569,"endTime":0,"childRecords":[],"interuppted":false}],"interuppted":false},{"testStatus":{"stackTrace":"","statusValue":"FAILED"},"type":"MESSAGE","name":"","message":"Test Cases/Admin Dashboard/Verify Admin is able to Copy Referral Link FAILED because (of) Unable to set text \u0027kkachhi+admin@roostify.com\u0027 of object \u0027Object Repository/Common/Sign In/input_useremail\u0027 (Root cause: com.kms.katalon.core.webui.exception.WebElementNotFoundException: Web element with id: \u0027Object Repository/Common/Sign In/input_useremail\u0027 located by \u0027By.xpath: //input[@placeholder \u003d \u0027Email\u0027 and @type \u003d \u0027text\u0027 and @name \u003d \u0027user[email]\u0027 and @id \u003d \u0027user_email\u0027]\u0027 not found)","startTime":1533108339571,"endTime":0,"childRecords":[],"interuppted":false}],"interuppted":false},{"testStatus":{"stackTrace":"","statusValue":"FAILED"},"type":"MESSAGE","name":"","message":"Unable to call Test Case with id \u0027Test Cases/Admin Dashboard/Verify Admin is able to Copy Referral Link\u0027 (Root cause: Call Test Case \u0027Test Cases/Admin Dashboard/Verify Admin is able to Copy Referral Link\u0027 failed)","startTime":1533108339583,"endTime":0,"childRecords":[],"interuppted":false}],"interuppted":false},{"testStatus":{"stackTrace":"","statusValue":"FAILED"},"type":"MESSAGE","name":"","message":"Test Cases/Loan Submission/Borrower Submit Loan Application (Copy Referral URL) FAILED because (of) Unable to set text \u0027kkachhi+admin@roostify.com\u0027 of object \u0027Object Repository/Common/Sign In/input_useremail\u0027 (Root cause: com.kms.katalon.core.webui.exception.WebElementNotFoundException: Web element with id: \u0027Object Repository/Common/Sign In/input_useremail\u0027 located by \u0027By.xpath: //input[@placeholder \u003d \u0027Email\u0027 and @type \u003d \u0027text\u0027 and @name \u003d \u0027user[email]\u0027 and @id \u003d \u0027user_email\u0027]\u0027 not found)","startTime":1533108339595,"endTime":0,"childRecords":[],"interuppted":false},{"index":-1,"isIgnoredIfFailed":false,"type":"TEST_STEP","name":"Start listener action : sampleAfterTestCase","message":"Invoke \u0027com.kms.katalon.core.annotation.AfterTestCase\u0027 method: \u0027TestListeners.sampleAfterTestCase(...)\u0027 completed.","description":"","startTime":1533108339619,"endTime":1533108339626,"childRecords":[{"index":1,"isIgnoredIfFailed":false,"type":"TEST_STEP","name":"Statement - println(testCaseContext.getTestCaseId())","description":"","startTime":1533108339622,"endTime":1533108339624,"childRecords":[],"interuppted":false},{"index":2,"isIgnoredIfFailed":false,"type":"TEST_STEP","name":"Statement - println(testCaseContext.getTestCaseStatus())","message":"Invoke \u0027com.kms.katalon.core.annotation.AfterTestCase\u0027 method: \u0027TestListeners.sampleAfterTestCase(...)\u0027 completed.","description":"","startTime":1533108339624,"endTime":1533108339626,"childRecords":[],"interuppted":false}],"interuppted":false}],"interuppted":false}],"interuppted":false}