<?xml version="1.0" encoding="UTF-8"?>
<!-- Generated by org.testng.reporters.JUnitReportReporter -->
<testsuite skipped="0" hostname="KrishnaA-Desk" name="plaid.PlaidTests" tests="27" failures="0" timestamp="01 Aug 2019 07:25:59 GMT" time="138.341" errors="1">
  <testcase name="Valild_Plaid_Flow_with_only_mandatory_parameters" time="62.504" classname="plaid.PlaidTests"/>
  <testcase name="Valild_Plaid_Flow_with_all_parameters" time="46.707" classname="plaid.PlaidTests"/>
  <testcase name="downloadReport" time="0.001" classname="plaid.PlaidTests">
    <error type="org.testng.TestNGException" message="
Cannot inject @Test annotated Method [downloadReport] with [class java.lang.String].
For more information on native dependency injection please refer to http://testng.org/doc/documentation-main.html#native-dependency-injection">
      <![CDATA[org.testng.TestNGException: 
Cannot inject @Test annotated Method [downloadReport] with [class java.lang.String].
For more information on native dependency injection please refer to http://testng.org/doc/documentation-main.html#native-dependency-injection
at org.testng.internal.Parameters.checkParameterTypes(Parameters.java:407)
at org.testng.internal.Parameters.createParametersForMethod(Parameters.java:356)
at org.testng.internal.Parameters.createParameters(Parameters.java:635)
at org.testng.internal.Parameters.handleParameters(Parameters.java:769)
at org.testng.internal.ParameterHandler.handleParameters(ParameterHandler.java:49)
at org.testng.internal.ParameterHandler.createParameters(ParameterHandler.java:37)
at org.testng.internal.Invoker.invokeTestMethods(Invoker.java:923)
at org.testng.internal.TestMethodWorker.invokeTestMethods(TestMethodWorker.java:125)
at org.testng.internal.TestMethodWorker.run(TestMethodWorker.java:109)
at org.testng.TestRunner.privateRun(TestRunner.java:648)
at org.testng.TestRunner.run(TestRunner.java:505)
at org.testng.SuiteRunner.runTest(SuiteRunner.java:455)
at org.testng.SuiteRunner.runSequentially(SuiteRunner.java:450)
at org.testng.SuiteRunner.privateRun(SuiteRunner.java:415)
at org.testng.SuiteRunner.run(SuiteRunner.java:364)
at org.testng.SuiteRunnerWorker.runSuite(SuiteRunnerWorker.java:52)
at org.testng.SuiteRunnerWorker.run(SuiteRunnerWorker.java:84)
at org.testng.TestNG.runSuitesSequentially(TestNG.java:1208)
at org.testng.TestNG.runSuitesLocally(TestNG.java:1137)
at org.testng.TestNG.runSuites(TestNG.java:1049)
at org.testng.TestNG.run(TestNG.java:1017)
at org.apache.maven.surefire.testng.TestNGExecutor.run(TestNGExecutor.java:283)
at org.apache.maven.surefire.testng.TestNGXmlTestSuite.execute(TestNGXmlTestSuite.java:75)
at org.apache.maven.surefire.testng.TestNGProvider.invoke(TestNGProvider.java:120)
at org.apache.maven.surefire.booter.ForkedBooter.invokeProviderInSameClassLoader(ForkedBooter.java:384)
at org.apache.maven.surefire.booter.ForkedBooter.runSuitesInProcess(ForkedBooter.java:345)
at org.apache.maven.surefire.booter.ForkedBooter.execute(ForkedBooter.java:126)
at org.apache.maven.surefire.booter.ForkedBooter.main(ForkedBooter.java:418)
]]>
    </error>
  </testcase> <!-- downloadReport -->
  <testcase name="Null_Address_line_1" time="1.297" classname="plaid.PlaidTests"/>
  <testcase name="Null_account_id" time="1.177" classname="plaid.PlaidTests"/>
  <testcase name="Null_Last_Name" time="1.184" classname="plaid.PlaidTests"/>
  <testcase name="Null_Zip_Code" time="1.310" classname="plaid.PlaidTests"/>
  <testcase name="Null_customer_id" time="1.177" classname="plaid.PlaidTests"/>
  <testcase name="Null_first_name_last_name_ssn" time="1.174" classname="plaid.PlaidTests"/>
  <testcase name="Null_cust_id_and_ac_id" time="1.204" classname="plaid.PlaidTests"/>
  <testcase name="Null_verification_type" time="1.136" classname="plaid.PlaidTests"/>
  <testcase name="Null_SSN" time="1.218" classname="plaid.PlaidTests"/>
  <testcase name="Null_email_address" time="1.296" classname="plaid.PlaidTests"/>
  <testcase name="Null_First_Name" time="1.175" classname="plaid.PlaidTests"/>
  <testcase name="Invalid_email_address3" time="1.145" classname="plaid.PlaidTests"/>
  <testcase name="Invalid_verification_type" time="1.264" classname="plaid.PlaidTests"/>
  <testcase name="zip_code_less_than_5_digits_ssn_less_than_9_null_first_and_last_name_invalid_email" time="1.240" classname="plaid.PlaidTests"/>
  <testcase name="Invalid_Zip_Code" time="1.179" classname="plaid.PlaidTests"/>
  <testcase name="Invalid_email_address5" time="1.178" classname="plaid.PlaidTests"/>
  <testcase name="SSN_greater_than_9_digits" time="1.216" classname="plaid.PlaidTests"/>
  <testcase name="Invalid_cust_id_ac_id" time="1.252" classname="plaid.PlaidTests"/>
  <testcase name="Invalid_account_id" time="1.275" classname="plaid.PlaidTests"/>
  <testcase name="Invalid_email_address2" time="1.138" classname="plaid.PlaidTests"/>
  <testcase name="Invalid_email_address1" time="1.189" classname="plaid.PlaidTests"/>
  <testcase name="SSN_less_than_9_digits" time="1.198" classname="plaid.PlaidTests"/>
  <testcase name="Invalid_customer_id" time="1.260" classname="plaid.PlaidTests"/>
  <testcase name="Invalid_email_address4" time="1.247" classname="plaid.PlaidTests"/>
</testsuite> <!-- plaid.PlaidTests -->
