<?xml version="1.0" encoding="UTF-8"?>
<!-- Generated by org.testng.reporters.JUnitReportReporter -->
<testsuite skipped="0" hostname="KrishnaA-Desk" name="finicity.FinicityTests" tests="44" failures="1" timestamp="01 Aug 2019 07:25:59 GMT" time="316.015" errors="2">
  <testcase name="Valid_Finicity_flow_for_Asset_Income_Verification_With_all_parameters" time="1.450" classname="finicity.FinicityTests">
    <failure type="java.lang.AssertionError" message="1 expectation failed.
Expected status code &lt;200&gt; but was &lt;500&gt;.
">
      <![CDATA[java.lang.AssertionError: 1 expectation failed.
Expected status code <200> but was <500>.

at sun.reflect.NativeConstructorAccessorImpl.newInstance0(Native Method)
at sun.reflect.NativeConstructorAccessorImpl.newInstance(NativeConstructorAccessorImpl.java:62)
at sun.reflect.DelegatingConstructorAccessorImpl.newInstance(DelegatingConstructorAccessorImpl.java:45)
at java.lang.reflect.Constructor.newInstance(Constructor.java:423)
at org.codehaus.groovy.reflection.CachedConstructor.invoke(CachedConstructor.java:83)
at org.codehaus.groovy.reflection.CachedConstructor.doConstructorInvoke(CachedConstructor.java:77)
at org.codehaus.groovy.runtime.callsite.ConstructorSite$ConstructorSiteNoUnwrap.callConstructor(ConstructorSite.java:84)
at org.codehaus.groovy.runtime.callsite.CallSiteArray.defaultCallConstructor(CallSiteArray.java:59)
at org.codehaus.groovy.runtime.callsite.AbstractCallSite.callConstructor(AbstractCallSite.java:238)
at org.codehaus.groovy.runtime.callsite.AbstractCallSite.callConstructor(AbstractCallSite.java:250)
at io.restassured.internal.ResponseSpecificationImpl$HamcrestAssertionClosure.validate(ResponseSpecificationImpl.groovy:483)
at io.restassured.internal.ResponseSpecificationImpl$HamcrestAssertionClosure$validate$2.call(Unknown Source)
at io.restassured.internal.ResponseSpecificationImpl.validateResponseIfRequired(ResponseSpecificationImpl.groovy:655)
at sun.reflect.GeneratedMethodAccessor135.invoke(Unknown Source)
at sun.reflect.DelegatingMethodAccessorImpl.invoke(DelegatingMethodAccessorImpl.java:43)
at java.lang.reflect.Method.invoke(Method.java:498)
at org.codehaus.groovy.runtime.callsite.PogoMetaMethodSite$PogoCachedMethodSiteNoUnwrapNoCoerce.invoke(PogoMetaMethodSite.java:210)
at org.codehaus.groovy.runtime.callsite.PogoMetaMethodSite.callCurrent(PogoMetaMethodSite.java:59)
at org.codehaus.groovy.runtime.callsite.AbstractCallSite.callCurrent(AbstractCallSite.java:169)
at io.restassured.internal.ResponseSpecificationImpl.statusCode(ResponseSpecificationImpl.groovy:123)
at io.restassured.specification.ResponseSpecification$statusCode$1.callCurrent(Unknown Source)
at io.restassured.internal.ResponseSpecificationImpl.statusCode(ResponseSpecificationImpl.groovy:131)
at io.restassured.internal.ValidatableResponseOptionsImpl.statusCode(ValidatableResponseOptionsImpl.java:119)
at finicity.FinicityTests.Valid_Finicity_flow_for_Asset_Income_Verification_With_all_parameters(FinicityTests.java:122)
at sun.reflect.NativeMethodAccessorImpl.invoke0(Native Method)
at sun.reflect.NativeMethodAccessorImpl.invoke(NativeMethodAccessorImpl.java:62)
at sun.reflect.DelegatingMethodAccessorImpl.invoke(DelegatingMethodAccessorImpl.java:43)
at java.lang.reflect.Method.invoke(Method.java:498)
at org.testng.internal.MethodInvocationHelper.invokeMethod(MethodInvocationHelper.java:124)
at org.testng.internal.Invoker.invokeMethod(Invoker.java:580)
at org.testng.internal.Invoker.invokeTestMethod(Invoker.java:716)
at org.testng.internal.Invoker.invokeTestMethods(Invoker.java:988)
at org.testng.internal.TestMethodWorker.invokeTestMethods(TestMethodWorker.java:125)
at org.testng.internal.TestMethodWorker.run(TestMethodWorker.java:109)
at org.testng.TestRunner.privateRun(TestRunner.java:648)
at org.testng.TestRunner.run(TestRunner.java:505)
at org.testng.SuiteRunner.runTest(SuiteRunner.java:455)
at org.testng.SuiteRunner.runSequentially(SuiteRunner.java:450)
at org.testng.SuiteRunner.privateRun(SuiteRunner.java:415)
at org.testng.SuiteRunner.run(SuiteRunner.java:364)
at org.testng.SuiteRunnerWorker.runSuite(SuiteRunnerWorker.java:52)
at org.testng.SuiteRunnerWorker.run(SuiteRunnerWorker.java:84)
at org.testng.TestNG.runSuitesSequentially(TestNG.java:1208)
at org.testng.TestNG.runSuitesLocally(TestNG.java:1137)
at org.testng.TestNG.runSuites(TestNG.java:1049)
at org.testng.TestNG.run(TestNG.java:1017)
at org.apache.maven.surefire.testng.TestNGExecutor.run(TestNGExecutor.java:283)
at org.apache.maven.surefire.testng.TestNGXmlTestSuite.execute(TestNGXmlTestSuite.java:75)
at org.apache.maven.surefire.testng.TestNGProvider.invoke(TestNGProvider.java:120)
at org.apache.maven.surefire.booter.ForkedBooter.invokeProviderInSameClassLoader(ForkedBooter.java:384)
at org.apache.maven.surefire.booter.ForkedBooter.runSuitesInProcess(ForkedBooter.java:345)
at org.apache.maven.surefire.booter.ForkedBooter.execute(ForkedBooter.java:126)
at org.apache.maven.surefire.booter.ForkedBooter.main(ForkedBooter.java:418)
]]>
    </failure>
  </testcase> <!-- Valid_Finicity_flow_for_Asset_Income_Verification_With_all_parameters -->
  <testcase name="Valid_Finicity_flow_for_Asset_Verification_With_all_parameters" time="122.983" classname="finicity.FinicityTests"/>
  <testcase name="checkStatus" time="0.002" classname="finicity.FinicityTests">
    <error type="java.lang.NullPointerException">
      <![CDATA[java.lang.NullPointerException
at finicity.FinicityTests.checkStatus(FinicityTests.java:36)
at sun.reflect.NativeMethodAccessorImpl.invoke0(Native Method)
at sun.reflect.NativeMethodAccessorImpl.invoke(NativeMethodAccessorImpl.java:62)
at sun.reflect.DelegatingMethodAccessorImpl.invoke(DelegatingMethodAccessorImpl.java:43)
at java.lang.reflect.Method.invoke(Method.java:498)
at org.testng.internal.MethodInvocationHelper.invokeMethod(MethodInvocationHelper.java:124)
at org.testng.internal.MethodInvocationHelper.invokeMethodConsideringTimeout(MethodInvocationHelper.java:59)
at org.testng.internal.Invoker.invokeConfigurationMethod(Invoker.java:455)
at org.testng.internal.Invoker.invokeConfigurations(Invoker.java:222)
at org.testng.internal.Invoker.invokeMethod(Invoker.java:643)
at org.testng.internal.Invoker.invokeTestMethod(Invoker.java:716)
at org.testng.internal.Invoker.invokeTestMethods(Invoker.java:988)
at org.testng.internal.TestMethodWorker.invokeTestMethods(TestMethodWorker.java:125)
at org.testng.internal.TestMethodWorker.run(TestMethodWorker.java:109)
at org.testng.TestRunner.privateRun(TestRunner.java:648)
at org.testng.TestRunner.run(TestRunner.java:505)
at org.testng.SuiteRunner.runTest(SuiteRunner.java:455)
at org.testng.SuiteRunner.runSequentially(SuiteRunner.java:450)
at org.testng.SuiteRunner.privateRun(SuiteRunner.java:415)
at org.testng.SuiteRunner.run(SuiteRunner.java:364)
at org.testng.SuiteRunnerWorker.runSuite(SuiteRunnerWorker.java:52)
at org.testng.SuiteRunnerWorker.run(SuiteRunnerWorker.java:84)
at org.testng.TestNG.runSuitesSequentially(TestNG.java:1208)
at org.testng.TestNG.runSuitesLocally(TestNG.java:1137)
at org.testng.TestNG.runSuites(TestNG.java:1049)
at org.testng.TestNG.run(TestNG.java:1017)
at org.apache.maven.surefire.testng.TestNGExecutor.run(TestNGExecutor.java:283)
at org.apache.maven.surefire.testng.TestNGXmlTestSuite.execute(TestNGXmlTestSuite.java:75)
at org.apache.maven.surefire.testng.TestNGProvider.invoke(TestNGProvider.java:120)
at org.apache.maven.surefire.booter.ForkedBooter.invokeProviderInSameClassLoader(ForkedBooter.java:384)
at org.apache.maven.surefire.booter.ForkedBooter.runSuitesInProcess(ForkedBooter.java:345)
at org.apache.maven.surefire.booter.ForkedBooter.execute(ForkedBooter.java:126)
at org.apache.maven.surefire.booter.ForkedBooter.main(ForkedBooter.java:418)
]]>
    </error>
  </testcase> <!-- checkStatus -->
  <testcase name="Valid_Finicity_flow_for_Asset_Income_Verification_With_only_mandatory_parameters" time="6.337" classname="finicity.FinicityTests"/>
  <testcase name="Valid_Finicity_flow_for_Income_Verification_With_only_mandatory_parameters" time="9.618" classname="finicity.FinicityTests"/>
  <testcase name="Valid_Finicity_flow_for_Asset_Verification_With_only_mandatory_parameters" time="5.998" classname="finicity.FinicityTests"/>
  <testcase name="Valid_Finicity_flow_for_Income_Verification_With_all_parameters" time="118.244" classname="finicity.FinicityTests"/>
  <testcase name="With_Address_line_1_only_Null_Address_line_2" time="3.545" classname="finicity.FinicityTests"/>
  <testcase name="null_email_address" time="1.288" classname="finicity.FinicityTests"/>
  <testcase name="Null_Phone_number" time="1.228" classname="finicity.FinicityTests"/>
  <testcase name="Null_Account_ID" time="1.200" classname="finicity.FinicityTests"/>
  <testcase name="Null_Zip_code" time="1.278" classname="finicity.FinicityTests"/>
  <testcase name="Null_First_Name" time="1.187" classname="finicity.FinicityTests"/>
  <testcase name="Null_City" time="1.288" classname="finicity.FinicityTests"/>
  <testcase name="With_Address_line_2_only_Null_Address_line_1" time="4.545" classname="finicity.FinicityTests"/>
  <testcase name="Null_SSN" time="1.280" classname="finicity.FinicityTests"/>
  <testcase name="Null_both_address_lines" time="1.272" classname="finicity.FinicityTests"/>
  <testcase name="Null_Username" time="3.552" classname="finicity.FinicityTests"/>
  <testcase name="Null_Last_Name" time="1.181" classname="finicity.FinicityTests"/>
  <testcase name="Null_dob" time="1.283" classname="finicity.FinicityTests"/>
  <testcase name="Null_Verification_Type" time="1.220" classname="finicity.FinicityTests"/>
  <testcase name="Null_State" time="1.240" classname="finicity.FinicityTests"/>
  <testcase name="Null_first_last_ssn_dob_both_add_lines_city_state_zip_phone" time="1.140" classname="finicity.FinicityTests"/>
  <testcase name="Null_cust_id_and_ac_id" time="1.190" classname="finicity.FinicityTests"/>
  <testcase name="Invalild_Verification_Type" time="1.219" classname="finicity.FinicityTests"/>
  <testcase name="Zip_code_greater_than_5_digits" time="1.139" classname="finicity.FinicityTests"/>
  <testcase name="SSN_less_than_9_digits" time="1.155" classname="finicity.FinicityTests"/>
  <testcase name="SSN_greater_than_9_digits" time="1.181" classname="finicity.FinicityTests"/>
  <testcase name="Invalid_email_address4" time="1.138" classname="finicity.FinicityTests"/>
  <testcase name="Invalid_dob_YYYY_DD_MM" time="1.142" classname="finicity.FinicityTests"/>
  <testcase name="Invalid_Account_ID" time="1.268" classname="finicity.FinicityTests"/>
  <testcase name="Invalid_dob_MM_YYYY_DD" time="1.190" classname="finicity.FinicityTests"/>
  <testcase name="Invalid_dob_both_add_lines_null_city_state_zip_code_less_than_5_ssn_less_than_9" time="1.137" classname="finicity.FinicityTests"/>
  <testcase name="Username_less_than_6_characters" time="1.224" classname="finicity.FinicityTests"/>
  <testcase name="Zip_code_less_than_5_digits" time="1.212" classname="finicity.FinicityTests"/>
  <testcase name="Invalid_email_address3" time="1.179" classname="finicity.FinicityTests"/>
  <testcase name="Invalid_email_address2" time="1.181" classname="finicity.FinicityTests"/>
  <testcase name="Invalid_email_address5" time="1.201" classname="finicity.FinicityTests"/>
  <testcase name="Invalid_dob_DD_MM_YYYY" time="1.198" classname="finicity.FinicityTests"/>
  <testcase name="Invalid_cust_id_ac_id" time="1.201" classname="finicity.FinicityTests"/>
  <testcase name="Invalid_email_address1" time="1.163" classname="finicity.FinicityTests"/>
  <testcase name="Invalid_Customer_ID" time="1.201" classname="finicity.FinicityTests"/>
  <testcase name="Invalid_dob_DD_MM_YY" time="1.137" classname="finicity.FinicityTests"/>
  <testcase name="downloadReport" time="0.000" classname="finicity.FinicityTests">
    <error type="org.testng.TestNGException" message="
Cannot inject @Test annotated Method [downloadReport] with [class java.lang.String].
For more information on native dependency injection please refer to http://testng.org/doc/documentation-main.html#native-dependency-injection">
      <![CDATA[org.testng.TestNGException: 
Cannot inject @Test annotated Method [downloadReport] with [class java.lang.String].
For more information on native dependency injection please refer to http://testng.org/doc/documentation-main.html#native-dependency-injection
at org.testng.internal.Parameters.checkParameterTypes(Parameters.java:407)
at org.testng.internal.Parameters.createParametersForMethod(Parameters.java:356)
at org.testng.internal.Parameters.createParameters(Parameters.java:635)
at org.testng.internal.Parameters.handleParameters(Parameters.java:769)
at org.testng.internal.ParameterHandler.handleParameters(ParameterHandler.java:49)
at org.testng.internal.ParameterHandler.createParameters(ParameterHandler.java:37)
at org.testng.internal.Invoker.invokeTestMethods(Invoker.java:923)
at org.testng.internal.TestMethodWorker.invokeTestMethods(TestMethodWorker.java:125)
at org.testng.internal.TestMethodWorker.run(TestMethodWorker.java:109)
at org.testng.TestRunner.privateRun(TestRunner.java:648)
at org.testng.TestRunner.run(TestRunner.java:505)
at org.testng.SuiteRunner.runTest(SuiteRunner.java:455)
at org.testng.SuiteRunner.runSequentially(SuiteRunner.java:450)
at org.testng.SuiteRunner.privateRun(SuiteRunner.java:415)
at org.testng.SuiteRunner.run(SuiteRunner.java:364)
at org.testng.SuiteRunnerWorker.runSuite(SuiteRunnerWorker.java:52)
at org.testng.SuiteRunnerWorker.run(SuiteRunnerWorker.java:84)
at org.testng.TestNG.runSuitesSequentially(TestNG.java:1208)
at org.testng.TestNG.runSuitesLocally(TestNG.java:1137)
at org.testng.TestNG.runSuites(TestNG.java:1049)
at org.testng.TestNG.run(TestNG.java:1017)
at org.apache.maven.surefire.testng.TestNGExecutor.run(TestNGExecutor.java:283)
at org.apache.maven.surefire.testng.TestNGXmlTestSuite.execute(TestNGXmlTestSuite.java:75)
at org.apache.maven.surefire.testng.TestNGProvider.invoke(TestNGProvider.java:120)
at org.apache.maven.surefire.booter.ForkedBooter.invokeProviderInSameClassLoader(ForkedBooter.java:384)
at org.apache.maven.surefire.booter.ForkedBooter.runSuitesInProcess(ForkedBooter.java:345)
at org.apache.maven.surefire.booter.ForkedBooter.execute(ForkedBooter.java:126)
at org.apache.maven.surefire.booter.ForkedBooter.main(ForkedBooter.java:418)
]]>
    </error>
  </testcase> <!-- downloadReport -->
</testsuite> <!-- finicity.FinicityTests -->
